        -:    0:Source:/mnt/d/Уник/4 сем/Фунды/number 3/include/functions.h
        -:    0:Graph:/mnt/d/Уник/4 сем/Фунды/number 3/cmake-build-debug-coverage/CMakeFiles/tests.dir/tests/tests.cpp.gcno
        -:    0:Data:/mnt/d/Уник/4 сем/Фунды/number 3/cmake-build-debug-coverage/CMakeFiles/tests.dir/tests/tests.cpp.gcda
        -:    0:Runs:1
        -:    1:#pragma once
        -:    2:
        -:    3:#include "list.h"
        -:    4:
        -:    5:namespace my_container {
        -:    6:
        -:    7:    template <typename T>
        -:    8:    class Deque : public List<T> {
        -:    9:    public:
        -:   10:        Deque();
        -:   11:        explicit Deque(const std::initializer_list<T> &init);
        -:   12:        Deque(const Deque<T> &other);
        -:   13:        Deque(Deque<T> &&other) noexcept;
        -:   14:
        -:   15:        Deque<T> &operator=(const Deque<T> &other);
        -:   16:        Deque<T> &operator=(Deque<T> &&other) noexcept;
        -:   17:        T &at(size_t pos);
        -:   18:        T &operator[](size_t pos);
        -:   19:    };
        -:   20:
        -:   21:    template <typename T>
function _ZN12my_container5DequeIiEaSEOS1_ called 1 returned 100% blocks executed 100%
        1:   22:    Deque<T> &Deque<T>::operator=(Deque<T> &&other) noexcept {
        1:   23:        if (this != &other) {
        1:   23-block  0
branch  0 taken 1 (fallthrough)
branch  1 taken 0
        1:   24:            List<T>::operator=(std::move(other));
        1:   24-block  0
call    0 returned 1
call    1 returned 1
        -:   25:        }
        1:   26:        return *this;
        1:   26-block  0
        -:   27:    }
        -:   28:
        -:   29:    template <typename T>
function _ZN12my_container5DequeIiEaSERKS1_ called 1 returned 100% blocks executed 100%
        1:   30:    Deque<T> &Deque<T>::operator=(const Deque<T> &other) {
        1:   31:        if (this != &other) {
        1:   31-block  0
branch  0 taken 1 (fallthrough)
branch  1 taken 0
        1:   32:            List<T>::operator=(other);
        1:   32-block  0
call    0 returned 1
        -:   33:        }
        1:   34:        return *this;
        1:   34-block  0
        -:   35:    }
        -:   36:
        -:   37:    template <typename T>
function _ZN12my_container5DequeIiEC2EOS1_ called 1 returned 100% blocks executed 100%
        1:   38:    Deque<T>::Deque(Deque<T> &&other) noexcept : List<T>(std::move(other)) {}
        1:   38-block  0
call    0 returned 1
call    1 returned 1
        -:   39:
        -:   40:    template <typename T>
function _ZN12my_container5DequeIiEC2ERKS1_ called 1 returned 100% blocks executed 100%
        1:   41:    Deque<T>::Deque(const Deque<T> &other) : List<T>(other) {}
        1:   41-block  0
call    0 returned 1
        -:   42:
        -:   43:    template <typename T>
       34:   44:    Deque<T>::Deque(const std::initializer_list<T> &init) : List<T>(init) {}
------------------
_ZN12my_container5DequeINSt7__cxx1112basic_stringIcSt11char_traitsIcESaIcEEEEC2ERKSt16initializer_listIS6_E:
function _ZN12my_container5DequeINSt7__cxx1112basic_stringIcSt11char_traitsIcESaIcEEEEC2ERKSt16initializer_listIS6_E called 15 returned 100% blocks executed 100%
       15:   44:    Deque<T>::Deque(const std::initializer_list<T> &init) : List<T>(init) {}
       15:   44-block  0
call    0 returned 15
------------------
_ZN12my_container5DequeIiEC2ERKSt16initializer_listIiE:
function _ZN12my_container5DequeIiEC2ERKSt16initializer_listIiE called 19 returned 100% blocks executed 100%
       19:   44:    Deque<T>::Deque(const std::initializer_list<T> &init) : List<T>(init) {}
       19:   44-block  0
call    0 returned 19
------------------
        -:   45:
        -:   46:    template <typename T>
function _ZN12my_container5DequeIiEC2Ev called 17 returned 100% blocks executed 100%
       17:   47:    Deque<T>::Deque() : List<T>() {}
       17:   47-block  0
call    0 returned 17
        -:   48:
        -:   49:    template <typename T>
function _ZN12my_container5DequeIiEixEm called 9 returned 100% blocks executed 100%
        9:   50:    T &Deque<T>::operator[](size_t pos) {
        9:   51:        auto iter = this->begin();
        9:   51-block  0
call    0 returned 9
       28:   52:        for (size_t i = 0; i < pos; ++i) {
       28:   52-block  0
branch  0 taken 19
branch  1 taken 9 (fallthrough)
       19:   53:            ++iter;
       19:   53-block  0
call    0 returned 19
        -:   54:        }
        9:   55:        return *iter;
        9:   55-block  0
call    0 returned 9
        -:   56:    }
        -:   57:
        -:   58:    template <typename T>
function _ZN12my_container5DequeIiE2atEm called 2 returned 50% blocks executed 90%
        2:   59:    T &Deque<T>::at(size_t pos) {
        2:   60:        if (pos >= this->size()) {
        2:   60-block  0
call    0 returned 2
branch  1 taken 1 (fallthrough)
branch  2 taken 1
        1:   61:            throw std::out_of_range("At");
        1:   61-block  0
call    0 returned 1
call    1 returned 1
branch  2 taken 1 (fallthrough)
branch  3 taken 0 (throw)
        1:   61-block  1
call    4 returned 0
    $$$$$:   61-block  2
call    5 never executed
        -:   62:        }
        1:   63:        return (*this)[pos];
        1:   63-block  0
call    0 returned 1
        1:   63-block  1
        -:   64:    }
        -:   65:
        -:   66:}
