        -:    0:Source:/mnt/d/Уник/4 сем/Фунды/number 3/tests/tests.cpp
        -:    0:Graph:/mnt/d/Уник/4 сем/Фунды/number 3/cmake-build-debug-coverage/CMakeFiles/tests.dir/tests/tests.cpp.gcno
        -:    0:Data:/mnt/d/Уник/4 сем/Фунды/number 3/cmake-build-debug-coverage/CMakeFiles/tests.dir/tests/tests.cpp.gcda
        -:    0:Runs:1
        -:    1:#include <gtest/gtest.h>
        -:    2:
        -:    3:#include "../include/functions.h"
        -:    4:
        -:    5:namespace my_container {
        -:    6:    class DequeTest : public ::testing::Test {
        -:    7:    protected:
        -:    8:        Deque<int> empty_deque;
        -:    9:        Deque<int> int_deque{1, 2, 3, 4, 5};
        -:   10:        Deque<std::string> str_deque{"a", "bb", "ccc"};
        -:   11:    };
        -:   12:
        4:   13:    TEST_F(DequeTest, DefaultConstructor) {
       1*:   14:        EXPECT_TRUE(empty_deque.empty());
       1*:   15:        EXPECT_EQ(empty_deque.size(), 0);
        1:   16:    }
------------------
_ZN12my_container33DequeTest_DefaultConstructor_TestC2Ev:
function _ZN12my_container33DequeTest_DefaultConstructor_TestC2Ev called 1 returned 100% blocks executed 100%
        1:   13:    TEST_F(DequeTest, DefaultConstructor) {
        1:   13-block  0
call    0 returned 1
------------------
_ZN12my_container33DequeTest_DefaultConstructor_TestD0Ev:
function _ZN12my_container33DequeTest_DefaultConstructor_TestD0Ev called 1 returned 100% blocks executed 100%
        1:   13:    TEST_F(DequeTest, DefaultConstructor) {
        1:   13-block  0
call    0 returned 1
call    1 returned 1
------------------
_ZN12my_container33DequeTest_DefaultConstructor_TestD2Ev:
function _ZN12my_container33DequeTest_DefaultConstructor_TestD2Ev called 1 returned 100% blocks executed 100%
        1:   13:    TEST_F(DequeTest, DefaultConstructor) {
        1:   13-block  0
call    0 returned 1
------------------
_ZN12my_container33DequeTest_DefaultConstructor_Test8TestBodyEv:
function _ZN12my_container33DequeTest_DefaultConstructor_Test8TestBodyEv called 1 returned 100% blocks executed 24%
        1:   13:    TEST_F(DequeTest, DefaultConstructor) {
       1*:   14:        EXPECT_TRUE(empty_deque.empty());
        1:   14-block  0
call    0 returned 1
call    1 returned 1
call    2 returned 1
branch  3 taken 0 (fallthrough)
branch  4 taken 1
    %%%%%:   14-block  1
call    5 never executed
branch  6 never executed (fallthrough)
branch  7 never executed (throw)
    %%%%%:   14-block  2
call    8 never executed
branch  9 never executed (fallthrough)
branch 10 never executed (throw)
    %%%%%:   14-block  3
call   11 never executed
call   12 never executed
branch 13 never executed (fallthrough)
branch 14 never executed (throw)
    %%%%%:   14-block  4
call   15 never executed
branch 16 never executed (fallthrough)
branch 17 never executed (throw)
    %%%%%:   14-block  5
call   18 never executed
call   19 never executed
call   20 never executed
        1:   14-block  6
call   21 returned 1
    $$$$$:   14-block  7
call   22 never executed
    $$$$$:   14-block  8
call   23 never executed
    $$$$$:   14-block  9
    $$$$$:   14-block 10
    $$$$$:   14-block 11
call   24 never executed
    $$$$$:   14-block 12
    $$$$$:   14-block 13
call   25 never executed
       1*:   15:        EXPECT_EQ(empty_deque.size(), 0);
call    0 returned 1
call    1 returned 1
branch  2 taken 1 (fallthrough)
branch  3 taken 0 (throw)
        1:   15-block  0
call    4 returned 1
branch  5 taken 0 (fallthrough)
branch  6 taken 1
    %%%%%:   15-block  1
call    7 never executed
branch  8 never executed (fallthrough)
branch  9 never executed (throw)
    %%%%%:   15-block  2
call   10 never executed
call   11 never executed
branch 12 never executed (fallthrough)
branch 13 never executed (throw)
    %%%%%:   15-block  3
call   14 never executed
branch 15 never executed (fallthrough)
branch 16 never executed (throw)
    %%%%%:   15-block  4
call   17 never executed
call   18 never executed
        1:   15-block  5
call   19 returned 1
    $$$$$:   15-block  6
    $$$$$:   15-block  7
    $$$$$:   15-block  8
call   20 never executed
    $$$$$:   15-block  9
    $$$$$:   15-block 10
call   21 never executed
    $$$$$:   15-block 11
    $$$$$:   15-block 12
call   22 never executed
        1:   16:    }
------------------
        -:   17:
        4:   18:    TEST_F(DequeTest, InitializerListConstructor) {
        1:   19:        Deque<int> d{10, 20, 30};
       1*:   20:        EXPECT_EQ(d.size(), 3);
       1*:   21:        EXPECT_EQ(d[0], 10);
       1*:   22:        EXPECT_EQ(d[2], 30);
        1:   23:    }
------------------
_ZN12my_container41DequeTest_InitializerListConstructor_TestC2Ev:
function _ZN12my_container41DequeTest_InitializerListConstructor_TestC2Ev called 1 returned 100% blocks executed 100%
        1:   18:    TEST_F(DequeTest, InitializerListConstructor) {
        1:   18-block  0
call    0 returned 1
------------------
_ZN12my_container41DequeTest_InitializerListConstructor_TestD0Ev:
function _ZN12my_container41DequeTest_InitializerListConstructor_TestD0Ev called 1 returned 100% blocks executed 100%
        1:   18:    TEST_F(DequeTest, InitializerListConstructor) {
        1:   18-block  0
call    0 returned 1
call    1 returned 1
------------------
_ZN12my_container41DequeTest_InitializerListConstructor_TestD2Ev:
function _ZN12my_container41DequeTest_InitializerListConstructor_TestD2Ev called 1 returned 100% blocks executed 100%
        1:   18:    TEST_F(DequeTest, InitializerListConstructor) {
        1:   18-block  0
call    0 returned 1
------------------
_ZN12my_container41DequeTest_InitializerListConstructor_Test8TestBodyEv:
function _ZN12my_container41DequeTest_InitializerListConstructor_Test8TestBodyEv called 1 returned 100% blocks executed 25%
        1:   18:    TEST_F(DequeTest, InitializerListConstructor) {
        1:   19:        Deque<int> d{10, 20, 30};
        1:   19-block  0
call    0 returned 1
branch  1 taken 1 (fallthrough)
branch  2 taken 0 (throw)
    $$$$$:   19-block  1
    $$$$$:   19-block  2
       1*:   20:        EXPECT_EQ(d.size(), 3);
        1:   20-block  0
call    0 returned 1
call    1 returned 1
branch  2 taken 1 (fallthrough)
branch  3 taken 0 (throw)
        1:   20-block  1
call    4 returned 1
branch  5 taken 0 (fallthrough)
branch  6 taken 1
    %%%%%:   20-block  2
call    7 never executed
branch  8 never executed (fallthrough)
branch  9 never executed (throw)
    %%%%%:   20-block  3
call   10 never executed
call   11 never executed
branch 12 never executed (fallthrough)
branch 13 never executed (throw)
    %%%%%:   20-block  4
call   14 never executed
branch 15 never executed (fallthrough)
branch 16 never executed (throw)
    %%%%%:   20-block  5
call   17 never executed
call   18 never executed
        1:   20-block  6
call   19 returned 1
    $$$$$:   20-block  7
    $$$$$:   20-block  8
    $$$$$:   20-block  9
call   20 never executed
    $$$$$:   20-block 10
    $$$$$:   20-block 11
call   21 never executed
    $$$$$:   20-block 12
    $$$$$:   20-block 13
call   22 never executed
       1*:   21:        EXPECT_EQ(d[0], 10);
call    0 returned 1
branch  1 taken 1 (fallthrough)
branch  2 taken 0 (throw)
        1:   21-block  0
call    3 returned 1
branch  4 taken 1 (fallthrough)
branch  5 taken 0 (throw)
        1:   21-block  1
call    6 returned 1
branch  7 taken 0 (fallthrough)
branch  8 taken 1
    %%%%%:   21-block  2
call    9 never executed
branch 10 never executed (fallthrough)
branch 11 never executed (throw)
    %%%%%:   21-block  3
call   12 never executed
call   13 never executed
branch 14 never executed (fallthrough)
branch 15 never executed (throw)
    %%%%%:   21-block  4
call   16 never executed
branch 17 never executed (fallthrough)
branch 18 never executed (throw)
    %%%%%:   21-block  5
call   19 never executed
call   20 never executed
        1:   21-block  6
call   21 returned 1
    $$$$$:   21-block  7
    $$$$$:   21-block  8
call   22 never executed
    $$$$$:   21-block  9
    $$$$$:   21-block 10
call   23 never executed
    $$$$$:   21-block 11
    $$$$$:   21-block 12
call   24 never executed
       1*:   22:        EXPECT_EQ(d[2], 30);
call    0 returned 1
branch  1 taken 1 (fallthrough)
branch  2 taken 0 (throw)
        1:   22-block  0
call    3 returned 1
branch  4 taken 1 (fallthrough)
branch  5 taken 0 (throw)
        1:   22-block  1
call    6 returned 1
branch  7 taken 0 (fallthrough)
branch  8 taken 1
    %%%%%:   22-block  2
call    9 never executed
branch 10 never executed (fallthrough)
branch 11 never executed (throw)
    %%%%%:   22-block  3
call   12 never executed
call   13 never executed
branch 14 never executed (fallthrough)
branch 15 never executed (throw)
    %%%%%:   22-block  4
call   16 never executed
branch 17 never executed (fallthrough)
branch 18 never executed (throw)
    %%%%%:   22-block  5
call   19 never executed
call   20 never executed
        1:   22-block  6
call   21 returned 1
    $$$$$:   22-block  7
    $$$$$:   22-block  8
call   22 never executed
    $$$$$:   22-block  9
    $$$$$:   22-block 10
call   23 never executed
    $$$$$:   22-block 11
    $$$$$:   22-block 12
call   24 never executed
        1:   23:    }
call    0 returned 1
    $$$$$:   23-block  0
call    1 never executed
------------------
        -:   24:
        4:   25:    TEST_F(DequeTest, CopyConstructor) {
        1:   26:        Deque<int> copy(int_deque);
       1*:   27:        EXPECT_EQ(copy.size(), 5);
       1*:   28:        EXPECT_EQ(copy[4], 5);
        1:   29:    }
------------------
_ZN12my_container30DequeTest_CopyConstructor_TestC2Ev:
function _ZN12my_container30DequeTest_CopyConstructor_TestC2Ev called 1 returned 100% blocks executed 100%
        1:   25:    TEST_F(DequeTest, CopyConstructor) {
        1:   25-block  0
call    0 returned 1
------------------
_ZN12my_container30DequeTest_CopyConstructor_TestD0Ev:
function _ZN12my_container30DequeTest_CopyConstructor_TestD0Ev called 1 returned 100% blocks executed 100%
        1:   25:    TEST_F(DequeTest, CopyConstructor) {
        1:   25-block  0
call    0 returned 1
call    1 returned 1
------------------
_ZN12my_container30DequeTest_CopyConstructor_TestD2Ev:
function _ZN12my_container30DequeTest_CopyConstructor_TestD2Ev called 1 returned 100% blocks executed 100%
        1:   25:    TEST_F(DequeTest, CopyConstructor) {
        1:   25-block  0
call    0 returned 1
------------------
_ZN12my_container30DequeTest_CopyConstructor_Test8TestBodyEv:
function _ZN12my_container30DequeTest_CopyConstructor_Test8TestBodyEv called 1 returned 100% blocks executed 27%
        1:   25:    TEST_F(DequeTest, CopyConstructor) {
        1:   26:        Deque<int> copy(int_deque);
        1:   26-block  0
call    0 returned 1
branch  1 taken 1 (fallthrough)
branch  2 taken 0 (throw)
       1*:   27:        EXPECT_EQ(copy.size(), 5);
        1:   27-block  0
call    0 returned 1
call    1 returned 1
branch  2 taken 1 (fallthrough)
branch  3 taken 0 (throw)
        1:   27-block  1
call    4 returned 1
branch  5 taken 0 (fallthrough)
branch  6 taken 1
    %%%%%:   27-block  2
call    7 never executed
branch  8 never executed (fallthrough)
branch  9 never executed (throw)
    %%%%%:   27-block  3
call   10 never executed
call   11 never executed
branch 12 never executed (fallthrough)
branch 13 never executed (throw)
    %%%%%:   27-block  4
call   14 never executed
branch 15 never executed (fallthrough)
branch 16 never executed (throw)
    %%%%%:   27-block  5
call   17 never executed
call   18 never executed
        1:   27-block  6
call   19 returned 1
    $$$$$:   27-block  7
    $$$$$:   27-block  8
    $$$$$:   27-block  9
call   20 never executed
    $$$$$:   27-block 10
    $$$$$:   27-block 11
call   21 never executed
    $$$$$:   27-block 12
    $$$$$:   27-block 13
call   22 never executed
       1*:   28:        EXPECT_EQ(copy[4], 5);
call    0 returned 1
branch  1 taken 1 (fallthrough)
branch  2 taken 0 (throw)
        1:   28-block  0
call    3 returned 1
branch  4 taken 1 (fallthrough)
branch  5 taken 0 (throw)
        1:   28-block  1
call    6 returned 1
branch  7 taken 0 (fallthrough)
branch  8 taken 1
    %%%%%:   28-block  2
call    9 never executed
branch 10 never executed (fallthrough)
branch 11 never executed (throw)
    %%%%%:   28-block  3
call   12 never executed
call   13 never executed
branch 14 never executed (fallthrough)
branch 15 never executed (throw)
    %%%%%:   28-block  4
call   16 never executed
branch 17 never executed (fallthrough)
branch 18 never executed (throw)
    %%%%%:   28-block  5
call   19 never executed
call   20 never executed
        1:   28-block  6
call   21 returned 1
    $$$$$:   28-block  7
    $$$$$:   28-block  8
call   22 never executed
    $$$$$:   28-block  9
    $$$$$:   28-block 10
call   23 never executed
    $$$$$:   28-block 11
    $$$$$:   28-block 12
call   24 never executed
        1:   29:    }
call    0 returned 1
    $$$$$:   29-block  0
call    1 never executed
------------------
        -:   30:
        4:   31:    TEST_F(DequeTest, MoveConstructor) {
        1:   32:        Deque<int> moved(std::move(int_deque));
       1*:   33:        EXPECT_EQ(moved.size(), 5);
       1*:   34:        EXPECT_TRUE(int_deque.empty());
        1:   35:    }
------------------
_ZN12my_container30DequeTest_MoveConstructor_TestC2Ev:
function _ZN12my_container30DequeTest_MoveConstructor_TestC2Ev called 1 returned 100% blocks executed 100%
        1:   31:    TEST_F(DequeTest, MoveConstructor) {
        1:   31-block  0
call    0 returned 1
------------------
_ZN12my_container30DequeTest_MoveConstructor_TestD0Ev:
function _ZN12my_container30DequeTest_MoveConstructor_TestD0Ev called 1 returned 100% blocks executed 100%
        1:   31:    TEST_F(DequeTest, MoveConstructor) {
        1:   31-block  0
call    0 returned 1
call    1 returned 1
------------------
_ZN12my_container30DequeTest_MoveConstructor_TestD2Ev:
function _ZN12my_container30DequeTest_MoveConstructor_TestD2Ev called 1 returned 100% blocks executed 100%
        1:   31:    TEST_F(DequeTest, MoveConstructor) {
        1:   31-block  0
call    0 returned 1
------------------
_ZN12my_container30DequeTest_MoveConstructor_Test8TestBodyEv:
function _ZN12my_container30DequeTest_MoveConstructor_Test8TestBodyEv called 1 returned 100% blocks executed 27%
        1:   31:    TEST_F(DequeTest, MoveConstructor) {
        1:   32:        Deque<int> moved(std::move(int_deque));
        1:   32-block  0
call    0 returned 1
call    1 returned 1
       1*:   33:        EXPECT_EQ(moved.size(), 5);
call    0 returned 1
call    1 returned 1
branch  2 taken 1 (fallthrough)
branch  3 taken 0 (throw)
        1:   33-block  0
call    4 returned 1
branch  5 taken 0 (fallthrough)
branch  6 taken 1
    %%%%%:   33-block  1
call    7 never executed
branch  8 never executed (fallthrough)
branch  9 never executed (throw)
    %%%%%:   33-block  2
call   10 never executed
call   11 never executed
branch 12 never executed (fallthrough)
branch 13 never executed (throw)
    %%%%%:   33-block  3
call   14 never executed
branch 15 never executed (fallthrough)
branch 16 never executed (throw)
    %%%%%:   33-block  4
call   17 never executed
call   18 never executed
        1:   33-block  5
call   19 returned 1
    $$$$$:   33-block  6
    $$$$$:   33-block  7
    $$$$$:   33-block  8
call   20 never executed
    $$$$$:   33-block  9
    $$$$$:   33-block 10
call   21 never executed
    $$$$$:   33-block 11
    $$$$$:   33-block 12
call   22 never executed
       1*:   34:        EXPECT_TRUE(int_deque.empty());
call    0 returned 1
call    1 returned 1
call    2 returned 1
branch  3 taken 0 (fallthrough)
branch  4 taken 1
    %%%%%:   34-block  0
call    5 never executed
branch  6 never executed (fallthrough)
branch  7 never executed (throw)
    %%%%%:   34-block  1
call    8 never executed
branch  9 never executed (fallthrough)
branch 10 never executed (throw)
    %%%%%:   34-block  2
call   11 never executed
call   12 never executed
branch 13 never executed (fallthrough)
branch 14 never executed (throw)
    %%%%%:   34-block  3
call   15 never executed
branch 16 never executed (fallthrough)
branch 17 never executed (throw)
    %%%%%:   34-block  4
call   18 never executed
call   19 never executed
call   20 never executed
        1:   34-block  5
call   21 returned 1
    $$$$$:   34-block  6
call   22 never executed
    $$$$$:   34-block  7
call   23 never executed
    $$$$$:   34-block  8
    $$$$$:   34-block  9
    $$$$$:   34-block 10
call   24 never executed
    $$$$$:   34-block 11
    $$$$$:   34-block 12
call   25 never executed
        1:   35:    }
call    0 returned 1
    $$$$$:   35-block  0
call    1 never executed
------------------
        -:   36:
        4:   37:    TEST_F(DequeTest, CopyAssignment) {
        1:   38:        Deque<int> copy;
        1:   39:        copy = int_deque;
       1*:   40:        EXPECT_EQ(copy.back(), 5);
        1:   41:    }
------------------
_ZN12my_container29DequeTest_CopyAssignment_TestC2Ev:
function _ZN12my_container29DequeTest_CopyAssignment_TestC2Ev called 1 returned 100% blocks executed 100%
        1:   37:    TEST_F(DequeTest, CopyAssignment) {
        1:   37-block  0
call    0 returned 1
------------------
_ZN12my_container29DequeTest_CopyAssignment_TestD0Ev:
function _ZN12my_container29DequeTest_CopyAssignment_TestD0Ev called 1 returned 100% blocks executed 100%
        1:   37:    TEST_F(DequeTest, CopyAssignment) {
        1:   37-block  0
call    0 returned 1
call    1 returned 1
------------------
_ZN12my_container29DequeTest_CopyAssignment_TestD2Ev:
function _ZN12my_container29DequeTest_CopyAssignment_TestD2Ev called 1 returned 100% blocks executed 100%
        1:   37:    TEST_F(DequeTest, CopyAssignment) {
        1:   37-block  0
call    0 returned 1
------------------
_ZN12my_container29DequeTest_CopyAssignment_Test8TestBodyEv:
function _ZN12my_container29DequeTest_CopyAssignment_Test8TestBodyEv called 1 returned 100% blocks executed 34%
        1:   37:    TEST_F(DequeTest, CopyAssignment) {
        1:   38:        Deque<int> copy;
        1:   38-block  0
call    0 returned 1
branch  1 taken 1 (fallthrough)
branch  2 taken 0 (throw)
        1:   39:        copy = int_deque;
        1:   39-block  0
call    0 returned 1
branch  1 taken 1 (fallthrough)
branch  2 taken 0 (throw)
       1*:   40:        EXPECT_EQ(copy.back(), 5);
        1:   40-block  0
call    0 returned 1
branch  1 taken 1 (fallthrough)
branch  2 taken 0 (throw)
        1:   40-block  1
call    3 returned 1
branch  4 taken 1 (fallthrough)
branch  5 taken 0 (throw)
        1:   40-block  2
call    6 returned 1
branch  7 taken 0 (fallthrough)
branch  8 taken 1
    %%%%%:   40-block  3
call    9 never executed
branch 10 never executed (fallthrough)
branch 11 never executed (throw)
    %%%%%:   40-block  4
call   12 never executed
call   13 never executed
branch 14 never executed (fallthrough)
branch 15 never executed (throw)
    %%%%%:   40-block  5
call   16 never executed
branch 17 never executed (fallthrough)
branch 18 never executed (throw)
    %%%%%:   40-block  6
call   19 never executed
call   20 never executed
        1:   40-block  7
call   21 returned 1
    $$$$$:   40-block  8
    $$$$$:   40-block  9
call   22 never executed
    $$$$$:   40-block 10
    $$$$$:   40-block 11
call   23 never executed
    $$$$$:   40-block 12
    $$$$$:   40-block 13
call   24 never executed
        1:   41:    }
call    0 returned 1
    $$$$$:   41-block  0
call    1 never executed
------------------
        -:   42:
        4:   43:    TEST_F(DequeTest, MoveAssignment) {
        1:   44:        Deque<int> moved;
        1:   45:        moved = std::move(int_deque);
       1*:   46:        EXPECT_EQ(moved.front(), 1);
       1*:   47:        EXPECT_TRUE(int_deque.empty());
        1:   48:    }
------------------
_ZN12my_container29DequeTest_MoveAssignment_TestC2Ev:
function _ZN12my_container29DequeTest_MoveAssignment_TestC2Ev called 1 returned 100% blocks executed 100%
        1:   43:    TEST_F(DequeTest, MoveAssignment) {
        1:   43-block  0
call    0 returned 1
------------------
_ZN12my_container29DequeTest_MoveAssignment_TestD0Ev:
function _ZN12my_container29DequeTest_MoveAssignment_TestD0Ev called 1 returned 100% blocks executed 100%
        1:   43:    TEST_F(DequeTest, MoveAssignment) {
        1:   43-block  0
call    0 returned 1
call    1 returned 1
------------------
_ZN12my_container29DequeTest_MoveAssignment_TestD2Ev:
function _ZN12my_container29DequeTest_MoveAssignment_TestD2Ev called 1 returned 100% blocks executed 100%
        1:   43:    TEST_F(DequeTest, MoveAssignment) {
        1:   43-block  0
call    0 returned 1
------------------
_ZN12my_container29DequeTest_MoveAssignment_Test8TestBodyEv:
function _ZN12my_container29DequeTest_MoveAssignment_Test8TestBodyEv called 1 returned 100% blocks executed 29%
        1:   43:    TEST_F(DequeTest, MoveAssignment) {
        1:   44:        Deque<int> moved;
        1:   44-block  0
call    0 returned 1
branch  1 taken 1 (fallthrough)
branch  2 taken 0 (throw)
        1:   45:        moved = std::move(int_deque);
        1:   45-block  0
call    0 returned 1
call    1 returned 1
       1*:   46:        EXPECT_EQ(moved.front(), 1);
call    0 returned 1
branch  1 taken 1 (fallthrough)
branch  2 taken 0 (throw)
        1:   46-block  0
call    3 returned 1
branch  4 taken 1 (fallthrough)
branch  5 taken 0 (throw)
        1:   46-block  1
call    6 returned 1
branch  7 taken 0 (fallthrough)
branch  8 taken 1
    %%%%%:   46-block  2
call    9 never executed
branch 10 never executed (fallthrough)
branch 11 never executed (throw)
    %%%%%:   46-block  3
call   12 never executed
call   13 never executed
branch 14 never executed (fallthrough)
branch 15 never executed (throw)
    %%%%%:   46-block  4
call   16 never executed
branch 17 never executed (fallthrough)
branch 18 never executed (throw)
    %%%%%:   46-block  5
call   19 never executed
call   20 never executed
        1:   46-block  6
call   21 returned 1
    $$$$$:   46-block  7
    $$$$$:   46-block  8
call   22 never executed
    $$$$$:   46-block  9
    $$$$$:   46-block 10
call   23 never executed
    $$$$$:   46-block 11
    $$$$$:   46-block 12
call   24 never executed
       1*:   47:        EXPECT_TRUE(int_deque.empty());
call    0 returned 1
call    1 returned 1
call    2 returned 1
branch  3 taken 0 (fallthrough)
branch  4 taken 1
    %%%%%:   47-block  0
call    5 never executed
branch  6 never executed (fallthrough)
branch  7 never executed (throw)
    %%%%%:   47-block  1
call    8 never executed
branch  9 never executed (fallthrough)
branch 10 never executed (throw)
    %%%%%:   47-block  2
call   11 never executed
call   12 never executed
branch 13 never executed (fallthrough)
branch 14 never executed (throw)
    %%%%%:   47-block  3
call   15 never executed
branch 16 never executed (fallthrough)
branch 17 never executed (throw)
    %%%%%:   47-block  4
call   18 never executed
call   19 never executed
call   20 never executed
        1:   47-block  5
call   21 returned 1
    $$$$$:   47-block  6
call   22 never executed
    $$$$$:   47-block  7
call   23 never executed
    $$$$$:   47-block  8
    $$$$$:   47-block  9
    $$$$$:   47-block 10
call   24 never executed
    $$$$$:   47-block 11
    $$$$$:   47-block 12
call   25 never executed
        1:   48:    }
call    0 returned 1
    $$$$$:   48-block  0
call    1 never executed
------------------
        -:   49:
        4:   50:    TEST_F(DequeTest, AtMethod) {
       1*:   51:        EXPECT_EQ(int_deque.at(2), 3);
       1*:   52:        EXPECT_THROW(empty_deque.at(0), std::out_of_range);
        1:   53:    }
------------------
_ZN12my_container23DequeTest_AtMethod_TestC2Ev:
function _ZN12my_container23DequeTest_AtMethod_TestC2Ev called 1 returned 100% blocks executed 100%
        1:   50:    TEST_F(DequeTest, AtMethod) {
        1:   50-block  0
call    0 returned 1
------------------
_ZN12my_container23DequeTest_AtMethod_TestD0Ev:
function _ZN12my_container23DequeTest_AtMethod_TestD0Ev called 1 returned 100% blocks executed 100%
        1:   50:    TEST_F(DequeTest, AtMethod) {
        1:   50-block  0
call    0 returned 1
call    1 returned 1
------------------
_ZN12my_container23DequeTest_AtMethod_TestD2Ev:
function _ZN12my_container23DequeTest_AtMethod_TestD2Ev called 1 returned 100% blocks executed 100%
        1:   50:    TEST_F(DequeTest, AtMethod) {
        1:   50-block  0
call    0 returned 1
------------------
_ZN12my_container23DequeTest_AtMethod_Test8TestBodyEv:
function _ZN12my_container23DequeTest_AtMethod_Test8TestBodyEv called 1 returned 100% blocks executed 24%
        1:   50:    TEST_F(DequeTest, AtMethod) {
       1*:   51:        EXPECT_EQ(int_deque.at(2), 3);
        1:   51-block  0
call    0 returned 1
branch  1 taken 1 (fallthrough)
branch  2 taken 0 (throw)
        1:   51-block  1
call    3 returned 1
branch  4 taken 1 (fallthrough)
branch  5 taken 0 (throw)
        1:   51-block  2
call    6 returned 1
branch  7 taken 0 (fallthrough)
branch  8 taken 1
    %%%%%:   51-block  3
call    9 never executed
branch 10 never executed (fallthrough)
branch 11 never executed (throw)
    %%%%%:   51-block  4
call   12 never executed
call   13 never executed
branch 14 never executed (fallthrough)
branch 15 never executed (throw)
    %%%%%:   51-block  5
call   16 never executed
branch 17 never executed (fallthrough)
branch 18 never executed (throw)
    %%%%%:   51-block  6
call   19 never executed
call   20 never executed
        1:   51-block  7
call   21 returned 1
    $$$$$:   51-block  8
    $$$$$:   51-block  9
call   22 never executed
    $$$$$:   51-block 10
    $$$$$:   51-block 11
call   23 never executed
    $$$$$:   51-block 12
    $$$$$:   51-block 13
call   24 never executed
       1*:   52:        EXPECT_THROW(empty_deque.at(0), std::out_of_range);
call    0 returned 1
call    1 returned 1
branch  2 taken 1 (fallthrough)
branch  3 taken 0
        1:   52-block  0
call    4 returned 1
branch  5 taken 1 (fallthrough)
branch  6 taken 0 (throw)
        1:   52-block  1
branch  7 taken 1 (fallthrough)
branch  8 taken 0
        1:   52-block  2
call    9 returned 1
branch 10 taken 0 (fallthrough)
branch 11 taken 1 (throw)
        1:   52-block  3
branch 12 taken 0 (fallthrough)
branch 13 taken 1
    %%%%%:   52-block  4
call   14 never executed
branch 15 never executed (fallthrough)
branch 16 never executed (throw)
    %%%%%:   52-block  5
    %%%%%:   52-block  6
call   17 never executed
branch 18 never executed (fallthrough)
branch 19 never executed (throw)
    %%%%%:   52-block  7
call   20 never executed
call   21 never executed
branch 22 never executed (fallthrough)
branch 23 never executed (throw)
    %%%%%:   52-block  8
call   24 never executed
branch 25 never executed (fallthrough)
branch 26 never executed (throw)
    %%%%%:   52-block  9
call   27 never executed
call   28 never executed
        1:   52-block 10
call   29 returned 1
        1:   52-block 11
branch 30 taken 1
branch 31 taken 0
branch 32 taken 0
        1:   52-block 12
call   33 returned 1
call   34 returned 1
    $$$$$:   52-block 13
call   35 never executed
call   36 never executed
branch 37 never executed (fallthrough)
branch 38 never executed (throw)
    $$$$$:   52-block 14
call   39 never executed
branch 40 never executed (fallthrough)
branch 41 never executed (throw)
    $$$$$:   52-block 15
call   42 never executed
branch 43 never executed (fallthrough)
branch 44 never executed (throw)
    $$$$$:   52-block 16
call   45 never executed
call   46 never executed
branch 47 never executed (fallthrough)
branch 48 never executed (throw)
    $$$$$:   52-block 17
call   49 never executed
call   50 never executed
branch 51 never executed (fallthrough)
branch 52 never executed (throw)
    $$$$$:   52-block 18
call   53 never executed
branch 54 never executed (fallthrough)
branch 55 never executed (throw)
    $$$$$:   52-block 19
    $$$$$:   52-block 20
call   56 never executed
    $$$$$:   52-block 21
call   57 never executed
call   58 never executed
branch 59 never executed (fallthrough)
branch 60 never executed (throw)
    $$$$$:   52-block 22
    $$$$$:   52-block 23
call   61 never executed
branch 62 never executed (fallthrough)
branch 63 never executed (throw)
    $$$$$:   52-block 24
call   64 never executed
    $$$$$:   52-block 25
    $$$$$:   52-block 26
call   65 never executed
    $$$$$:   52-block 27
call   66 never executed
    $$$$$:   52-block 28
call   67 never executed
    $$$$$:   52-block 29
    $$$$$:   52-block 30
call   68 never executed
    $$$$$:   52-block 31
    $$$$$:   52-block 32
call   69 never executed
        1:   53:    }
------------------
        -:   54:
        4:   55:    TEST_F(DequeTest, OperatorSubscript) {
        1:   56:        int_deque[2] = 30;
       1*:   57:        EXPECT_EQ(int_deque[2], 30);
        1:   58:    }
------------------
_ZN12my_container32DequeTest_OperatorSubscript_TestC2Ev:
function _ZN12my_container32DequeTest_OperatorSubscript_TestC2Ev called 1 returned 100% blocks executed 100%
        1:   55:    TEST_F(DequeTest, OperatorSubscript) {
        1:   55-block  0
call    0 returned 1
------------------
_ZN12my_container32DequeTest_OperatorSubscript_TestD0Ev:
function _ZN12my_container32DequeTest_OperatorSubscript_TestD0Ev called 1 returned 100% blocks executed 100%
        1:   55:    TEST_F(DequeTest, OperatorSubscript) {
        1:   55-block  0
call    0 returned 1
call    1 returned 1
------------------
_ZN12my_container32DequeTest_OperatorSubscript_TestD2Ev:
function _ZN12my_container32DequeTest_OperatorSubscript_TestD2Ev called 1 returned 100% blocks executed 100%
        1:   55:    TEST_F(DequeTest, OperatorSubscript) {
        1:   55-block  0
call    0 returned 1
------------------
_ZN12my_container32DequeTest_OperatorSubscript_Test8TestBodyEv:
function _ZN12my_container32DequeTest_OperatorSubscript_Test8TestBodyEv called 1 returned 100% blocks executed 33%
        1:   55:    TEST_F(DequeTest, OperatorSubscript) {
        1:   56:        int_deque[2] = 30;
        1:   56-block  0
call    0 returned 1
       1*:   57:        EXPECT_EQ(int_deque[2], 30);
call    0 returned 1
branch  1 taken 1 (fallthrough)
branch  2 taken 0 (throw)
        1:   57-block  0
call    3 returned 1
branch  4 taken 1 (fallthrough)
branch  5 taken 0 (throw)
        1:   57-block  1
call    6 returned 1
branch  7 taken 0 (fallthrough)
branch  8 taken 1
    %%%%%:   57-block  2
call    9 never executed
branch 10 never executed (fallthrough)
branch 11 never executed (throw)
    %%%%%:   57-block  3
call   12 never executed
call   13 never executed
branch 14 never executed (fallthrough)
branch 15 never executed (throw)
    %%%%%:   57-block  4
call   16 never executed
branch 17 never executed (fallthrough)
branch 18 never executed (throw)
    %%%%%:   57-block  5
call   19 never executed
call   20 never executed
        1:   57-block  6
call   21 returned 1
    $$$$$:   57-block  7
    $$$$$:   57-block  8
call   22 never executed
    $$$$$:   57-block  9
    $$$$$:   57-block 10
call   23 never executed
    $$$$$:   57-block 11
    $$$$$:   57-block 12
call   24 never executed
        1:   58:    }
------------------
        -:   59:
        4:   60:    TEST_F(DequeTest, FrontBackMethods) {
       1*:   61:        EXPECT_EQ(int_deque.front(), 1);
       1*:   62:        EXPECT_EQ(int_deque.back(), 5);
        1:   63:    }
------------------
_ZN12my_container31DequeTest_FrontBackMethods_TestC2Ev:
function _ZN12my_container31DequeTest_FrontBackMethods_TestC2Ev called 1 returned 100% blocks executed 100%
        1:   60:    TEST_F(DequeTest, FrontBackMethods) {
        1:   60-block  0
call    0 returned 1
------------------
_ZN12my_container31DequeTest_FrontBackMethods_TestD0Ev:
function _ZN12my_container31DequeTest_FrontBackMethods_TestD0Ev called 1 returned 100% blocks executed 100%
        1:   60:    TEST_F(DequeTest, FrontBackMethods) {
        1:   60-block  0
call    0 returned 1
call    1 returned 1
------------------
_ZN12my_container31DequeTest_FrontBackMethods_TestD2Ev:
function _ZN12my_container31DequeTest_FrontBackMethods_TestD2Ev called 1 returned 100% blocks executed 100%
        1:   60:    TEST_F(DequeTest, FrontBackMethods) {
        1:   60-block  0
call    0 returned 1
------------------
_ZN12my_container31DequeTest_FrontBackMethods_Test8TestBodyEv:
function _ZN12my_container31DequeTest_FrontBackMethods_Test8TestBodyEv called 1 returned 100% blocks executed 27%
        1:   60:    TEST_F(DequeTest, FrontBackMethods) {
       1*:   61:        EXPECT_EQ(int_deque.front(), 1);
        1:   61-block  0
call    0 returned 1
branch  1 taken 1 (fallthrough)
branch  2 taken 0 (throw)
        1:   61-block  1
call    3 returned 1
branch  4 taken 1 (fallthrough)
branch  5 taken 0 (throw)
        1:   61-block  2
call    6 returned 1
branch  7 taken 0 (fallthrough)
branch  8 taken 1
    %%%%%:   61-block  3
call    9 never executed
branch 10 never executed (fallthrough)
branch 11 never executed (throw)
    %%%%%:   61-block  4
call   12 never executed
call   13 never executed
branch 14 never executed (fallthrough)
branch 15 never executed (throw)
    %%%%%:   61-block  5
call   16 never executed
branch 17 never executed (fallthrough)
branch 18 never executed (throw)
    %%%%%:   61-block  6
call   19 never executed
call   20 never executed
        1:   61-block  7
call   21 returned 1
    $$$$$:   61-block  8
    $$$$$:   61-block  9
call   22 never executed
    $$$$$:   61-block 10
    $$$$$:   61-block 11
call   23 never executed
    $$$$$:   61-block 12
    $$$$$:   61-block 13
call   24 never executed
       1*:   62:        EXPECT_EQ(int_deque.back(), 5);
call    0 returned 1
branch  1 taken 1 (fallthrough)
branch  2 taken 0 (throw)
        1:   62-block  0
call    3 returned 1
branch  4 taken 1 (fallthrough)
branch  5 taken 0 (throw)
        1:   62-block  1
call    6 returned 1
branch  7 taken 0 (fallthrough)
branch  8 taken 1
    %%%%%:   62-block  2
call    9 never executed
branch 10 never executed (fallthrough)
branch 11 never executed (throw)
    %%%%%:   62-block  3
call   12 never executed
call   13 never executed
branch 14 never executed (fallthrough)
branch 15 never executed (throw)
    %%%%%:   62-block  4
call   16 never executed
branch 17 never executed (fallthrough)
branch 18 never executed (throw)
    %%%%%:   62-block  5
call   19 never executed
call   20 never executed
        1:   62-block  6
call   21 returned 1
    $$$$$:   62-block  7
    $$$$$:   62-block  8
call   22 never executed
    $$$$$:   62-block  9
    $$$$$:   62-block 10
call   23 never executed
    $$$$$:   62-block 11
    $$$$$:   62-block 12
call   24 never executed
        1:   63:    }
------------------
        -:   64:
        4:   65:    TEST_F(DequeTest, Iterators) {
        1:   66:        auto it = int_deque.begin();
       1*:   67:        EXPECT_EQ(*it, 1);
       1*:   68:        EXPECT_EQ(*(++it), 2);
        -:   69:
        1:   70:        auto rit = int_deque.rbegin();
       1*:   71:        EXPECT_EQ(*rit, 5);
       1*:   72:        EXPECT_EQ(*(++rit), 4);
        1:   73:    }
------------------
_ZN12my_container24DequeTest_Iterators_TestC2Ev:
function _ZN12my_container24DequeTest_Iterators_TestC2Ev called 1 returned 100% blocks executed 100%
        1:   65:    TEST_F(DequeTest, Iterators) {
        1:   65-block  0
call    0 returned 1
------------------
_ZN12my_container24DequeTest_Iterators_TestD0Ev:
function _ZN12my_container24DequeTest_Iterators_TestD0Ev called 1 returned 100% blocks executed 100%
        1:   65:    TEST_F(DequeTest, Iterators) {
        1:   65-block  0
call    0 returned 1
call    1 returned 1
------------------
_ZN12my_container24DequeTest_Iterators_TestD2Ev:
function _ZN12my_container24DequeTest_Iterators_TestD2Ev called 1 returned 100% blocks executed 100%
        1:   65:    TEST_F(DequeTest, Iterators) {
        1:   65-block  0
call    0 returned 1
------------------
_ZN12my_container24DequeTest_Iterators_Test8TestBodyEv:
function _ZN12my_container24DequeTest_Iterators_Test8TestBodyEv called 1 returned 100% blocks executed 28%
        1:   65:    TEST_F(DequeTest, Iterators) {
        1:   66:        auto it = int_deque.begin();
        1:   66-block  0
call    0 returned 1
       1*:   67:        EXPECT_EQ(*it, 1);
call    0 returned 1
call    1 returned 1
branch  2 taken 1 (fallthrough)
branch  3 taken 0 (throw)
        1:   67-block  0
call    4 returned 1
branch  5 taken 0 (fallthrough)
branch  6 taken 1
    %%%%%:   67-block  1
call    7 never executed
branch  8 never executed (fallthrough)
branch  9 never executed (throw)
    %%%%%:   67-block  2
call   10 never executed
call   11 never executed
branch 12 never executed (fallthrough)
branch 13 never executed (throw)
    %%%%%:   67-block  3
call   14 never executed
branch 15 never executed (fallthrough)
branch 16 never executed (throw)
    %%%%%:   67-block  4
call   17 never executed
call   18 never executed
        1:   67-block  5
call   19 returned 1
    $$$$$:   67-block  6
    $$$$$:   67-block  7
call   20 never executed
    $$$$$:   67-block  8
    $$$$$:   67-block  9
call   21 never executed
    $$$$$:   67-block 10
    $$$$$:   67-block 11
call   22 never executed
       1*:   68:        EXPECT_EQ(*(++it), 2);
call    0 returned 1
call    1 returned 1
call    2 returned 1
branch  3 taken 1 (fallthrough)
branch  4 taken 0 (throw)
        1:   68-block  0
call    5 returned 1
branch  6 taken 0 (fallthrough)
branch  7 taken 1
    %%%%%:   68-block  1
call    8 never executed
branch  9 never executed (fallthrough)
branch 10 never executed (throw)
    %%%%%:   68-block  2
call   11 never executed
call   12 never executed
branch 13 never executed (fallthrough)
branch 14 never executed (throw)
    %%%%%:   68-block  3
call   15 never executed
branch 16 never executed (fallthrough)
branch 17 never executed (throw)
    %%%%%:   68-block  4
call   18 never executed
call   19 never executed
        1:   68-block  5
call   20 returned 1
    $$$$$:   68-block  6
    $$$$$:   68-block  7
call   21 never executed
    $$$$$:   68-block  8
    $$$$$:   68-block  9
call   22 never executed
    $$$$$:   68-block 10
    $$$$$:   68-block 11
call   23 never executed
        -:   69:
        1:   70:        auto rit = int_deque.rbegin();
call    0 returned 1
       1*:   71:        EXPECT_EQ(*rit, 5);
call    0 returned 1
branch  1 taken 1 (fallthrough)
branch  2 taken 0 (throw)
        1:   71-block  0
call    3 returned 1
branch  4 taken 1 (fallthrough)
branch  5 taken 0 (throw)
        1:   71-block  1
call    6 returned 1
branch  7 taken 0 (fallthrough)
branch  8 taken 1
    %%%%%:   71-block  2
call    9 never executed
branch 10 never executed (fallthrough)
branch 11 never executed (throw)
    %%%%%:   71-block  3
call   12 never executed
call   13 never executed
branch 14 never executed (fallthrough)
branch 15 never executed (throw)
    %%%%%:   71-block  4
call   16 never executed
branch 17 never executed (fallthrough)
branch 18 never executed (throw)
    %%%%%:   71-block  5
call   19 never executed
call   20 never executed
        1:   71-block  6
call   21 returned 1
    $$$$$:   71-block  7
    $$$$$:   71-block  8
call   22 never executed
    $$$$$:   71-block  9
    $$$$$:   71-block 10
call   23 never executed
    $$$$$:   71-block 11
    $$$$$:   71-block 12
call   24 never executed
       1*:   72:        EXPECT_EQ(*(++rit), 4);
call    0 returned 1
branch  1 taken 1 (fallthrough)
branch  2 taken 0 (throw)
        1:   72-block  0
call    3 returned 1
branch  4 taken 1 (fallthrough)
branch  5 taken 0 (throw)
        1:   72-block  1
call    6 returned 1
branch  7 taken 1 (fallthrough)
branch  8 taken 0 (throw)
        1:   72-block  2
call    9 returned 1
branch 10 taken 0 (fallthrough)
branch 11 taken 1
    %%%%%:   72-block  3
call   12 never executed
branch 13 never executed (fallthrough)
branch 14 never executed (throw)
    %%%%%:   72-block  4
call   15 never executed
call   16 never executed
branch 17 never executed (fallthrough)
branch 18 never executed (throw)
    %%%%%:   72-block  5
call   19 never executed
branch 20 never executed (fallthrough)
branch 21 never executed (throw)
    %%%%%:   72-block  6
call   22 never executed
call   23 never executed
        1:   72-block  7
call   24 returned 1
    $$$$$:   72-block  8
    $$$$$:   72-block  9
call   25 never executed
    $$$$$:   72-block 10
    $$$$$:   72-block 11
call   26 never executed
    $$$$$:   72-block 12
    $$$$$:   72-block 13
call   27 never executed
        1:   73:    }
------------------
        -:   74:
        4:   75:    TEST_F(DequeTest, PushPopOperations) {
        1:   76:        int_deque.push_back(6);
       1*:   77:        EXPECT_EQ(int_deque.back(), 6);
        -:   78:
        1:   79:        int_deque.push_front(0);
       1*:   80:        EXPECT_EQ(int_deque.front(), 0);
        -:   81:
        1:   82:        int_deque.pop_back();
       1*:   83:        EXPECT_EQ(int_deque.back(), 5);
        -:   84:
        1:   85:        int_deque.pop_front();
       1*:   86:        EXPECT_EQ(int_deque.front(), 1);
        1:   87:    }
------------------
_ZN12my_container32DequeTest_PushPopOperations_TestC2Ev:
function _ZN12my_container32DequeTest_PushPopOperations_TestC2Ev called 1 returned 100% blocks executed 100%
        1:   75:    TEST_F(DequeTest, PushPopOperations) {
        1:   75-block  0
call    0 returned 1
------------------
_ZN12my_container32DequeTest_PushPopOperations_TestD0Ev:
function _ZN12my_container32DequeTest_PushPopOperations_TestD0Ev called 1 returned 100% blocks executed 100%
        1:   75:    TEST_F(DequeTest, PushPopOperations) {
        1:   75-block  0
call    0 returned 1
call    1 returned 1
------------------
_ZN12my_container32DequeTest_PushPopOperations_TestD2Ev:
function _ZN12my_container32DequeTest_PushPopOperations_TestD2Ev called 1 returned 100% blocks executed 100%
        1:   75:    TEST_F(DequeTest, PushPopOperations) {
        1:   75-block  0
call    0 returned 1
------------------
_ZN12my_container32DequeTest_PushPopOperations_Test8TestBodyEv:
function _ZN12my_container32DequeTest_PushPopOperations_Test8TestBodyEv called 1 returned 100% blocks executed 27%
        1:   75:    TEST_F(DequeTest, PushPopOperations) {
        1:   76:        int_deque.push_back(6);
        1:   76-block  0
call    0 returned 1
branch  1 taken 1 (fallthrough)
branch  2 taken 0 (throw)
    $$$$$:   76-block  1
call    3 never executed
       1*:   77:        EXPECT_EQ(int_deque.back(), 6);
        1:   77-block  0
call    0 returned 1
branch  1 taken 1 (fallthrough)
branch  2 taken 0 (throw)
        1:   77-block  1
call    3 returned 1
branch  4 taken 1 (fallthrough)
branch  5 taken 0 (throw)
        1:   77-block  2
call    6 returned 1
branch  7 taken 0 (fallthrough)
branch  8 taken 1
    %%%%%:   77-block  3
call    9 never executed
branch 10 never executed (fallthrough)
branch 11 never executed (throw)
    %%%%%:   77-block  4
call   12 never executed
call   13 never executed
branch 14 never executed (fallthrough)
branch 15 never executed (throw)
    %%%%%:   77-block  5
call   16 never executed
branch 17 never executed (fallthrough)
branch 18 never executed (throw)
    %%%%%:   77-block  6
call   19 never executed
call   20 never executed
        1:   77-block  7
call   21 returned 1
    $$$$$:   77-block  8
    $$$$$:   77-block  9
call   22 never executed
    $$$$$:   77-block 10
    $$$$$:   77-block 11
call   23 never executed
    $$$$$:   77-block 12
    $$$$$:   77-block 13
call   24 never executed
        -:   78:
        1:   79:        int_deque.push_front(0);
call    0 returned 1
branch  1 taken 1 (fallthrough)
branch  2 taken 0 (throw)
    $$$$$:   79-block  0
call    3 never executed
       1*:   80:        EXPECT_EQ(int_deque.front(), 0);
        1:   80-block  0
call    0 returned 1
branch  1 taken 1 (fallthrough)
branch  2 taken 0 (throw)
        1:   80-block  1
call    3 returned 1
branch  4 taken 1 (fallthrough)
branch  5 taken 0 (throw)
        1:   80-block  2
call    6 returned 1
branch  7 taken 0 (fallthrough)
branch  8 taken 1
    %%%%%:   80-block  3
call    9 never executed
branch 10 never executed (fallthrough)
branch 11 never executed (throw)
    %%%%%:   80-block  4
call   12 never executed
call   13 never executed
branch 14 never executed (fallthrough)
branch 15 never executed (throw)
    %%%%%:   80-block  5
call   16 never executed
branch 17 never executed (fallthrough)
branch 18 never executed (throw)
    %%%%%:   80-block  6
call   19 never executed
call   20 never executed
        1:   80-block  7
call   21 returned 1
    $$$$$:   80-block  8
    $$$$$:   80-block  9
call   22 never executed
    $$$$$:   80-block 10
    $$$$$:   80-block 11
call   23 never executed
    $$$$$:   80-block 12
    $$$$$:   80-block 13
call   24 never executed
        -:   81:
        1:   82:        int_deque.pop_back();
call    0 returned 1
       1*:   83:        EXPECT_EQ(int_deque.back(), 5);
call    0 returned 1
branch  1 taken 1 (fallthrough)
branch  2 taken 0 (throw)
        1:   83-block  0
call    3 returned 1
branch  4 taken 1 (fallthrough)
branch  5 taken 0 (throw)
        1:   83-block  1
call    6 returned 1
branch  7 taken 0 (fallthrough)
branch  8 taken 1
    %%%%%:   83-block  2
call    9 never executed
branch 10 never executed (fallthrough)
branch 11 never executed (throw)
    %%%%%:   83-block  3
call   12 never executed
call   13 never executed
branch 14 never executed (fallthrough)
branch 15 never executed (throw)
    %%%%%:   83-block  4
call   16 never executed
branch 17 never executed (fallthrough)
branch 18 never executed (throw)
    %%%%%:   83-block  5
call   19 never executed
call   20 never executed
        1:   83-block  6
call   21 returned 1
    $$$$$:   83-block  7
    $$$$$:   83-block  8
call   22 never executed
    $$$$$:   83-block  9
    $$$$$:   83-block 10
call   23 never executed
    $$$$$:   83-block 11
    $$$$$:   83-block 12
call   24 never executed
        -:   84:
        1:   85:        int_deque.pop_front();
call    0 returned 1
       1*:   86:        EXPECT_EQ(int_deque.front(), 1);
call    0 returned 1
branch  1 taken 1 (fallthrough)
branch  2 taken 0 (throw)
        1:   86-block  0
call    3 returned 1
branch  4 taken 1 (fallthrough)
branch  5 taken 0 (throw)
        1:   86-block  1
call    6 returned 1
branch  7 taken 0 (fallthrough)
branch  8 taken 1
    %%%%%:   86-block  2
call    9 never executed
branch 10 never executed (fallthrough)
branch 11 never executed (throw)
    %%%%%:   86-block  3
call   12 never executed
call   13 never executed
branch 14 never executed (fallthrough)
branch 15 never executed (throw)
    %%%%%:   86-block  4
call   16 never executed
branch 17 never executed (fallthrough)
branch 18 never executed (throw)
    %%%%%:   86-block  5
call   19 never executed
call   20 never executed
        1:   86-block  6
call   21 returned 1
    $$$$$:   86-block  7
    $$$$$:   86-block  8
call   22 never executed
    $$$$$:   86-block  9
    $$$$$:   86-block 10
call   23 never executed
    $$$$$:   86-block 11
    $$$$$:   86-block 12
call   24 never executed
        1:   87:    }
------------------
        -:   88:
        4:   89:    TEST_F(DequeTest, InsertErase) {
        1:   90:        auto it = int_deque.insert(++int_deque.begin(), 9);
       1*:   91:        EXPECT_EQ(int_deque[1], 9);
        -:   92:
        1:   93:        int_deque.erase(it);
       1*:   94:        EXPECT_EQ(int_deque[2], 3);
        1:   95:    }
------------------
_ZN12my_container26DequeTest_InsertErase_TestC2Ev:
function _ZN12my_container26DequeTest_InsertErase_TestC2Ev called 1 returned 100% blocks executed 100%
        1:   89:    TEST_F(DequeTest, InsertErase) {
        1:   89-block  0
call    0 returned 1
------------------
_ZN12my_container26DequeTest_InsertErase_TestD0Ev:
function _ZN12my_container26DequeTest_InsertErase_TestD0Ev called 1 returned 100% blocks executed 100%
        1:   89:    TEST_F(DequeTest, InsertErase) {
        1:   89-block  0
call    0 returned 1
call    1 returned 1
------------------
_ZN12my_container26DequeTest_InsertErase_TestD2Ev:
function _ZN12my_container26DequeTest_InsertErase_TestD2Ev called 1 returned 100% blocks executed 100%
        1:   89:    TEST_F(DequeTest, InsertErase) {
        1:   89-block  0
call    0 returned 1
------------------
_ZN12my_container26DequeTest_InsertErase_Test8TestBodyEv:
function _ZN12my_container26DequeTest_InsertErase_Test8TestBodyEv called 1 returned 100% blocks executed 31%
        1:   89:    TEST_F(DequeTest, InsertErase) {
        1:   90:        auto it = int_deque.insert(++int_deque.begin(), 9);
        1:   90-block  0
call    0 returned 1
call    1 returned 1
call    2 returned 1
branch  3 taken 1 (fallthrough)
branch  4 taken 0 (throw)
    $$$$$:   90-block  1
    $$$$$:   90-block  2
       1*:   91:        EXPECT_EQ(int_deque[1], 9);
        1:   91-block  0
call    0 returned 1
branch  1 taken 1 (fallthrough)
branch  2 taken 0 (throw)
        1:   91-block  1
call    3 returned 1
branch  4 taken 1 (fallthrough)
branch  5 taken 0 (throw)
        1:   91-block  2
call    6 returned 1
branch  7 taken 0 (fallthrough)
branch  8 taken 1
    %%%%%:   91-block  3
call    9 never executed
branch 10 never executed (fallthrough)
branch 11 never executed (throw)
    %%%%%:   91-block  4
call   12 never executed
call   13 never executed
branch 14 never executed (fallthrough)
branch 15 never executed (throw)
    %%%%%:   91-block  5
call   16 never executed
branch 17 never executed (fallthrough)
branch 18 never executed (throw)
    %%%%%:   91-block  6
call   19 never executed
call   20 never executed
        1:   91-block  7
call   21 returned 1
    $$$$$:   91-block  8
    $$$$$:   91-block  9
call   22 never executed
    $$$$$:   91-block 10
    $$$$$:   91-block 11
call   23 never executed
    $$$$$:   91-block 12
    $$$$$:   91-block 13
call   24 never executed
        -:   92:
        1:   93:        int_deque.erase(it);
call    0 returned 1
branch  1 taken 1 (fallthrough)
branch  2 taken 0 (throw)
       1*:   94:        EXPECT_EQ(int_deque[2], 3);
        1:   94-block  0
call    0 returned 1
branch  1 taken 1 (fallthrough)
branch  2 taken 0 (throw)
        1:   94-block  1
call    3 returned 1
branch  4 taken 1 (fallthrough)
branch  5 taken 0 (throw)
        1:   94-block  2
call    6 returned 1
branch  7 taken 0 (fallthrough)
branch  8 taken 1
    %%%%%:   94-block  3
call    9 never executed
branch 10 never executed (fallthrough)
branch 11 never executed (throw)
    %%%%%:   94-block  4
call   12 never executed
call   13 never executed
branch 14 never executed (fallthrough)
branch 15 never executed (throw)
    %%%%%:   94-block  5
call   16 never executed
branch 17 never executed (fallthrough)
branch 18 never executed (throw)
    %%%%%:   94-block  6
call   19 never executed
call   20 never executed
        1:   94-block  7
call   21 returned 1
    $$$$$:   94-block  8
    $$$$$:   94-block  9
call   22 never executed
    $$$$$:   94-block 10
    $$$$$:   94-block 11
call   23 never executed
    $$$$$:   94-block 12
    $$$$$:   94-block 13
call   24 never executed
        1:   95:    }
------------------
        -:   96:
        4:   97:    TEST_F(DequeTest, Resize) {
        1:   98:        int_deque.resize(3);
       1*:   99:        EXPECT_EQ(int_deque.size(), 3);
        -:  100:
        1:  101:        int_deque.resize(5, 10);
       1*:  102:        EXPECT_EQ(int_deque[4], 10);
        1:  103:    }
------------------
_ZN12my_container21DequeTest_Resize_TestC2Ev:
function _ZN12my_container21DequeTest_Resize_TestC2Ev called 1 returned 100% blocks executed 100%
        1:   97:    TEST_F(DequeTest, Resize) {
        1:   97-block  0
call    0 returned 1
------------------
_ZN12my_container21DequeTest_Resize_TestD0Ev:
function _ZN12my_container21DequeTest_Resize_TestD0Ev called 1 returned 100% blocks executed 100%
        1:   97:    TEST_F(DequeTest, Resize) {
        1:   97-block  0
call    0 returned 1
call    1 returned 1
------------------
_ZN12my_container21DequeTest_Resize_TestD2Ev:
function _ZN12my_container21DequeTest_Resize_TestD2Ev called 1 returned 100% blocks executed 100%
        1:   97:    TEST_F(DequeTest, Resize) {
        1:   97-block  0
call    0 returned 1
------------------
_ZN12my_container21DequeTest_Resize_Test8TestBodyEv:
function _ZN12my_container21DequeTest_Resize_Test8TestBodyEv called 1 returned 100% blocks executed 28%
        1:   97:    TEST_F(DequeTest, Resize) {
        1:   98:        int_deque.resize(3);
        1:   98-block  0
call    0 returned 1
branch  1 taken 1 (fallthrough)
branch  2 taken 0 (throw)
    $$$$$:   98-block  1
call    3 never executed
       1*:   99:        EXPECT_EQ(int_deque.size(), 3);
        1:   99-block  0
call    0 returned 1
call    1 returned 1
branch  2 taken 1 (fallthrough)
branch  3 taken 0 (throw)
        1:   99-block  1
call    4 returned 1
branch  5 taken 0 (fallthrough)
branch  6 taken 1
    %%%%%:   99-block  2
call    7 never executed
branch  8 never executed (fallthrough)
branch  9 never executed (throw)
    %%%%%:   99-block  3
call   10 never executed
call   11 never executed
branch 12 never executed (fallthrough)
branch 13 never executed (throw)
    %%%%%:   99-block  4
call   14 never executed
branch 15 never executed (fallthrough)
branch 16 never executed (throw)
    %%%%%:   99-block  5
call   17 never executed
call   18 never executed
        1:   99-block  6
call   19 returned 1
    $$$$$:   99-block  7
    $$$$$:   99-block  8
    $$$$$:   99-block  9
call   20 never executed
    $$$$$:   99-block 10
    $$$$$:   99-block 11
call   21 never executed
    $$$$$:   99-block 12
    $$$$$:   99-block 13
call   22 never executed
        -:  100:
        1:  101:        int_deque.resize(5, 10);
call    0 returned 1
branch  1 taken 1 (fallthrough)
branch  2 taken 0 (throw)
    $$$$$:  101-block  0
call    3 never executed
       1*:  102:        EXPECT_EQ(int_deque[4], 10);
        1:  102-block  0
call    0 returned 1
branch  1 taken 1 (fallthrough)
branch  2 taken 0 (throw)
        1:  102-block  1
call    3 returned 1
branch  4 taken 1 (fallthrough)
branch  5 taken 0 (throw)
        1:  102-block  2
call    6 returned 1
branch  7 taken 0 (fallthrough)
branch  8 taken 1
    %%%%%:  102-block  3
call    9 never executed
branch 10 never executed (fallthrough)
branch 11 never executed (throw)
    %%%%%:  102-block  4
call   12 never executed
call   13 never executed
branch 14 never executed (fallthrough)
branch 15 never executed (throw)
    %%%%%:  102-block  5
call   16 never executed
branch 17 never executed (fallthrough)
branch 18 never executed (throw)
    %%%%%:  102-block  6
call   19 never executed
call   20 never executed
        1:  102-block  7
call   21 returned 1
    $$$$$:  102-block  8
    $$$$$:  102-block  9
call   22 never executed
    $$$$$:  102-block 10
    $$$$$:  102-block 11
call   23 never executed
    $$$$$:  102-block 12
    $$$$$:  102-block 13
call   24 never executed
        1:  103:    }
------------------
        -:  104:
        4:  105:    TEST_F(DequeTest, Comparisons) {
        1:  106:        Deque<int> d1{1, 2, 3};
        1:  107:        Deque<int> d2{1, 2, 4};
        -:  108:
       1*:  109:        EXPECT_TRUE(d1 < d2);
       1*:  110:        EXPECT_FALSE(d1 == d2);
       1*:  111:        EXPECT_TRUE(d1 <=> d2 == std::strong_ordering::less);
        1:  112:    }
------------------
_ZN12my_container26DequeTest_Comparisons_TestC2Ev:
function _ZN12my_container26DequeTest_Comparisons_TestC2Ev called 1 returned 100% blocks executed 100%
        1:  105:    TEST_F(DequeTest, Comparisons) {
        1:  105-block  0
call    0 returned 1
------------------
_ZN12my_container26DequeTest_Comparisons_TestD0Ev:
function _ZN12my_container26DequeTest_Comparisons_TestD0Ev called 1 returned 100% blocks executed 100%
        1:  105:    TEST_F(DequeTest, Comparisons) {
        1:  105-block  0
call    0 returned 1
call    1 returned 1
------------------
_ZN12my_container26DequeTest_Comparisons_TestD2Ev:
function _ZN12my_container26DequeTest_Comparisons_TestD2Ev called 1 returned 100% blocks executed 100%
        1:  105:    TEST_F(DequeTest, Comparisons) {
        1:  105-block  0
call    0 returned 1
------------------
_ZN12my_container26DequeTest_Comparisons_Test8TestBodyEv:
function _ZN12my_container26DequeTest_Comparisons_Test8TestBodyEv called 1 returned 100% blocks executed 23%
        1:  105:    TEST_F(DequeTest, Comparisons) {
        1:  106:        Deque<int> d1{1, 2, 3};
        1:  106-block  0
call    0 returned 1
branch  1 taken 1 (fallthrough)
branch  2 taken 0 (throw)
    $$$$$:  106-block  1
    $$$$$:  106-block  2
        1:  107:        Deque<int> d2{1, 2, 4};
        1:  107-block  0
call    0 returned 1
branch  1 taken 1 (fallthrough)
branch  2 taken 0 (throw)
    $$$$$:  107-block  1
    $$$$$:  107-block  2
        -:  108:
       1*:  109:        EXPECT_TRUE(d1 < d2);
        1:  109-block  0
call    0 returned 1
branch  1 taken 1 (fallthrough)
branch  2 taken 0 (throw)
        1:  109-block  1
call    3 returned 1
call    4 returned 1
branch  5 taken 0 (fallthrough)
branch  6 taken 1
    %%%%%:  109-block  2
call    7 never executed
branch  8 never executed (fallthrough)
branch  9 never executed (throw)
    %%%%%:  109-block  3
call   10 never executed
branch 11 never executed (fallthrough)
branch 12 never executed (throw)
    %%%%%:  109-block  4
call   13 never executed
call   14 never executed
branch 15 never executed (fallthrough)
branch 16 never executed (throw)
    %%%%%:  109-block  5
call   17 never executed
branch 18 never executed (fallthrough)
branch 19 never executed (throw)
    %%%%%:  109-block  6
call   20 never executed
call   21 never executed
call   22 never executed
        1:  109-block  7
call   23 returned 1
    $$$$$:  109-block  8
    $$$$$:  109-block  9
call   24 never executed
    $$$$$:  109-block 10
call   25 never executed
    $$$$$:  109-block 11
    $$$$$:  109-block 12
    $$$$$:  109-block 13
call   26 never executed
    $$$$$:  109-block 14
    $$$$$:  109-block 15
call   27 never executed
       1*:  110:        EXPECT_FALSE(d1 == d2);
call    0 returned 1
branch  1 taken 1 (fallthrough)
branch  2 taken 0 (throw)
        1:  110-block  0
call    3 returned 1
call    4 returned 1
branch  5 taken 0 (fallthrough)
branch  6 taken 1
    %%%%%:  110-block  1
call    7 never executed
branch  8 never executed (fallthrough)
branch  9 never executed (throw)
    %%%%%:  110-block  2
call   10 never executed
branch 11 never executed (fallthrough)
branch 12 never executed (throw)
    %%%%%:  110-block  3
call   13 never executed
call   14 never executed
branch 15 never executed (fallthrough)
branch 16 never executed (throw)
    %%%%%:  110-block  4
call   17 never executed
branch 18 never executed (fallthrough)
branch 19 never executed (throw)
    %%%%%:  110-block  5
call   20 never executed
call   21 never executed
call   22 never executed
        1:  110-block  6
call   23 returned 1
    $$$$$:  110-block  7
    $$$$$:  110-block  8
call   24 never executed
    $$$$$:  110-block  9
call   25 never executed
    $$$$$:  110-block 10
    $$$$$:  110-block 11
    $$$$$:  110-block 12
call   26 never executed
    $$$$$:  110-block 13
    $$$$$:  110-block 14
call   27 never executed
       1*:  111:        EXPECT_TRUE(d1 <=> d2 == std::strong_ordering::less);
call    0 returned 1
branch  1 taken 1 (fallthrough)
branch  2 taken 0 (throw)
        1:  111-block  0
call    3 returned 1
call    4 returned 1
call    5 returned 1
branch  6 taken 0 (fallthrough)
branch  7 taken 1
    %%%%%:  111-block  1
call    8 never executed
branch  9 never executed (fallthrough)
branch 10 never executed (throw)
    %%%%%:  111-block  2
call   11 never executed
branch 12 never executed (fallthrough)
branch 13 never executed (throw)
    %%%%%:  111-block  3
call   14 never executed
call   15 never executed
branch 16 never executed (fallthrough)
branch 17 never executed (throw)
    %%%%%:  111-block  4
call   18 never executed
branch 19 never executed (fallthrough)
branch 20 never executed (throw)
    %%%%%:  111-block  5
call   21 never executed
call   22 never executed
call   23 never executed
        1:  111-block  6
call   24 returned 1
    $$$$$:  111-block  7
    $$$$$:  111-block  8
call   25 never executed
    $$$$$:  111-block  9
call   26 never executed
    $$$$$:  111-block 10
    $$$$$:  111-block 11
    $$$$$:  111-block 12
call   27 never executed
    $$$$$:  111-block 13
    $$$$$:  111-block 14
call   28 never executed
        1:  112:    }
call    0 returned 1
call    1 returned 1
    $$$$$:  112-block  0
call    2 never executed
    $$$$$:  112-block  1
call    3 never executed
------------------
        -:  113:
        4:  114:    TEST_F(DequeTest, Destructor) {
        1:  115:        auto *deque = new Deque<int>{1, 2, 3};
        1:  116:        delete deque;
        1:  117:    }
------------------
_ZN12my_container25DequeTest_Destructor_TestC2Ev:
function _ZN12my_container25DequeTest_Destructor_TestC2Ev called 1 returned 100% blocks executed 100%
        1:  114:    TEST_F(DequeTest, Destructor) {
        1:  114-block  0
call    0 returned 1
------------------
_ZN12my_container25DequeTest_Destructor_TestD0Ev:
function _ZN12my_container25DequeTest_Destructor_TestD0Ev called 1 returned 100% blocks executed 100%
        1:  114:    TEST_F(DequeTest, Destructor) {
        1:  114-block  0
call    0 returned 1
call    1 returned 1
------------------
_ZN12my_container25DequeTest_Destructor_TestD2Ev:
function _ZN12my_container25DequeTest_Destructor_TestD2Ev called 1 returned 100% blocks executed 100%
        1:  114:    TEST_F(DequeTest, Destructor) {
        1:  114-block  0
call    0 returned 1
------------------
_ZN12my_container25DequeTest_Destructor_Test8TestBodyEv:
function _ZN12my_container25DequeTest_Destructor_Test8TestBodyEv called 1 returned 100% blocks executed 60%
        1:  114:    TEST_F(DequeTest, Destructor) {
        1:  115:        auto *deque = new Deque<int>{1, 2, 3};
        1:  115-block  0
call    0 returned 1
call    1 returned 1
branch  2 taken 1 (fallthrough)
branch  3 taken 0 (throw)
    $$$$$:  115-block  1
    $$$$$:  115-block  2
    $$$$$:  115-block  3
branch  4 never executed (fallthrough)
branch  5 never executed
    $$$$$:  115-block  4
call    6 never executed
        1:  116:        delete deque;
        1:  116-block  0
branch  0 taken 1 (fallthrough)
branch  1 taken 0
        1:  116-block  1
call    2 returned 1
        1:  117:    }
        1:  117-block  0
------------------
        -:  118:}
