        -:    0:Source:/usr/include/c++/13/bits/vector.tcc
        -:    0:Graph:/mnt/d/Уник/4 сем/Фунды/Lab 2/number 1/cmake-build-debug-coverage/CMakeFiles/tests.dir/tests/tests.cpp.gcno
        -:    0:Data:/mnt/d/Уник/4 сем/Фунды/Lab 2/number 1/cmake-build-debug-coverage/CMakeFiles/tests.dir/tests/tests.cpp.gcda
        -:    0:Runs:1
        -:    1:// Vector implementation (out of line) -*- C++ -*-
        -:    2:
        -:    3:// Copyright (C) 2001-2023 Free Software Foundation, Inc.
        -:    4://
        -:    5:// This file is part of the GNU ISO C++ Library.  This library is free
        -:    6:// software; you can redistribute it and/or modify it under the
        -:    7:// terms of the GNU General Public License as published by the
        -:    8:// Free Software Foundation; either version 3, or (at your option)
        -:    9:// any later version.
        -:   10:
        -:   11:// This library is distributed in the hope that it will be useful,
        -:   12:// but WITHOUT ANY WARRANTY; without even the implied warranty of
        -:   13:// MERCHANTABILITY or FITNESS FOR A PARTICULAR PURPOSE.  See the
        -:   14:// GNU General Public License for more details.
        -:   15:
        -:   16:// Under Section 7 of GPL version 3, you are granted additional
        -:   17:// permissions described in the GCC Runtime Library Exception, version
        -:   18:// 3.1, as published by the Free Software Foundation.
        -:   19:
        -:   20:// You should have received a copy of the GNU General Public License and
        -:   21:// a copy of the GCC Runtime Library Exception along with this program;
        -:   22:// see the files COPYING3 and COPYING.RUNTIME respectively.  If not, see
        -:   23:// <http://www.gnu.org/licenses/>.
        -:   24:
        -:   25:/*
        -:   26: *
        -:   27: * Copyright (c) 1994
        -:   28: * Hewlett-Packard Company
        -:   29: *
        -:   30: * Permission to use, copy, modify, distribute and sell this software
        -:   31: * and its documentation for any purpose is hereby granted without fee,
        -:   32: * provided that the above copyright notice appear in all copies and
        -:   33: * that both that copyright notice and this permission notice appear
        -:   34: * in supporting documentation.  Hewlett-Packard Company makes no
        -:   35: * representations about the suitability of this software for any
        -:   36: * purpose.  It is provided "as is" without express or implied warranty.
        -:   37: *
        -:   38: *
        -:   39: * Copyright (c) 1996
        -:   40: * Silicon Graphics Computer Systems, Inc.
        -:   41: *
        -:   42: * Permission to use, copy, modify, distribute and sell this software
        -:   43: * and its documentation for any purpose is hereby granted without fee,
        -:   44: * provided that the above copyright notice appear in all copies and
        -:   45: * that both that copyright notice and this permission notice appear
        -:   46: * in supporting documentation.  Silicon Graphics makes no
        -:   47: * representations about the suitability of this  software for any
        -:   48: * purpose.  It is provided "as is" without express or implied warranty.
        -:   49: */
        -:   50:
        -:   51:/** @file bits/vector.tcc
        -:   52: *  This is an internal header file, included by other library headers.
        -:   53: *  Do not attempt to use it directly. @headername{vector}
        -:   54: */
        -:   55:
        -:   56:#ifndef _VECTOR_TCC
        -:   57:#define _VECTOR_TCC 1
        -:   58:
        -:   59:namespace std _GLIBCXX_VISIBILITY(default)
        -:   60:{
        -:   61:_GLIBCXX_BEGIN_NAMESPACE_VERSION
        -:   62:_GLIBCXX_BEGIN_NAMESPACE_CONTAINER
        -:   63:
        -:   64:  template<typename _Tp, typename _Alloc>
        -:   65:    _GLIBCXX20_CONSTEXPR
        -:   66:    void
        -:   67:    vector<_Tp, _Alloc>::
        -:   68:    reserve(size_type __n)
        -:   69:    {
        -:   70:      if (__n > this->max_size())
        -:   71:	__throw_length_error(__N("vector::reserve"));
        -:   72:      if (this->capacity() < __n)
        -:   73:	{
        -:   74:	  const size_type __old_size = size();
        -:   75:	  pointer __tmp;
        -:   76:#if __cplusplus >= 201103L
        -:   77:	  if _GLIBCXX17_CONSTEXPR (_S_use_relocate())
        -:   78:	    {
        -:   79:	      __tmp = this->_M_allocate(__n);
        -:   80:	      _S_relocate(this->_M_impl._M_start, this->_M_impl._M_finish,
        -:   81:			  __tmp, _M_get_Tp_allocator());
        -:   82:	    }
        -:   83:	  else
        -:   84:#endif
        -:   85:	    {
        -:   86:	      __tmp = _M_allocate_and_copy(__n,
        -:   87:		_GLIBCXX_MAKE_MOVE_IF_NOEXCEPT_ITERATOR(this->_M_impl._M_start),
        -:   88:		_GLIBCXX_MAKE_MOVE_IF_NOEXCEPT_ITERATOR(this->_M_impl._M_finish));
        -:   89:	      std::_Destroy(this->_M_impl._M_start, this->_M_impl._M_finish,
        -:   90:			    _M_get_Tp_allocator());
        -:   91:	    }
        -:   92:	  _GLIBCXX_ASAN_ANNOTATE_REINIT;
        -:   93:	  _M_deallocate(this->_M_impl._M_start,
        -:   94:			this->_M_impl._M_end_of_storage
        -:   95:			- this->_M_impl._M_start);
        -:   96:	  this->_M_impl._M_start = __tmp;
        -:   97:	  this->_M_impl._M_finish = __tmp + __old_size;
        -:   98:	  this->_M_impl._M_end_of_storage = this->_M_impl._M_start + __n;
        -:   99:	}
        -:  100:    }
        -:  101:
        -:  102:#if __cplusplus >= 201103L
        -:  103:  template<typename _Tp, typename _Alloc>
        -:  104:    template<typename... _Args>
        -:  105:#if __cplusplus > 201402L
        -:  106:      _GLIBCXX20_CONSTEXPR
        -:  107:      typename vector<_Tp, _Alloc>::reference
        -:  108:#else
        -:  109:      void
        -:  110:#endif
function _ZNSt6vectorIySaIyEE12emplace_backIJyEEERyDpOT_ called 2455 returned 100% blocks executed 100%
     2455:  111:      vector<_Tp, _Alloc>::
        -:  112:      emplace_back(_Args&&... __args)
        -:  113:      {
     2455:  114:	if (this->_M_impl._M_finish != this->_M_impl._M_end_of_storage)
     2455:  114-block  0
branch  0 taken 620 (fallthrough)
branch  1 taken 1835
        -:  115:	  {
        -:  116:	    _GLIBCXX_ASAN_ANNOTATE_GROW(1);
      620:  117:	    _Alloc_traits::construct(this->_M_impl, this->_M_impl._M_finish,
      620:  117-block  0
call    0 returned 620
call    1 returned 620
        -:  118:				     std::forward<_Args>(__args)...);
      620:  119:	    ++this->_M_impl._M_finish;
      620:  119-block  0
        -:  120:	    _GLIBCXX_ASAN_ANNOTATE_GREW(1);
        -:  121:	  }
        -:  122:	else
     1835:  123:	  _M_realloc_insert(end(), std::forward<_Args>(__args)...);
     1835:  123-block  0
call    0 returned 1835
call    1 returned 1835
call    2 returned 1835
        -:  124:#if __cplusplus > 201402L
     2455:  125:	return back();
     2455:  125-block  0
call    0 returned 2455
        -:  126:#endif
        -:  127:      }
        -:  128:#endif
        -:  129:
        -:  130:  template<typename _Tp, typename _Alloc>
        -:  131:    _GLIBCXX20_CONSTEXPR
        -:  132:    typename vector<_Tp, _Alloc>::iterator
function _ZNSt6vectorIySaIyEE6insertEN9__gnu_cxx17__normal_iteratorIPKyS1_EERS4_ called 26 returned 100% blocks executed 46%
       26:  133:    vector<_Tp, _Alloc>::
        -:  134:#if __cplusplus >= 201103L
        -:  135:    insert(const_iterator __position, const value_type& __x)
        -:  136:#else
        -:  137:    insert(iterator __position, const value_type& __x)
        -:  138:#endif
        -:  139:    {
       26:  140:      const size_type __n = __position - begin();
       26:  140-block  0
call    0 returned 26
call    1 returned 26
       26:  141:      if (this->_M_impl._M_finish != this->_M_impl._M_end_of_storage)
branch  0 taken 26 (fallthrough)
branch  1 taken 0
        -:  142:	{
      26*:  143:	  __glibcxx_assert(__position != const_iterator());
       26:  143-block  0
call    0 returned 26
branch  1 taken 0 (fallthrough)
branch  2 taken 26
    %%%%%:  143-block  1
call    3 never executed
call    4 never executed
branch  5 never executed (fallthrough)
branch  6 never executed
    %%%%%:  143-block  2
       26:  143-block  3
       26:  143-block  4
branch  7 taken 0 (fallthrough)
branch  8 taken 26
    %%%%%:  143-block  5
call    9 never executed
       26:  144:	  if (!(__position != const_iterator()))
       26:  144-block  0
call    0 returned 26
call    1 returned 26
branch  2 taken 0 (fallthrough)
branch  3 taken 26
    #####:  145:	    __builtin_unreachable(); // PR 106434
    %%%%%:  145-block  0
call    0 never executed
        -:  146:
       26:  147:	  if (__position == end())
       26:  147-block  0
call    0 returned 26
call    1 returned 26
branch  2 taken 26 (fallthrough)
branch  3 taken 0
        -:  148:	    {
        -:  149:	      _GLIBCXX_ASAN_ANNOTATE_GROW(1);
       26:  150:	      _Alloc_traits::construct(this->_M_impl, this->_M_impl._M_finish,
       26:  150-block  0
call    0 returned 26
        -:  151:				       __x);
       26:  152:	      ++this->_M_impl._M_finish;
       26:  152-block  0
        -:  153:	      _GLIBCXX_ASAN_ANNOTATE_GREW(1);
        -:  154:	    }
        -:  155:	  else
        -:  156:	    {
        -:  157:#if __cplusplus >= 201103L
    #####:  158:	      const auto __pos = begin() + (__position - cbegin());
    %%%%%:  158-block  0
call    0 never executed
call    1 never executed
call    2 never executed
call    3 never executed
        -:  159:	      // __x could be an existing element of this vector, so make a
        -:  160:	      // copy of it before _M_insert_aux moves elements around.
    #####:  161:	      _Temporary_value __x_copy(this, __x);
call    0 never executed
branch  1 never executed (fallthrough)
branch  2 never executed (throw)
    #####:  162:	      _M_insert_aux(__pos, std::move(__x_copy._M_val()));
    %%%%%:  162-block  0
call    0 never executed
call    1 never executed
call    2 never executed
branch  3 never executed (fallthrough)
branch  4 never executed (throw)
        -:  163:#else
        -:  164:	      _M_insert_aux(__position, __x);
        -:  165:#endif
    #####:  166:	    }
    %%%%%:  166-block  0
call    0 never executed
    $$$$$:  166-block  1
call    1 never executed
        -:  167:	}
        -:  168:      else
        -:  169:#if __cplusplus >= 201103L
    #####:  170:	_M_realloc_insert(begin() + (__position - cbegin()), __x);
    %%%%%:  170-block  0
call    0 never executed
call    1 never executed
call    2 never executed
call    3 never executed
call    4 never executed
branch  5 never executed (fallthrough)
branch  6 never executed (throw)
    %%%%%:  170-block  1
    $$$$$:  170-block  2
        -:  171:#else
        -:  172:	_M_realloc_insert(__position, __x);
        -:  173:#endif
        -:  174:
       26:  175:      return iterator(this->_M_impl._M_start + __n);
       26:  175-block  0
call    0 returned 26
       26:  175-block  1
       26:  175-block  2
        -:  176:    }
        -:  177:
        -:  178:  template<typename _Tp, typename _Alloc>
        -:  179:    _GLIBCXX20_CONSTEXPR
        -:  180:    typename vector<_Tp, _Alloc>::iterator
function _ZNSt6vectorIySaIyEE8_M_eraseEN9__gnu_cxx17__normal_iteratorIPyS1_EE called 296 returned 100% blocks executed 73%
      296:  181:    vector<_Tp, _Alloc>::
        -:  182:    _M_erase(iterator __position)
        -:  183:    {
      296:  184:      if (__position + 1 != end())
      296:  184-block  0
call    0 returned 296
call    1 returned 296
call    2 returned 296
branch  3 taken 0 (fallthrough)
branch  4 taken 296
    #####:  185:	_GLIBCXX_MOVE3(__position + 1, end(), __position);
    %%%%%:  185-block  0
call    0 never executed
call    1 never executed
call    2 never executed
      296:  186:      --this->_M_impl._M_finish;
      296:  187:      _Alloc_traits::destroy(this->_M_impl, this->_M_impl._M_finish);
      296:  187-block  0
call    0 returned 296
        -:  188:      _GLIBCXX_ASAN_ANNOTATE_SHRINK(1);
      296:  189:      return __position;
      296:  189-block  0
        -:  190:    }
        -:  191:
        -:  192:  template<typename _Tp, typename _Alloc>
        -:  193:    _GLIBCXX20_CONSTEXPR
        -:  194:    typename vector<_Tp, _Alloc>::iterator
        -:  195:    vector<_Tp, _Alloc>::
        -:  196:    _M_erase(iterator __first, iterator __last)
        -:  197:    {
        -:  198:      if (__first != __last)
        -:  199:	{
        -:  200:	  if (__last != end())
        -:  201:	    _GLIBCXX_MOVE3(__last, end(), __first);
        -:  202:	  _M_erase_at_end(__first.base() + (end() - __last));
        -:  203:	}
        -:  204:      return __first;
        -:  205:    }
        -:  206:
        -:  207:  template<typename _Tp, typename _Alloc>
        -:  208:    _GLIBCXX20_CONSTEXPR
        -:  209:    vector<_Tp, _Alloc>&
function _ZNSt6vectorIySaIyEEaSERKS1_ called 1808 returned 100% blocks executed 36%
     1808:  210:    vector<_Tp, _Alloc>::
        -:  211:    operator=(const vector<_Tp, _Alloc>& __x)
        -:  212:    {
     1808:  213:      if (std::__addressof(__x) != this)
     1808:  213-block  0
call    0 returned 1808
branch  1 taken 1808 (fallthrough)
branch  2 taken 0
        -:  214:	{
        -:  215:	  _GLIBCXX_ASAN_ANNOTATE_REINIT;
        -:  216:#if __cplusplus >= 201103L
     1808:  217:	  if (_Alloc_traits::_S_propagate_on_copy_assign())
     1808:  217-block  0
branch  0 taken 0 (fallthrough)
branch  1 taken 1808
        -:  218:	    {
    #####:  219:	      if (!_Alloc_traits::_S_always_equal()
    #####:  220:	          && _M_get_Tp_allocator() != __x._M_get_Tp_allocator())
    %%%%%:  220-block  0
branch  0 never executed (fallthrough)
branch  1 never executed
    %%%%%:  220-block  1
call    2 never executed
call    3 never executed
    %%%%%:  220-block  2
branch  4 never executed (fallthrough)
branch  5 never executed
    %%%%%:  220-block  3
    %%%%%:  220-block  4
    %%%%%:  220-block  5
branch  6 never executed (fallthrough)
branch  7 never executed
        -:  221:	        {
        -:  222:		  // replacement allocator cannot free existing storage
    #####:  223:		  this->clear();
    %%%%%:  223-block  0
call    0 never executed
    #####:  224:		  _M_deallocate(this->_M_impl._M_start,
    #####:  225:				this->_M_impl._M_end_of_storage
    #####:  226:				- this->_M_impl._M_start);
call    0 never executed
    #####:  227:		  this->_M_impl._M_start = nullptr;
    #####:  228:		  this->_M_impl._M_finish = nullptr;
    #####:  229:		  this->_M_impl._M_end_of_storage = nullptr;
        -:  230:		}
    #####:  231:	      std::__alloc_on_copy(_M_get_Tp_allocator(),
call    0 never executed
    #####:  232:				   __x._M_get_Tp_allocator());
    %%%%%:  232-block  0
call    0 never executed
        -:  233:	    }
        -:  234:#endif
     1808:  235:	  const size_type __xlen = __x.size();
     1808:  235-block  0
call    0 returned 1808
     1808:  236:	  if (__xlen > capacity())
call    0 returned 1808
branch  1 taken 1808 (fallthrough)
branch  2 taken 0
        -:  237:	    {
     1808:  238:	      pointer __tmp = _M_allocate_and_copy(__xlen, __x.begin(),
     1808:  238-block  0
call    0 returned 1808
call    1 returned 1808
call    2 returned 1808
        -:  239:						   __x.end());
     1808:  240:	      std::_Destroy(this->_M_impl._M_start, this->_M_impl._M_finish,
call    0 returned 1808
     1808:  241:			    _M_get_Tp_allocator());
call    0 returned 1808
     1808:  242:	      _M_deallocate(this->_M_impl._M_start,
     1808:  243:			    this->_M_impl._M_end_of_storage
     1808:  244:			    - this->_M_impl._M_start);
     1808:  244-block  0
call    0 returned 1808
     1808:  245:	      this->_M_impl._M_start = __tmp;
     1808:  246:	      this->_M_impl._M_end_of_storage = this->_M_impl._M_start + __xlen;
        -:  247:	    }
    #####:  248:	  else if (size() >= __xlen)
    %%%%%:  248-block  0
call    0 never executed
branch  1 never executed (fallthrough)
branch  2 never executed
        -:  249:	    {
    #####:  250:	      std::_Destroy(std::copy(__x.begin(), __x.end(), begin()),
call    0 never executed
call    1 never executed
call    2 never executed
call    3 never executed
call    4 never executed
    %%%%%:  250-block  0
    #####:  251:			    end(), _M_get_Tp_allocator());
    %%%%%:  251-block  0
call    0 never executed
        -:  252:	    }
        -:  253:	  else
        -:  254:	    {
    #####:  255:	      std::copy(__x._M_impl._M_start, __x._M_impl._M_start + size(),
    %%%%%:  255-block  0
call    0 never executed
call    1 never executed
        -:  256:			this->_M_impl._M_start);
    #####:  257:	      std::__uninitialized_copy_a(__x._M_impl._M_start + size(),
call    0 never executed
    #####:  258:					  __x._M_impl._M_finish,
call    0 never executed
        -:  259:					  this->_M_impl._M_finish,
    #####:  260:					  _M_get_Tp_allocator());
call    0 never executed
        -:  261:	    }
     1808:  262:	  this->_M_impl._M_finish = this->_M_impl._M_start + __xlen;
     1808:  262-block  0
        -:  263:	}
     1808:  264:      return *this;
     1808:  264-block  0
        -:  265:    }
        -:  266:
        -:  267:  template<typename _Tp, typename _Alloc>
        -:  268:    _GLIBCXX20_CONSTEXPR
        -:  269:    void
        -:  270:    vector<_Tp, _Alloc>::
        -:  271:    _M_fill_assign(size_t __n, const value_type& __val)
        -:  272:    {
        -:  273:      if (__n > capacity())
        -:  274:	{
        -:  275:	  vector __tmp(__n, __val, _M_get_Tp_allocator());
        -:  276:	  __tmp._M_impl._M_swap_data(this->_M_impl);
        -:  277:	}
        -:  278:      else if (__n > size())
        -:  279:	{
        -:  280:	  std::fill(begin(), end(), __val);
        -:  281:	  const size_type __add = __n - size();
        -:  282:	  _GLIBCXX_ASAN_ANNOTATE_GROW(__add);
        -:  283:	  this->_M_impl._M_finish =
        -:  284:	    std::__uninitialized_fill_n_a(this->_M_impl._M_finish,
        -:  285:					  __add, __val, _M_get_Tp_allocator());
        -:  286:	  _GLIBCXX_ASAN_ANNOTATE_GREW(__add);
        -:  287:	}
        -:  288:      else
        -:  289:        _M_erase_at_end(std::fill_n(this->_M_impl._M_start, __n, __val));
        -:  290:    }
        -:  291:
        -:  292:  template<typename _Tp, typename _Alloc>
        -:  293:    template<typename _InputIterator>
        -:  294:      _GLIBCXX20_CONSTEXPR
        -:  295:      void
        -:  296:      vector<_Tp, _Alloc>::
        -:  297:      _M_assign_aux(_InputIterator __first, _InputIterator __last,
        -:  298:		    std::input_iterator_tag)
        -:  299:      {
        -:  300:	pointer __cur(this->_M_impl._M_start);
        -:  301:	for (; __first != __last && __cur != this->_M_impl._M_finish;
        -:  302:	     ++__cur, (void)++__first)
        -:  303:	  *__cur = *__first;
        -:  304:	if (__first == __last)
        -:  305:	  _M_erase_at_end(__cur);
        -:  306:	else
        -:  307:	  _M_range_insert(end(), __first, __last,
        -:  308:			  std::__iterator_category(__first));
        -:  309:      }
        -:  310:
        -:  311:  template<typename _Tp, typename _Alloc>
        -:  312:    template<typename _ForwardIterator>
        -:  313:      _GLIBCXX20_CONSTEXPR
        -:  314:      void
function _ZNSt6vectorIySaIyEE13_M_assign_auxIPKyEEvT_S5_St20forward_iterator_tag called 346 returned 100% blocks executed 56%
      346:  315:      vector<_Tp, _Alloc>::
      346:  315-block  0
        -:  316:      _M_assign_aux(_ForwardIterator __first, _ForwardIterator __last,
        -:  317:		    std::forward_iterator_tag)
        -:  318:      {
      346:  319:	const size_type __len = std::distance(__first, __last);
        -:  320:
      346:  321:	if (__len > capacity())
      346:  321-block  0
call    0 returned 346
branch  1 taken 346 (fallthrough)
branch  2 taken 0
        -:  322:	  {
      346:  323:	    _S_check_init_len(__len, _M_get_Tp_allocator());
      346:  323-block  0
call    0 returned 346
call    1 returned 346
      346:  324:	    pointer __tmp(_M_allocate_and_copy(__len, __first, __last));
call    0 returned 346
      346:  325:	    std::_Destroy(this->_M_impl._M_start, this->_M_impl._M_finish,
call    0 returned 346
      346:  326:			  _M_get_Tp_allocator());
call    0 returned 346
        -:  327:	    _GLIBCXX_ASAN_ANNOTATE_REINIT;
      346:  328:	    _M_deallocate(this->_M_impl._M_start,
      346:  329:			  this->_M_impl._M_end_of_storage
      346:  330:			  - this->_M_impl._M_start);
      346:  330-block  0
call    0 returned 346
      346:  331:	    this->_M_impl._M_start = __tmp;
      346:  332:	    this->_M_impl._M_finish = this->_M_impl._M_start + __len;
      346:  333:	    this->_M_impl._M_end_of_storage = this->_M_impl._M_finish;
        -:  334:	  }
    #####:  335:	else if (size() >= __len)
    %%%%%:  335-block  0
call    0 never executed
branch  1 never executed (fallthrough)
branch  2 never executed
    #####:  336:	  _M_erase_at_end(std::copy(__first, __last, this->_M_impl._M_start));
    %%%%%:  336-block  0
call    0 never executed
call    1 never executed
        -:  337:	else
        -:  338:	  {
    #####:  339:	    _ForwardIterator __mid = __first;
    #####:  340:	    std::advance(__mid, size());
    %%%%%:  340-block  0
call    0 never executed
    #####:  341:	    std::copy(__first, __mid, this->_M_impl._M_start);
    %%%%%:  341-block  0
call    0 never executed
branch  1 never executed (fallthrough)
branch  2 never executed (throw)
    #####:  342:	    const size_type __attribute__((__unused__)) __n = __len - size();
    %%%%%:  342-block  0
call    0 never executed
        -:  343:	    _GLIBCXX_ASAN_ANNOTATE_GROW(__n);
    #####:  344:	    this->_M_impl._M_finish =
    #####:  345:	      std::__uninitialized_copy_a(__mid, __last,
call    0 never executed
branch  1 never executed (fallthrough)
branch  2 never executed (throw)
    %%%%%:  345-block  0
        -:  346:					  this->_M_impl._M_finish,
    #####:  347:					  _M_get_Tp_allocator());
call    0 never executed
        -:  348:	    _GLIBCXX_ASAN_ANNOTATE_GREW(__n);
        -:  349:	  }
      346:  350:      }
      346:  350-block  0
        -:  351:
        -:  352:#if __cplusplus >= 201103L
        -:  353:  template<typename _Tp, typename _Alloc>
        -:  354:    _GLIBCXX20_CONSTEXPR
        -:  355:    auto
        -:  356:    vector<_Tp, _Alloc>::
        -:  357:    _M_insert_rval(const_iterator __position, value_type&& __v) -> iterator
        -:  358:    {
        -:  359:      const auto __n = __position - cbegin();
        -:  360:      if (this->_M_impl._M_finish != this->_M_impl._M_end_of_storage)
        -:  361:	if (__position == cend())
        -:  362:	  {
        -:  363:	    _GLIBCXX_ASAN_ANNOTATE_GROW(1);
        -:  364:	    _Alloc_traits::construct(this->_M_impl, this->_M_impl._M_finish,
        -:  365:				     std::move(__v));
        -:  366:	    ++this->_M_impl._M_finish;
        -:  367:	    _GLIBCXX_ASAN_ANNOTATE_GREW(1);
        -:  368:	  }
        -:  369:	else
        -:  370:	  _M_insert_aux(begin() + __n, std::move(__v));
        -:  371:      else
        -:  372:	_M_realloc_insert(begin() + __n, std::move(__v));
        -:  373:
        -:  374:      return iterator(this->_M_impl._M_start + __n);
        -:  375:    }
        -:  376:
        -:  377:  template<typename _Tp, typename _Alloc>
        -:  378:    template<typename... _Args>
        -:  379:      _GLIBCXX20_CONSTEXPR
        -:  380:      auto
        -:  381:      vector<_Tp, _Alloc>::
        -:  382:      _M_emplace_aux(const_iterator __position, _Args&&... __args)
        -:  383:      -> iterator
        -:  384:      {
        -:  385:	const auto __n = __position - cbegin();
        -:  386:	if (this->_M_impl._M_finish != this->_M_impl._M_end_of_storage)
        -:  387:	  if (__position == cend())
        -:  388:	    {
        -:  389:	      _GLIBCXX_ASAN_ANNOTATE_GROW(1);
        -:  390:	      _Alloc_traits::construct(this->_M_impl, this->_M_impl._M_finish,
        -:  391:				       std::forward<_Args>(__args)...);
        -:  392:	      ++this->_M_impl._M_finish;
        -:  393:	      _GLIBCXX_ASAN_ANNOTATE_GREW(1);
        -:  394:	    }
        -:  395:	  else
        -:  396:	    {
        -:  397:	      // We need to construct a temporary because something in __args...
        -:  398:	      // could alias one of the elements of the container and so we
        -:  399:	      // need to use it before _M_insert_aux moves elements around.
        -:  400:	      _Temporary_value __tmp(this, std::forward<_Args>(__args)...);
        -:  401:	      _M_insert_aux(begin() + __n, std::move(__tmp._M_val()));
        -:  402:	    }
        -:  403:	else
        -:  404:	  _M_realloc_insert(begin() + __n, std::forward<_Args>(__args)...);
        -:  405:
        -:  406:	return iterator(this->_M_impl._M_start + __n);
        -:  407:      }
        -:  408:
        -:  409:  template<typename _Tp, typename _Alloc>
        -:  410:    template<typename _Arg>
        -:  411:      _GLIBCXX20_CONSTEXPR
        -:  412:      void
function _ZNSt6vectorIySaIyEE13_M_insert_auxIyEEvN9__gnu_cxx17__normal_iteratorIPyS1_EEOT_ called 0 returned 0% blocks executed 0%
    #####:  413:      vector<_Tp, _Alloc>::
        -:  414:      _M_insert_aux(iterator __position, _Arg&& __arg)
        -:  415:#else
        -:  416:  template<typename _Tp, typename _Alloc>
        -:  417:    void
        -:  418:    vector<_Tp, _Alloc>::
        -:  419:    _M_insert_aux(iterator __position, const _Tp& __x)
        -:  420:#endif
        -:  421:    {
        -:  422:      _GLIBCXX_ASAN_ANNOTATE_GROW(1);
    #####:  423:      _Alloc_traits::construct(this->_M_impl, this->_M_impl._M_finish,
call    0 never executed
    #####:  424:			       _GLIBCXX_MOVE(*(this->_M_impl._M_finish - 1)));
    %%%%%:  424-block  0
call    0 never executed
    #####:  425:      ++this->_M_impl._M_finish;
        -:  426:      _GLIBCXX_ASAN_ANNOTATE_GREW(1);
        -:  427:#if __cplusplus < 201103L
        -:  428:      _Tp __x_copy = __x;
        -:  429:#endif
    #####:  430:      _GLIBCXX_MOVE_BACKWARD3(__position.base(),
    %%%%%:  430-block  0
call    0 never executed
call    1 never executed
        -:  431:			      this->_M_impl._M_finish - 2,
        -:  432:			      this->_M_impl._M_finish - 1);
        -:  433:#if __cplusplus < 201103L
        -:  434:      *__position = __x_copy;
        -:  435:#else
    #####:  436:      *__position = std::forward<_Arg>(__arg);
call    0 never executed
call    1 never executed
        -:  437:#endif
    #####:  438:    }
        -:  439:
        -:  440:#if __cplusplus >= 201103L
        -:  441:  template<typename _Tp, typename _Alloc>
        -:  442:    template<typename... _Args>
        -:  443:      _GLIBCXX20_CONSTEXPR
        -:  444:      void
     2238:  445:      vector<_Tp, _Alloc>::
        -:  446:      _M_realloc_insert(iterator __position, _Args&&... __args)
        -:  447:#else
        -:  448:  template<typename _Tp, typename _Alloc>
        -:  449:    void
        -:  450:    vector<_Tp, _Alloc>::
        -:  451:    _M_realloc_insert(iterator __position, const _Tp& __x)
        -:  452:#endif
        -:  453:    {
        -:  454:      const size_type __len =
     2238:  455:	_M_check_len(size_type(1), "vector::_M_realloc_insert");
     2238:  456:      pointer __old_start = this->_M_impl._M_start;
     2238:  457:      pointer __old_finish = this->_M_impl._M_finish;
     2238:  458:      const size_type __elems_before = __position - begin();
     2238:  459:      pointer __new_start(this->_M_allocate(__len));
     2238:  460:      pointer __new_finish(__new_start);
        -:  461:      __try
        -:  462:	{
        -:  463:	  // The order of the three operations is dictated by the C++11
        -:  464:	  // case, where the moves could alter a new element belonging
        -:  465:	  // to the existing vector.  This is an issue only for callers
        -:  466:	  // taking the element by lvalue ref (see last bullet of C++11
        -:  467:	  // [res.on.arguments]).
     2238:  468:	  _Alloc_traits::construct(this->_M_impl,
     2238:  469:				   __new_start + __elems_before,
        -:  470:#if __cplusplus >= 201103L
        -:  471:				   std::forward<_Args>(__args)...);
        -:  472:#else
        -:  473:				   __x);
        -:  474:#endif
     2238:  475:	  __new_finish = pointer();
        -:  476:
        -:  477:#if __cplusplus >= 201103L
        -:  478:	  if _GLIBCXX17_CONSTEXPR (_S_use_relocate())
        -:  479:	    {
     2238:  480:	      __new_finish = _S_relocate(__old_start, __position.base(),
     2238:  481:					 __new_start, _M_get_Tp_allocator());
        -:  482:
     2238:  483:	      ++__new_finish;
        -:  484:
     2238:  485:	      __new_finish = _S_relocate(__position.base(), __old_finish,
     2238:  486:					 __new_finish, _M_get_Tp_allocator());
        -:  487:	    }
        -:  488:	  else
        -:  489:#endif
        -:  490:	    {
        -:  491:	      __new_finish
        -:  492:		= std::__uninitialized_move_if_noexcept_a
        -:  493:		(__old_start, __position.base(),
        -:  494:		 __new_start, _M_get_Tp_allocator());
        -:  495:
        -:  496:	      ++__new_finish;
        -:  497:
        -:  498:	      __new_finish
        -:  499:		= std::__uninitialized_move_if_noexcept_a
        -:  500:		(__position.base(), __old_finish,
        -:  501:		 __new_finish, _M_get_Tp_allocator());
        -:  502:	    }
        -:  503:	}
        -:  504:      __catch(...)
        -:  505:	{
        -:  506:	  if (!__new_finish)
        -:  507:	    _Alloc_traits::destroy(this->_M_impl,
        -:  508:				   __new_start + __elems_before);
        -:  509:	  else
        -:  510:	    std::_Destroy(__new_start, __new_finish, _M_get_Tp_allocator());
        -:  511:	  _M_deallocate(__new_start, __len);
        -:  512:	  __throw_exception_again;
        -:  513:	}
        -:  514:#if __cplusplus >= 201103L
        -:  515:      if _GLIBCXX17_CONSTEXPR (!_S_use_relocate())
        -:  516:#endif
        -:  517:	std::_Destroy(__old_start, __old_finish, _M_get_Tp_allocator());
        -:  518:      _GLIBCXX_ASAN_ANNOTATE_REINIT;
     2238:  519:      _M_deallocate(__old_start,
     2238:  520:		    this->_M_impl._M_end_of_storage - __old_start);
     2238:  521:      this->_M_impl._M_start = __new_start;
     2238:  522:      this->_M_impl._M_finish = __new_finish;
     2238:  523:      this->_M_impl._M_end_of_storage = __new_start + __len;
     2238:  524:    }
------------------
_ZNSt6vectorIySaIyEE17_M_realloc_insertIJyEEEvN9__gnu_cxx17__normal_iteratorIPyS1_EEDpOT_:
function _ZNSt6vectorIySaIyEE17_M_realloc_insertIJyEEEvN9__gnu_cxx17__normal_iteratorIPyS1_EEDpOT_ called 1835 returned 100% blocks executed 100%
     1835:  445:      vector<_Tp, _Alloc>::
        -:  446:      _M_realloc_insert(iterator __position, _Args&&... __args)
        -:  447:#else
        -:  448:  template<typename _Tp, typename _Alloc>
        -:  449:    void
        -:  450:    vector<_Tp, _Alloc>::
        -:  451:    _M_realloc_insert(iterator __position, const _Tp& __x)
        -:  452:#endif
        -:  453:    {
        -:  454:      const size_type __len =
     1835:  455:	_M_check_len(size_type(1), "vector::_M_realloc_insert");
     1835:  455-block  0
call    0 returned 1835
     1835:  456:      pointer __old_start = this->_M_impl._M_start;
     1835:  457:      pointer __old_finish = this->_M_impl._M_finish;
     1835:  458:      const size_type __elems_before = __position - begin();
call    0 returned 1835
call    1 returned 1835
     1835:  459:      pointer __new_start(this->_M_allocate(__len));
call    0 returned 1835
     1835:  460:      pointer __new_finish(__new_start);
        -:  461:      __try
        -:  462:	{
        -:  463:	  // The order of the three operations is dictated by the C++11
        -:  464:	  // case, where the moves could alter a new element belonging
        -:  465:	  // to the existing vector.  This is an issue only for callers
        -:  466:	  // taking the element by lvalue ref (see last bullet of C++11
        -:  467:	  // [res.on.arguments]).
     1835:  468:	  _Alloc_traits::construct(this->_M_impl,
call    0 returned 1835
     1835:  469:				   __new_start + __elems_before,
call    0 returned 1835
        -:  470:#if __cplusplus >= 201103L
        -:  471:				   std::forward<_Args>(__args)...);
        -:  472:#else
        -:  473:				   __x);
        -:  474:#endif
     1835:  475:	  __new_finish = pointer();
        -:  476:
        -:  477:#if __cplusplus >= 201103L
        -:  478:	  if _GLIBCXX17_CONSTEXPR (_S_use_relocate())
        -:  479:	    {
     1835:  480:	      __new_finish = _S_relocate(__old_start, __position.base(),
call    0 returned 1835
call    1 returned 1835
     1835:  481:					 __new_start, _M_get_Tp_allocator());
     1835:  481-block  0
call    0 returned 1835
        -:  482:
     1835:  483:	      ++__new_finish;
        -:  484:
     1835:  485:	      __new_finish = _S_relocate(__position.base(), __old_finish,
call    0 returned 1835
call    1 returned 1835
     1835:  486:					 __new_finish, _M_get_Tp_allocator());
call    0 returned 1835
        -:  487:	    }
        -:  488:	  else
        -:  489:#endif
        -:  490:	    {
        -:  491:	      __new_finish
        -:  492:		= std::__uninitialized_move_if_noexcept_a
        -:  493:		(__old_start, __position.base(),
        -:  494:		 __new_start, _M_get_Tp_allocator());
        -:  495:
        -:  496:	      ++__new_finish;
        -:  497:
        -:  498:	      __new_finish
        -:  499:		= std::__uninitialized_move_if_noexcept_a
        -:  500:		(__position.base(), __old_finish,
        -:  501:		 __new_finish, _M_get_Tp_allocator());
        -:  502:	    }
        -:  503:	}
        -:  504:      __catch(...)
        -:  505:	{
        -:  506:	  if (!__new_finish)
        -:  507:	    _Alloc_traits::destroy(this->_M_impl,
        -:  508:				   __new_start + __elems_before);
        -:  509:	  else
        -:  510:	    std::_Destroy(__new_start, __new_finish, _M_get_Tp_allocator());
        -:  511:	  _M_deallocate(__new_start, __len);
        -:  512:	  __throw_exception_again;
        -:  513:	}
        -:  514:#if __cplusplus >= 201103L
        -:  515:      if _GLIBCXX17_CONSTEXPR (!_S_use_relocate())
        -:  516:#endif
        -:  517:	std::_Destroy(__old_start, __old_finish, _M_get_Tp_allocator());
        -:  518:      _GLIBCXX_ASAN_ANNOTATE_REINIT;
     1835:  519:      _M_deallocate(__old_start,
     1835:  520:		    this->_M_impl._M_end_of_storage - __old_start);
call    0 returned 1835
     1835:  521:      this->_M_impl._M_start = __new_start;
     1835:  522:      this->_M_impl._M_finish = __new_finish;
     1835:  523:      this->_M_impl._M_end_of_storage = __new_start + __len;
     1835:  524:    }
------------------
_ZNSt6vectorIySaIyEE17_M_realloc_insertIJRKyEEEvN9__gnu_cxx17__normal_iteratorIPyS1_EEDpOT_:
function _ZNSt6vectorIySaIyEE17_M_realloc_insertIJRKyEEEvN9__gnu_cxx17__normal_iteratorIPyS1_EEDpOT_ called 403 returned 100% blocks executed 100%
      403:  445:      vector<_Tp, _Alloc>::
        -:  446:      _M_realloc_insert(iterator __position, _Args&&... __args)
        -:  447:#else
        -:  448:  template<typename _Tp, typename _Alloc>
        -:  449:    void
        -:  450:    vector<_Tp, _Alloc>::
        -:  451:    _M_realloc_insert(iterator __position, const _Tp& __x)
        -:  452:#endif
        -:  453:    {
        -:  454:      const size_type __len =
      403:  455:	_M_check_len(size_type(1), "vector::_M_realloc_insert");
      403:  455-block  0
call    0 returned 403
      403:  456:      pointer __old_start = this->_M_impl._M_start;
      403:  457:      pointer __old_finish = this->_M_impl._M_finish;
      403:  458:      const size_type __elems_before = __position - begin();
call    0 returned 403
call    1 returned 403
      403:  459:      pointer __new_start(this->_M_allocate(__len));
call    0 returned 403
      403:  460:      pointer __new_finish(__new_start);
        -:  461:      __try
        -:  462:	{
        -:  463:	  // The order of the three operations is dictated by the C++11
        -:  464:	  // case, where the moves could alter a new element belonging
        -:  465:	  // to the existing vector.  This is an issue only for callers
        -:  466:	  // taking the element by lvalue ref (see last bullet of C++11
        -:  467:	  // [res.on.arguments]).
      403:  468:	  _Alloc_traits::construct(this->_M_impl,
call    0 returned 403
      403:  469:				   __new_start + __elems_before,
call    0 returned 403
        -:  470:#if __cplusplus >= 201103L
        -:  471:				   std::forward<_Args>(__args)...);
        -:  472:#else
        -:  473:				   __x);
        -:  474:#endif
      403:  475:	  __new_finish = pointer();
        -:  476:
        -:  477:#if __cplusplus >= 201103L
        -:  478:	  if _GLIBCXX17_CONSTEXPR (_S_use_relocate())
        -:  479:	    {
      403:  480:	      __new_finish = _S_relocate(__old_start, __position.base(),
call    0 returned 403
call    1 returned 403
      403:  481:					 __new_start, _M_get_Tp_allocator());
      403:  481-block  0
call    0 returned 403
        -:  482:
      403:  483:	      ++__new_finish;
        -:  484:
      403:  485:	      __new_finish = _S_relocate(__position.base(), __old_finish,
call    0 returned 403
call    1 returned 403
      403:  486:					 __new_finish, _M_get_Tp_allocator());
call    0 returned 403
        -:  487:	    }
        -:  488:	  else
        -:  489:#endif
        -:  490:	    {
        -:  491:	      __new_finish
        -:  492:		= std::__uninitialized_move_if_noexcept_a
        -:  493:		(__old_start, __position.base(),
        -:  494:		 __new_start, _M_get_Tp_allocator());
        -:  495:
        -:  496:	      ++__new_finish;
        -:  497:
        -:  498:	      __new_finish
        -:  499:		= std::__uninitialized_move_if_noexcept_a
        -:  500:		(__position.base(), __old_finish,
        -:  501:		 __new_finish, _M_get_Tp_allocator());
        -:  502:	    }
        -:  503:	}
        -:  504:      __catch(...)
        -:  505:	{
        -:  506:	  if (!__new_finish)
        -:  507:	    _Alloc_traits::destroy(this->_M_impl,
        -:  508:				   __new_start + __elems_before);
        -:  509:	  else
        -:  510:	    std::_Destroy(__new_start, __new_finish, _M_get_Tp_allocator());
        -:  511:	  _M_deallocate(__new_start, __len);
        -:  512:	  __throw_exception_again;
        -:  513:	}
        -:  514:#if __cplusplus >= 201103L
        -:  515:      if _GLIBCXX17_CONSTEXPR (!_S_use_relocate())
        -:  516:#endif
        -:  517:	std::_Destroy(__old_start, __old_finish, _M_get_Tp_allocator());
        -:  518:      _GLIBCXX_ASAN_ANNOTATE_REINIT;
      403:  519:      _M_deallocate(__old_start,
      403:  520:		    this->_M_impl._M_end_of_storage - __old_start);
call    0 returned 403
      403:  521:      this->_M_impl._M_start = __new_start;
      403:  522:      this->_M_impl._M_finish = __new_finish;
      403:  523:      this->_M_impl._M_end_of_storage = __new_start + __len;
      403:  524:    }
------------------
        -:  525:
        -:  526:  template<typename _Tp, typename _Alloc>
        -:  527:    _GLIBCXX20_CONSTEXPR
        -:  528:    void
function _ZNSt6vectorIySaIyEE14_M_fill_insertEN9__gnu_cxx17__normal_iteratorIPyS1_EEmRKy called 174 returned 100% blocks executed 57%
      174:  529:    vector<_Tp, _Alloc>::
        -:  530:    _M_fill_insert(iterator __position, size_type __n, const value_type& __x)
        -:  531:    {
      174:  532:      if (__n != 0)
      174:  532-block  0
branch  0 taken 174 (fallthrough)
branch  1 taken 0
        -:  533:	{
      174:  534:	  if (size_type(this->_M_impl._M_end_of_storage
      174:  535:			- this->_M_impl._M_finish) >= __n)
      174:  535-block  0
branch  0 taken 7 (fallthrough)
branch  1 taken 167
        -:  536:	    {
        -:  537:#if __cplusplus < 201103L
        -:  538:	      value_type __x_copy = __x;
        -:  539:#else
        7:  540:	      _Temporary_value __tmp(this, __x);
        7:  540-block  0
call    0 returned 7
branch  1 taken 7 (fallthrough)
branch  2 taken 0 (throw)
        7:  541:	      value_type& __x_copy = __tmp._M_val();
        7:  541-block  0
call    0 returned 7
        -:  542:#endif
        7:  543:	      const size_type __elems_after = end() - __position;
call    0 returned 7
call    1 returned 7
        7:  544:	      pointer __old_finish(this->_M_impl._M_finish);
        7:  545:	      if (__elems_after > __n)
branch  0 taken 0 (fallthrough)
branch  1 taken 7
        -:  546:		{
        -:  547:		  _GLIBCXX_ASAN_ANNOTATE_GROW(__n);
    #####:  548:		  std::__uninitialized_move_a(__old_finish - __n,
call    0 never executed
branch  1 never executed (fallthrough)
branch  2 never executed (throw)
        -:  549:					      __old_finish,
        -:  550:					      __old_finish,
    #####:  551:					      _M_get_Tp_allocator());
    %%%%%:  551-block  0
call    0 never executed
    #####:  552:		  this->_M_impl._M_finish += __n;
        -:  553:		  _GLIBCXX_ASAN_ANNOTATE_GREW(__n);
    #####:  554:		  _GLIBCXX_MOVE_BACKWARD3(__position.base(),
    %%%%%:  554-block  0
call    0 never executed
call    1 never executed
branch  2 never executed (fallthrough)
branch  3 never executed (throw)
        -:  555:					  __old_finish - __n, __old_finish);
    #####:  556:		  std::fill(__position.base(), __position.base() + __n,
    %%%%%:  556-block  0
call    0 never executed
call    1 never executed
call    2 never executed
branch  3 never executed (fallthrough)
branch  4 never executed (throw)
        -:  557:			    __x_copy);
        -:  558:		}
        -:  559:	      else
        -:  560:		{
        -:  561:		  _GLIBCXX_ASAN_ANNOTATE_GROW(__n);
        7:  562:		  this->_M_impl._M_finish =
        7:  563:		    std::__uninitialized_fill_n_a(__old_finish,
call    0 returned 7
branch  1 taken 7 (fallthrough)
branch  2 taken 0 (throw)
        -:  564:						  __n - __elems_after,
        -:  565:						  __x_copy,
        7:  566:						  _M_get_Tp_allocator());
        7:  566-block  0
call    0 returned 7
        -:  567:		  _GLIBCXX_ASAN_ANNOTATE_GREW(__n - __elems_after);
        7:  568:		  std::__uninitialized_move_a(__position.base(), __old_finish,
call    0 returned 7
call    1 returned 7
branch  2 taken 7 (fallthrough)
branch  3 taken 0 (throw)
        -:  569:					      this->_M_impl._M_finish,
        7:  570:					      _M_get_Tp_allocator());
        7:  570-block  0
call    0 returned 7
        7:  571:		  this->_M_impl._M_finish += __elems_after;
        -:  572:		  _GLIBCXX_ASAN_ANNOTATE_GREW(__elems_after);
        7:  573:		  std::fill(__position.base(), __old_finish, __x_copy);
        7:  573-block  0
call    0 returned 7
call    1 returned 7
branch  2 taken 7 (fallthrough)
branch  3 taken 0 (throw)
        -:  574:		}
        7:  575:	    }
        7:  575-block  0
call    0 returned 7
    $$$$$:  575-block  1
call    1 never executed
        -:  576:	  else
        -:  577:	    {
        -:  578:	      // Make local copies of these members because the compiler thinks
        -:  579:	      // the allocator can alter them if 'this' is globally reachable.
      167:  580:	      pointer __old_start = this->_M_impl._M_start;
      167:  581:	      pointer __old_finish = this->_M_impl._M_finish;
      167:  582:	      const pointer __pos = __position.base();
      167:  582-block  0
call    0 returned 167
        -:  583:
        -:  584:	      const size_type __len =
      167:  585:		_M_check_len(__n, "vector::_M_fill_insert");
call    0 returned 167
      167:  586:	      const size_type __elems_before = __pos - __old_start;
      167:  587:	      pointer __new_start(this->_M_allocate(__len));
call    0 returned 167
      167:  588:	      pointer __new_finish(__new_start);
        -:  589:	      __try
        -:  590:		{
        -:  591:		  // See _M_realloc_insert above.
      167:  592:		  std::__uninitialized_fill_n_a(__new_start + __elems_before,
call    0 returned 167
branch  1 taken 167 (fallthrough)
branch  2 taken 0 (throw)
        -:  593:						__n, __x,
      167:  594:						_M_get_Tp_allocator());
call    0 returned 167
      167:  595:		  __new_finish = pointer();
        -:  596:
        -:  597:		  __new_finish
        -:  598:		    = std::__uninitialized_move_if_noexcept_a
      167:  599:		    (__old_start, __pos, __new_start, _M_get_Tp_allocator());
      167:  599-block  0
call    0 returned 167
call    1 returned 167
branch  2 taken 167 (fallthrough)
branch  3 taken 0 (throw)
        -:  600:
      167:  601:		  __new_finish += __n;
        -:  602:
        -:  603:		  __new_finish
        -:  604:		    = std::__uninitialized_move_if_noexcept_a
      167:  605:		    (__pos, __old_finish, __new_finish, _M_get_Tp_allocator());
      167:  605-block  0
call    0 returned 167
call    1 returned 167
branch  2 taken 167 (fallthrough)
branch  3 taken 0 (throw)
        -:  606:		}
    =====:  607:	      __catch(...)
    $$$$$:  607-block  0
    $$$$$:  607-block  1
call    0 never executed
    $$$$$:  607-block  2
call    1 never executed
        -:  608:		{
    =====:  609:		  if (!__new_finish)
branch  0 never executed (fallthrough)
branch  1 never executed
    =====:  610:		    std::_Destroy(__new_start + __elems_before,
    =====:  611:				  __new_start + __elems_before + __n,
call    0 never executed
branch  1 never executed (fallthrough)
branch  2 never executed (throw)
    =====:  612:				  _M_get_Tp_allocator());
    $$$$$:  612-block  0
call    0 never executed
        -:  613:		  else
        -:  614:		    std::_Destroy(__new_start, __new_finish,
    =====:  615:				  _M_get_Tp_allocator());
    $$$$$:  615-block  0
call    0 never executed
    =====:  616:		  _M_deallocate(__new_start, __len);
    $$$$$:  616-block  0
call    0 never executed
branch  1 never executed (fallthrough)
branch  2 never executed (throw)
    =====:  617:		  __throw_exception_again;
    $$$$$:  617-block  0
call    0 never executed
        -:  618:		}
      167:  619:	      std::_Destroy(__old_start, __old_finish, _M_get_Tp_allocator());
      167:  619-block  0
call    0 returned 167
        -:  620:	      _GLIBCXX_ASAN_ANNOTATE_REINIT;
      167:  621:	      _M_deallocate(__old_start,
      167:  622:			    this->_M_impl._M_end_of_storage - __old_start);
      167:  622-block  0
call    0 returned 167
      167:  623:	      this->_M_impl._M_start = __new_start;
      167:  624:	      this->_M_impl._M_finish = __new_finish;
      167:  625:	      this->_M_impl._M_end_of_storage = __new_start + __len;
        -:  626:	    }
        -:  627:	}
      174:  628:    }
      174:  628-block  0
        -:  629:
        -:  630:#if __cplusplus >= 201103L
        -:  631:  template<typename _Tp, typename _Alloc>
        -:  632:    _GLIBCXX20_CONSTEXPR
        -:  633:    void
      660:  634:    vector<_Tp, _Alloc>::
        -:  635:    _M_default_append(size_type __n)
        -:  636:    {
      660:  637:      if (__n != 0)
        -:  638:	{
      660:  639:	  const size_type __size = size();
      660:  640:	  size_type __navail = size_type(this->_M_impl._M_end_of_storage
      660:  641:					 - this->_M_impl._M_finish);
        -:  642:
     660*:  643:	  if (__size > max_size() || __navail > max_size() - __size)
    #####:  644:	    __builtin_unreachable();
        -:  645:
      660:  646:	  if (__navail >= __n)
        -:  647:	    {
        -:  648:	      _GLIBCXX_ASAN_ANNOTATE_GROW(__n);
    #####:  649:	      this->_M_impl._M_finish =
    #####:  650:		std::__uninitialized_default_n_a(this->_M_impl._M_finish,
    #####:  651:						 __n, _M_get_Tp_allocator());
        -:  652:	      _GLIBCXX_ASAN_ANNOTATE_GREW(__n);
        -:  653:	    }
        -:  654:	  else
        -:  655:	    {
        -:  656:	      // Make local copies of these members because the compiler thinks
        -:  657:	      // the allocator can alter them if 'this' is globally reachable.
      660:  658:	      pointer __old_start = this->_M_impl._M_start;
      660:  659:	      pointer __old_finish = this->_M_impl._M_finish;
        -:  660:
        -:  661:	      const size_type __len =
      660:  662:		_M_check_len(__n, "vector::_M_default_append");
      660:  663:	      pointer __new_start(this->_M_allocate(__len));
        -:  664:	      if _GLIBCXX17_CONSTEXPR (_S_use_relocate())
        -:  665:		{
        -:  666:		  __try
        -:  667:		    {
      660:  668:		      std::__uninitialized_default_n_a(__new_start + __size,
      660:  669:			      __n, _M_get_Tp_allocator());
        -:  670:		    }
    =====:  671:		  __catch(...)
        -:  672:		    {
    =====:  673:		      _M_deallocate(__new_start, __len);
    =====:  674:		      __throw_exception_again;
        -:  675:		    }
      660:  676:		  _S_relocate(__old_start, __old_finish,
      660:  677:			      __new_start, _M_get_Tp_allocator());
        -:  678:		}
        -:  679:	      else
        -:  680:		{
        -:  681:		  pointer __destroy_from = pointer();
        -:  682:		  __try
        -:  683:		    {
        -:  684:		      std::__uninitialized_default_n_a(__new_start + __size,
        -:  685:			      __n, _M_get_Tp_allocator());
        -:  686:		      __destroy_from = __new_start + __size;
        -:  687:		      std::__uninitialized_move_if_noexcept_a(
        -:  688:			      __old_start, __old_finish,
        -:  689:			      __new_start, _M_get_Tp_allocator());
        -:  690:		    }
        -:  691:		  __catch(...)
        -:  692:		    {
        -:  693:		      if (__destroy_from)
        -:  694:			std::_Destroy(__destroy_from, __destroy_from + __n,
        -:  695:				      _M_get_Tp_allocator());
        -:  696:		      _M_deallocate(__new_start, __len);
        -:  697:		      __throw_exception_again;
        -:  698:		    }
        -:  699:		  std::_Destroy(__old_start, __old_finish,
        -:  700:				_M_get_Tp_allocator());
        -:  701:		}
        -:  702:	      _GLIBCXX_ASAN_ANNOTATE_REINIT;
      660:  703:	      _M_deallocate(__old_start,
      660:  704:			    this->_M_impl._M_end_of_storage - __old_start);
      660:  705:	      this->_M_impl._M_start = __new_start;
      660:  706:	      this->_M_impl._M_finish = __new_start + __size + __n;
      660:  707:	      this->_M_impl._M_end_of_storage = __new_start + __len;
        -:  708:	    }
        -:  709:	}
      660:  710:    }
------------------
_ZNSt6vectorISt7complexIdESaIS1_EE17_M_default_appendEm:
function _ZNSt6vectorISt7complexIdESaIS1_EE17_M_default_appendEm called 2 returned 100% blocks executed 66%
        2:  634:    vector<_Tp, _Alloc>::
        -:  635:    _M_default_append(size_type __n)
        -:  636:    {
        2:  637:      if (__n != 0)
        2:  637-block  0
branch  0 taken 2 (fallthrough)
branch  1 taken 0
        -:  638:	{
        2:  639:	  const size_type __size = size();
        2:  639-block  0
call    0 returned 2
        2:  640:	  size_type __navail = size_type(this->_M_impl._M_end_of_storage
        2:  641:					 - this->_M_impl._M_finish);
        -:  642:
       2*:  643:	  if (__size > max_size() || __navail > max_size() - __size)
call    0 returned 2
branch  1 taken 2 (fallthrough)
branch  2 taken 0
        2:  643-block  0
call    3 returned 2
branch  4 taken 0 (fallthrough)
branch  5 taken 2
    %%%%%:  643-block  1
        2:  643-block  2
        2:  643-block  3
branch  6 taken 0 (fallthrough)
branch  7 taken 2
    #####:  644:	    __builtin_unreachable();
    %%%%%:  644-block  0
call    0 never executed
        -:  645:
        2:  646:	  if (__navail >= __n)
        2:  646-block  0
branch  0 taken 0 (fallthrough)
branch  1 taken 2
        -:  647:	    {
        -:  648:	      _GLIBCXX_ASAN_ANNOTATE_GROW(__n);
    #####:  649:	      this->_M_impl._M_finish =
    #####:  650:		std::__uninitialized_default_n_a(this->_M_impl._M_finish,
call    0 never executed
    #####:  651:						 __n, _M_get_Tp_allocator());
    %%%%%:  651-block  0
call    0 never executed
        -:  652:	      _GLIBCXX_ASAN_ANNOTATE_GREW(__n);
        -:  653:	    }
        -:  654:	  else
        -:  655:	    {
        -:  656:	      // Make local copies of these members because the compiler thinks
        -:  657:	      // the allocator can alter them if 'this' is globally reachable.
        2:  658:	      pointer __old_start = this->_M_impl._M_start;
        2:  659:	      pointer __old_finish = this->_M_impl._M_finish;
        -:  660:
        -:  661:	      const size_type __len =
        2:  662:		_M_check_len(__n, "vector::_M_default_append");
        2:  662-block  0
call    0 returned 2
        2:  663:	      pointer __new_start(this->_M_allocate(__len));
call    0 returned 2
        -:  664:	      if _GLIBCXX17_CONSTEXPR (_S_use_relocate())
        -:  665:		{
        -:  666:		  __try
        -:  667:		    {
        2:  668:		      std::__uninitialized_default_n_a(__new_start + __size,
call    0 returned 2
branch  1 taken 2 (fallthrough)
branch  2 taken 0 (throw)
        2:  669:			      __n, _M_get_Tp_allocator());
call    0 returned 2
        -:  670:		    }
    =====:  671:		  __catch(...)
    $$$$$:  671-block  0
    $$$$$:  671-block  1
call    0 never executed
    $$$$$:  671-block  2
call    1 never executed
        -:  672:		    {
    =====:  673:		      _M_deallocate(__new_start, __len);
call    0 never executed
branch  1 never executed (fallthrough)
branch  2 never executed (throw)
    =====:  674:		      __throw_exception_again;
    $$$$$:  674-block  0
call    0 never executed
        -:  675:		    }
        2:  676:		  _S_relocate(__old_start, __old_finish,
call    0 returned 2
        2:  677:			      __new_start, _M_get_Tp_allocator());
        2:  677-block  0
call    0 returned 2
        -:  678:		}
        -:  679:	      else
        -:  680:		{
        -:  681:		  pointer __destroy_from = pointer();
        -:  682:		  __try
        -:  683:		    {
        -:  684:		      std::__uninitialized_default_n_a(__new_start + __size,
        -:  685:			      __n, _M_get_Tp_allocator());
        -:  686:		      __destroy_from = __new_start + __size;
        -:  687:		      std::__uninitialized_move_if_noexcept_a(
        -:  688:			      __old_start, __old_finish,
        -:  689:			      __new_start, _M_get_Tp_allocator());
        -:  690:		    }
        -:  691:		  __catch(...)
        -:  692:		    {
        -:  693:		      if (__destroy_from)
        -:  694:			std::_Destroy(__destroy_from, __destroy_from + __n,
        -:  695:				      _M_get_Tp_allocator());
        -:  696:		      _M_deallocate(__new_start, __len);
        -:  697:		      __throw_exception_again;
        -:  698:		    }
        -:  699:		  std::_Destroy(__old_start, __old_finish,
        -:  700:				_M_get_Tp_allocator());
        -:  701:		}
        -:  702:	      _GLIBCXX_ASAN_ANNOTATE_REINIT;
        2:  703:	      _M_deallocate(__old_start,
        2:  704:			    this->_M_impl._M_end_of_storage - __old_start);
call    0 returned 2
        2:  705:	      this->_M_impl._M_start = __new_start;
        2:  706:	      this->_M_impl._M_finish = __new_start + __size + __n;
        2:  707:	      this->_M_impl._M_end_of_storage = __new_start + __len;
        -:  708:	    }
        -:  709:	}
        2:  710:    }
        2:  710-block  0
------------------
_ZNSt6vectorIySaIyEE17_M_default_appendEm:
function _ZNSt6vectorIySaIyEE17_M_default_appendEm called 658 returned 100% blocks executed 66%
      658:  634:    vector<_Tp, _Alloc>::
        -:  635:    _M_default_append(size_type __n)
        -:  636:    {
      658:  637:      if (__n != 0)
      658:  637-block  0
branch  0 taken 658 (fallthrough)
branch  1 taken 0
        -:  638:	{
      658:  639:	  const size_type __size = size();
      658:  639-block  0
call    0 returned 658
      658:  640:	  size_type __navail = size_type(this->_M_impl._M_end_of_storage
      658:  641:					 - this->_M_impl._M_finish);
        -:  642:
     658*:  643:	  if (__size > max_size() || __navail > max_size() - __size)
call    0 returned 658
branch  1 taken 658 (fallthrough)
branch  2 taken 0
      658:  643-block  0
call    3 returned 658
branch  4 taken 0 (fallthrough)
branch  5 taken 658
    %%%%%:  643-block  1
      658:  643-block  2
      658:  643-block  3
branch  6 taken 0 (fallthrough)
branch  7 taken 658
    #####:  644:	    __builtin_unreachable();
    %%%%%:  644-block  0
call    0 never executed
        -:  645:
      658:  646:	  if (__navail >= __n)
      658:  646-block  0
branch  0 taken 0 (fallthrough)
branch  1 taken 658
        -:  647:	    {
        -:  648:	      _GLIBCXX_ASAN_ANNOTATE_GROW(__n);
    #####:  649:	      this->_M_impl._M_finish =
    #####:  650:		std::__uninitialized_default_n_a(this->_M_impl._M_finish,
call    0 never executed
    #####:  651:						 __n, _M_get_Tp_allocator());
    %%%%%:  651-block  0
call    0 never executed
        -:  652:	      _GLIBCXX_ASAN_ANNOTATE_GREW(__n);
        -:  653:	    }
        -:  654:	  else
        -:  655:	    {
        -:  656:	      // Make local copies of these members because the compiler thinks
        -:  657:	      // the allocator can alter them if 'this' is globally reachable.
      658:  658:	      pointer __old_start = this->_M_impl._M_start;
      658:  659:	      pointer __old_finish = this->_M_impl._M_finish;
        -:  660:
        -:  661:	      const size_type __len =
      658:  662:		_M_check_len(__n, "vector::_M_default_append");
      658:  662-block  0
call    0 returned 658
      658:  663:	      pointer __new_start(this->_M_allocate(__len));
call    0 returned 658
        -:  664:	      if _GLIBCXX17_CONSTEXPR (_S_use_relocate())
        -:  665:		{
        -:  666:		  __try
        -:  667:		    {
      658:  668:		      std::__uninitialized_default_n_a(__new_start + __size,
call    0 returned 658
branch  1 taken 658 (fallthrough)
branch  2 taken 0 (throw)
      658:  669:			      __n, _M_get_Tp_allocator());
call    0 returned 658
        -:  670:		    }
    =====:  671:		  __catch(...)
    $$$$$:  671-block  0
    $$$$$:  671-block  1
call    0 never executed
    $$$$$:  671-block  2
call    1 never executed
        -:  672:		    {
    =====:  673:		      _M_deallocate(__new_start, __len);
call    0 never executed
branch  1 never executed (fallthrough)
branch  2 never executed (throw)
    =====:  674:		      __throw_exception_again;
    $$$$$:  674-block  0
call    0 never executed
        -:  675:		    }
      658:  676:		  _S_relocate(__old_start, __old_finish,
call    0 returned 658
      658:  677:			      __new_start, _M_get_Tp_allocator());
      658:  677-block  0
call    0 returned 658
        -:  678:		}
        -:  679:	      else
        -:  680:		{
        -:  681:		  pointer __destroy_from = pointer();
        -:  682:		  __try
        -:  683:		    {
        -:  684:		      std::__uninitialized_default_n_a(__new_start + __size,
        -:  685:			      __n, _M_get_Tp_allocator());
        -:  686:		      __destroy_from = __new_start + __size;
        -:  687:		      std::__uninitialized_move_if_noexcept_a(
        -:  688:			      __old_start, __old_finish,
        -:  689:			      __new_start, _M_get_Tp_allocator());
        -:  690:		    }
        -:  691:		  __catch(...)
        -:  692:		    {
        -:  693:		      if (__destroy_from)
        -:  694:			std::_Destroy(__destroy_from, __destroy_from + __n,
        -:  695:				      _M_get_Tp_allocator());
        -:  696:		      _M_deallocate(__new_start, __len);
        -:  697:		      __throw_exception_again;
        -:  698:		    }
        -:  699:		  std::_Destroy(__old_start, __old_finish,
        -:  700:				_M_get_Tp_allocator());
        -:  701:		}
        -:  702:	      _GLIBCXX_ASAN_ANNOTATE_REINIT;
      658:  703:	      _M_deallocate(__old_start,
      658:  704:			    this->_M_impl._M_end_of_storage - __old_start);
call    0 returned 658
      658:  705:	      this->_M_impl._M_start = __new_start;
      658:  706:	      this->_M_impl._M_finish = __new_start + __size + __n;
      658:  707:	      this->_M_impl._M_end_of_storage = __new_start + __len;
        -:  708:	    }
        -:  709:	}
      658:  710:    }
      658:  710-block  0
------------------
        -:  711:
        -:  712:  template<typename _Tp, typename _Alloc>
        -:  713:    _GLIBCXX20_CONSTEXPR
        -:  714:    bool
        -:  715:    vector<_Tp, _Alloc>::
        -:  716:    _M_shrink_to_fit()
        -:  717:    {
        -:  718:      if (capacity() == size())
        -:  719:	return false;
        -:  720:      _GLIBCXX_ASAN_ANNOTATE_REINIT;
        -:  721:      return std::__shrink_to_fit_aux<vector>::_S_do_it(*this);
        -:  722:    }
        -:  723:#endif
        -:  724:
        -:  725:  template<typename _Tp, typename _Alloc>
        -:  726:    template<typename _InputIterator>
        -:  727:      _GLIBCXX20_CONSTEXPR
        -:  728:      void
        -:  729:      vector<_Tp, _Alloc>::
        -:  730:      _M_range_insert(iterator __pos, _InputIterator __first,
        -:  731:		      _InputIterator __last, std::input_iterator_tag)
        -:  732:      {
        -:  733:	if (__pos == end())
        -:  734:	  {
        -:  735:	    for (; __first != __last; ++__first)
        -:  736:	      insert(end(), *__first);
        -:  737:	  }
        -:  738:	else if (__first != __last)
        -:  739:	  {
        -:  740:	    vector __tmp(__first, __last, _M_get_Tp_allocator());
        -:  741:	    insert(__pos,
        -:  742:		   _GLIBCXX_MAKE_MOVE_ITERATOR(__tmp.begin()),
        -:  743:		   _GLIBCXX_MAKE_MOVE_ITERATOR(__tmp.end()));
        -:  744:	  }
        -:  745:      }
        -:  746:
        -:  747:  template<typename _Tp, typename _Alloc>
        -:  748:    template<typename _ForwardIterator>
        -:  749:      _GLIBCXX20_CONSTEXPR
        -:  750:      void
        -:  751:      vector<_Tp, _Alloc>::
        -:  752:      _M_range_insert(iterator __position, _ForwardIterator __first,
        -:  753:		      _ForwardIterator __last, std::forward_iterator_tag)
        -:  754:      {
        -:  755:	if (__first != __last)
        -:  756:	  {
        -:  757:	    const size_type __n = std::distance(__first, __last);
        -:  758:	    if (size_type(this->_M_impl._M_end_of_storage
        -:  759:			  - this->_M_impl._M_finish) >= __n)
        -:  760:	      {
        -:  761:		const size_type __elems_after = end() - __position;
        -:  762:		pointer __old_finish(this->_M_impl._M_finish);
        -:  763:		if (__elems_after > __n)
        -:  764:		  {
        -:  765:		    _GLIBCXX_ASAN_ANNOTATE_GROW(__n);
        -:  766:		    std::__uninitialized_move_a(this->_M_impl._M_finish - __n,
        -:  767:						this->_M_impl._M_finish,
        -:  768:						this->_M_impl._M_finish,
        -:  769:						_M_get_Tp_allocator());
        -:  770:		    this->_M_impl._M_finish += __n;
        -:  771:		    _GLIBCXX_ASAN_ANNOTATE_GREW(__n);
        -:  772:		    _GLIBCXX_MOVE_BACKWARD3(__position.base(),
        -:  773:					    __old_finish - __n, __old_finish);
        -:  774:		    std::copy(__first, __last, __position);
        -:  775:		  }
        -:  776:		else
        -:  777:		  {
        -:  778:		    _ForwardIterator __mid = __first;
        -:  779:		    std::advance(__mid, __elems_after);
        -:  780:		    _GLIBCXX_ASAN_ANNOTATE_GROW(__n);
        -:  781:		    std::__uninitialized_copy_a(__mid, __last,
        -:  782:						this->_M_impl._M_finish,
        -:  783:						_M_get_Tp_allocator());
        -:  784:		    this->_M_impl._M_finish += __n - __elems_after;
        -:  785:		    _GLIBCXX_ASAN_ANNOTATE_GREW(__n - __elems_after);
        -:  786:		    std::__uninitialized_move_a(__position.base(),
        -:  787:						__old_finish,
        -:  788:						this->_M_impl._M_finish,
        -:  789:						_M_get_Tp_allocator());
        -:  790:		    this->_M_impl._M_finish += __elems_after;
        -:  791:		    _GLIBCXX_ASAN_ANNOTATE_GREW(__elems_after);
        -:  792:		    std::copy(__first, __mid, __position);
        -:  793:		  }
        -:  794:	      }
        -:  795:	    else
        -:  796:	      {
        -:  797:		// Make local copies of these members because the compiler
        -:  798:		// thinks the allocator can alter them if 'this' is globally
        -:  799:		// reachable.
        -:  800:		pointer __old_start = this->_M_impl._M_start;
        -:  801:		pointer __old_finish = this->_M_impl._M_finish;
        -:  802:
        -:  803:		const size_type __len =
        -:  804:		  _M_check_len(__n, "vector::_M_range_insert");
        -:  805:		pointer __new_start(this->_M_allocate(__len));
        -:  806:		pointer __new_finish(__new_start);
        -:  807:		__try
        -:  808:		  {
        -:  809:		    __new_finish
        -:  810:		      = std::__uninitialized_move_if_noexcept_a
        -:  811:		      (__old_start, __position.base(),
        -:  812:		       __new_start, _M_get_Tp_allocator());
        -:  813:		    __new_finish
        -:  814:		      = std::__uninitialized_copy_a(__first, __last,
        -:  815:						    __new_finish,
        -:  816:						    _M_get_Tp_allocator());
        -:  817:		    __new_finish
        -:  818:		      = std::__uninitialized_move_if_noexcept_a
        -:  819:		      (__position.base(), __old_finish,
        -:  820:		       __new_finish, _M_get_Tp_allocator());
        -:  821:		  }
        -:  822:		__catch(...)
        -:  823:		  {
        -:  824:		    std::_Destroy(__new_start, __new_finish,
        -:  825:				  _M_get_Tp_allocator());
        -:  826:		    _M_deallocate(__new_start, __len);
        -:  827:		    __throw_exception_again;
        -:  828:		  }
        -:  829:		std::_Destroy(__old_start, __old_finish,
        -:  830:			      _M_get_Tp_allocator());
        -:  831:		_GLIBCXX_ASAN_ANNOTATE_REINIT;
        -:  832:		_M_deallocate(__old_start,
        -:  833:			      this->_M_impl._M_end_of_storage - __old_start);
        -:  834:		this->_M_impl._M_start = __new_start;
        -:  835:		this->_M_impl._M_finish = __new_finish;
        -:  836:		this->_M_impl._M_end_of_storage = __new_start + __len;
        -:  837:	      }
        -:  838:	  }
        -:  839:      }
        -:  840:
        -:  841:
        -:  842:  // vector<bool>
        -:  843:  template<typename _Alloc>
        -:  844:    _GLIBCXX20_CONSTEXPR
        -:  845:    void
        -:  846:    vector<bool, _Alloc>::
        -:  847:    _M_reallocate(size_type __n)
        -:  848:    {
        -:  849:      _Bit_pointer __q = this->_M_allocate(__n);
        -:  850:      iterator __start(std::__addressof(*__q), 0);
        -:  851:      iterator __finish(_M_copy_aligned(begin(), end(), __start));
        -:  852:      this->_M_deallocate();
        -:  853:      this->_M_impl._M_start = __start;
        -:  854:      this->_M_impl._M_finish = __finish;
        -:  855:      this->_M_impl._M_end_of_storage = __q + _S_nword(__n);
        -:  856:    }
        -:  857:
        -:  858:  template<typename _Alloc>
        -:  859:    _GLIBCXX20_CONSTEXPR
        -:  860:    void
        -:  861:    vector<bool, _Alloc>::
        -:  862:    _M_fill_insert(iterator __position, size_type __n, bool __x)
        -:  863:    {
        -:  864:      if (__n == 0)
        -:  865:	return;
        -:  866:      if (capacity() - size() >= __n)
        -:  867:	{
        -:  868:	  std::copy_backward(__position, end(),
        -:  869:			     this->_M_impl._M_finish + difference_type(__n));
        -:  870:	  std::fill(__position, __position + difference_type(__n), __x);
        -:  871:	  this->_M_impl._M_finish += difference_type(__n);
        -:  872:	}
        -:  873:      else
        -:  874:	{
        -:  875:	  const size_type __len = 
        -:  876:	    _M_check_len(__n, "vector<bool>::_M_fill_insert");
        -:  877:	  _Bit_pointer __q = this->_M_allocate(__len);
        -:  878:	  iterator __start(std::__addressof(*__q), 0);
        -:  879:	  iterator __i = _M_copy_aligned(begin(), __position, __start);
        -:  880:	  std::fill(__i, __i + difference_type(__n), __x);
        -:  881:	  iterator __finish = std::copy(__position, end(),
        -:  882:					__i + difference_type(__n));
        -:  883:	  this->_M_deallocate();
        -:  884:	  this->_M_impl._M_end_of_storage = __q + _S_nword(__len);
        -:  885:	  this->_M_impl._M_start = __start;
        -:  886:	  this->_M_impl._M_finish = __finish;
        -:  887:	}
        -:  888:    }
        -:  889:
        -:  890:  template<typename _Alloc>
        -:  891:    template<typename _ForwardIterator>
        -:  892:      _GLIBCXX20_CONSTEXPR
        -:  893:      void
        -:  894:      vector<bool, _Alloc>::
        -:  895:      _M_insert_range(iterator __position, _ForwardIterator __first, 
        -:  896:		      _ForwardIterator __last, std::forward_iterator_tag)
        -:  897:      {
        -:  898:	if (__first != __last)
        -:  899:	  {
        -:  900:	    size_type __n = std::distance(__first, __last);
        -:  901:	    if (capacity() - size() >= __n)
        -:  902:	      {
        -:  903:		std::copy_backward(__position, end(),
        -:  904:				   this->_M_impl._M_finish
        -:  905:				   + difference_type(__n));
        -:  906:		std::copy(__first, __last, __position);
        -:  907:		this->_M_impl._M_finish += difference_type(__n);
        -:  908:	      }
        -:  909:	    else
        -:  910:	      {
        -:  911:		const size_type __len =
        -:  912:		  _M_check_len(__n, "vector<bool>::_M_insert_range");
        -:  913:		const iterator __begin = begin(), __end = end();
        -:  914:		_Bit_pointer __q = this->_M_allocate(__len);
        -:  915:		iterator __start(std::__addressof(*__q), 0);
        -:  916:		iterator __i = _M_copy_aligned(__begin, __position, __start);
        -:  917:		__i = std::copy(__first, __last, __i);
        -:  918:		iterator __finish = std::copy(__position, __end, __i);
        -:  919:		this->_M_deallocate();
        -:  920:		this->_M_impl._M_end_of_storage = __q + _S_nword(__len);
        -:  921:		this->_M_impl._M_start = __start;
        -:  922:		this->_M_impl._M_finish = __finish;
        -:  923:	      }
        -:  924:	  }
        -:  925:      }
        -:  926:
        -:  927:  template<typename _Alloc>
        -:  928:    _GLIBCXX20_CONSTEXPR
        -:  929:    void
        -:  930:    vector<bool, _Alloc>::
        -:  931:    _M_insert_aux(iterator __position, bool __x)
        -:  932:    {
        -:  933:      if (this->_M_impl._M_finish._M_p != this->_M_impl._M_end_addr())
        -:  934:	{
        -:  935:	  std::copy_backward(__position, this->_M_impl._M_finish, 
        -:  936:			     this->_M_impl._M_finish + 1);
        -:  937:	  *__position = __x;
        -:  938:	  ++this->_M_impl._M_finish;
        -:  939:	}
        -:  940:      else
        -:  941:	{
        -:  942:	  const size_type __len =
        -:  943:	    _M_check_len(size_type(1), "vector<bool>::_M_insert_aux");
        -:  944:	  _Bit_pointer __q = this->_M_allocate(__len);
        -:  945:	  iterator __start(std::__addressof(*__q), 0);
        -:  946:	  iterator __i = _M_copy_aligned(begin(), __position, __start);
        -:  947:	  *__i++ = __x;
        -:  948:	  iterator __finish = std::copy(__position, end(), __i);
        -:  949:	  this->_M_deallocate();
        -:  950:	  this->_M_impl._M_end_of_storage = __q + _S_nword(__len);
        -:  951:	  this->_M_impl._M_start = __start;
        -:  952:	  this->_M_impl._M_finish = __finish;
        -:  953:	}
        -:  954:    }
        -:  955:
        -:  956:  template<typename _Alloc>
        -:  957:    _GLIBCXX20_CONSTEXPR
        -:  958:    typename vector<bool, _Alloc>::iterator
        -:  959:    vector<bool, _Alloc>::
        -:  960:    _M_erase(iterator __position)
        -:  961:    {
        -:  962:      if (__position + 1 != end())
        -:  963:        std::copy(__position + 1, end(), __position);
        -:  964:      --this->_M_impl._M_finish;
        -:  965:      return __position;
        -:  966:    }
        -:  967:
        -:  968:  template<typename _Alloc>
        -:  969:    _GLIBCXX20_CONSTEXPR
        -:  970:    typename vector<bool, _Alloc>::iterator
        -:  971:    vector<bool, _Alloc>::
        -:  972:    _M_erase(iterator __first, iterator __last)
        -:  973:    {
        -:  974:      if (__first != __last)
        -:  975:	_M_erase_at_end(std::copy(__last, end(), __first));
        -:  976:      return __first;
        -:  977:    }
        -:  978:
        -:  979:#if __cplusplus >= 201103L
        -:  980:  template<typename _Alloc>
        -:  981:    _GLIBCXX20_CONSTEXPR
        -:  982:    bool
        -:  983:    vector<bool, _Alloc>::
        -:  984:    _M_shrink_to_fit()
        -:  985:    {
        -:  986:      if (capacity() - size() < int(_S_word_bit))
        -:  987:	return false;
        -:  988:      __try
        -:  989:	{
        -:  990:	  if (size_type __n = size())
        -:  991:	    _M_reallocate(__n);
        -:  992:	  else
        -:  993:	    {
        -:  994:	      this->_M_deallocate();
        -:  995:	      this->_M_impl._M_reset();
        -:  996:	    }
        -:  997:	  return true;
        -:  998:	}
        -:  999:      __catch(...)
        -: 1000:	{ return false; }
        -: 1001:    }
        -: 1002:#endif
        -: 1003:
        -: 1004:_GLIBCXX_END_NAMESPACE_CONTAINER
        -: 1005:_GLIBCXX_END_NAMESPACE_VERSION
        -: 1006:} // namespace std
        -: 1007:
        -: 1008:#if __cplusplus >= 201103L
        -: 1009:
        -: 1010:namespace std _GLIBCXX_VISIBILITY(default)
        -: 1011:{
        -: 1012:_GLIBCXX_BEGIN_NAMESPACE_VERSION
        -: 1013:
        -: 1014:  template<typename _Alloc>
        -: 1015:    size_t
        -: 1016:    hash<_GLIBCXX_STD_C::vector<bool, _Alloc>>::
        -: 1017:    operator()(const _GLIBCXX_STD_C::vector<bool, _Alloc>& __b) const noexcept
        -: 1018:    {
        -: 1019:      size_t __hash = 0;
        -: 1020:      const size_t __words = __b.size() / _S_word_bit;
        -: 1021:      if (__words)
        -: 1022:	{
        -: 1023:	  const size_t __clength = __words * sizeof(_Bit_type);
        -: 1024:	  __hash = std::_Hash_impl::hash(__b._M_impl._M_start._M_p, __clength);
        -: 1025:	}
        -: 1026:
        -: 1027:      const size_t __extrabits = __b.size() % _S_word_bit;
        -: 1028:      if (__extrabits)
        -: 1029:	{
        -: 1030:	  _Bit_type __hiword = *__b._M_impl._M_finish._M_p;
        -: 1031:	  __hiword &= ~((~static_cast<_Bit_type>(0)) << __extrabits);
        -: 1032:
        -: 1033:	  const size_t __clength
        -: 1034:	    = (__extrabits + __CHAR_BIT__ - 1) / __CHAR_BIT__;
        -: 1035:	  if (__words)
        -: 1036:	    __hash = std::_Hash_impl::hash(&__hiword, __clength, __hash);
        -: 1037:	  else
        -: 1038:	    __hash = std::_Hash_impl::hash(&__hiword, __clength);
        -: 1039:	}
        -: 1040:
        -: 1041:      return __hash;
        -: 1042:    }
        -: 1043:
        -: 1044:_GLIBCXX_END_NAMESPACE_VERSION
        -: 1045:} // namespace std
        -: 1046:
        -: 1047:#endif // C++11
        -: 1048:
        -: 1049:#undef _GLIBCXX_ASAN_ANNOTATE_REINIT
        -: 1050:#undef _GLIBCXX_ASAN_ANNOTATE_GROW
        -: 1051:#undef _GLIBCXX_ASAN_ANNOTATE_GREW
        -: 1052:#undef _GLIBCXX_ASAN_ANNOTATE_SHRINK
        -: 1053:
        -: 1054:#endif /* _VECTOR_TCC */
