        -:    0:Source:/mnt/d/Уник/4 сем/Фунды/mun 1.1/googletest/googletest/src/gtest.cc
        -:    0:Graph:/mnt/d/Уник/4 сем/Фунды/mun 1.1/cmake-build-debug-coverage/googletest/googletest/CMakeFiles/gtest.dir/src/gtest-all.cc.gcno
        -:    0:Data:/mnt/d/Уник/4 сем/Фунды/mun 1.1/cmake-build-debug-coverage/googletest/googletest/CMakeFiles/gtest.dir/src/gtest-all.cc.gcda
        -:    0:Runs:1
        -:    1:// Copyright 2005, Google Inc.
        -:    2:// All rights reserved.
        -:    3://
        -:    4:// Redistribution and use in source and binary forms, with or without
        -:    5:// modification, are permitted provided that the following conditions are
        -:    6:// met:
        -:    7://
        -:    8://     * Redistributions of source code must retain the above copyright
        -:    9:// notice, this list of conditions and the following disclaimer.
        -:   10://     * Redistributions in binary form must reproduce the above
        -:   11:// copyright notice, this list of conditions and the following disclaimer
        -:   12:// in the documentation and/or other materials provided with the
        -:   13:// distribution.
        -:   14://     * Neither the name of Google Inc. nor the names of its
        -:   15:// contributors may be used to endorse or promote products derived from
        -:   16:// this software without specific prior written permission.
        -:   17://
        -:   18:// THIS SOFTWARE IS PROVIDED BY THE COPYRIGHT HOLDERS AND CONTRIBUTORS
        -:   19:// "AS IS" AND ANY EXPRESS OR IMPLIED WARRANTIES, INCLUDING, BUT NOT
        -:   20:// LIMITED TO, THE IMPLIED WARRANTIES OF MERCHANTABILITY AND FITNESS FOR
        -:   21:// A PARTICULAR PURPOSE ARE DISCLAIMED. IN NO EVENT SHALL THE COPYRIGHT
        -:   22:// OWNER OR CONTRIBUTORS BE LIABLE FOR ANY DIRECT, INDIRECT, INCIDENTAL,
        -:   23:// SPECIAL, EXEMPLARY, OR CONSEQUENTIAL DAMAGES (INCLUDING, BUT NOT
        -:   24:// LIMITED TO, PROCUREMENT OF SUBSTITUTE GOODS OR SERVICES; LOSS OF USE,
        -:   25:// DATA, OR PROFITS; OR BUSINESS INTERRUPTION) HOWEVER CAUSED AND ON ANY
        -:   26:// THEORY OF LIABILITY, WHETHER IN CONTRACT, STRICT LIABILITY, OR TORT
        -:   27:// (INCLUDING NEGLIGENCE OR OTHERWISE) ARISING IN ANY WAY OUT OF THE USE
        -:   28:// OF THIS SOFTWARE, EVEN IF ADVISED OF THE POSSIBILITY OF SUCH DAMAGE.
        -:   29:
        -:   30://
        -:   31:// The Google C++ Testing and Mocking Framework (Google Test)
        -:   32:
        -:   33:#include "gtest/gtest.h"
        -:   34:
        -:   35:#include <ctype.h>
        -:   36:#include <stdarg.h>
        -:   37:#include <stdio.h>
        -:   38:#include <stdlib.h>
        -:   39:#include <time.h>
        -:   40:#include <wchar.h>
        -:   41:#include <wctype.h>
        -:   42:
        -:   43:#include <algorithm>
        -:   44:#include <chrono>  // NOLINT
        -:   45:#include <cmath>
        -:   46:#include <csignal>  // NOLINT: raise(3) is used on some platforms
        -:   47:#include <cstdint>
        -:   48:#include <cstdlib>
        -:   49:#include <cstring>
        -:   50:#include <initializer_list>
        -:   51:#include <iomanip>
        -:   52:#include <ios>
        -:   53:#include <iostream>
        -:   54:#include <iterator>
        -:   55:#include <limits>
        -:   56:#include <list>
        -:   57:#include <map>
        -:   58:#include <ostream>  // NOLINT
        -:   59:#include <set>
        -:   60:#include <sstream>
        -:   61:#include <unordered_set>
        -:   62:#include <utility>
        -:   63:#include <vector>
        -:   64:
        -:   65:#include "gtest/gtest-assertion-result.h"
        -:   66:#include "gtest/gtest-spi.h"
        -:   67:#include "gtest/internal/custom/gtest.h"
        -:   68:#include "gtest/internal/gtest-port.h"
        -:   69:
        -:   70:#ifdef GTEST_OS_LINUX
        -:   71:
        -:   72:#include <fcntl.h>   // NOLINT
        -:   73:#include <limits.h>  // NOLINT
        -:   74:#include <sched.h>   // NOLINT
        -:   75:// Declares vsnprintf().  This header is not available on Windows.
        -:   76:#include <strings.h>   // NOLINT
        -:   77:#include <sys/mman.h>  // NOLINT
        -:   78:#include <sys/time.h>  // NOLINT
        -:   79:#include <unistd.h>    // NOLINT
        -:   80:
        -:   81:#include <string>
        -:   82:
        -:   83:#elif defined(GTEST_OS_ZOS)
        -:   84:#include <sys/time.h>  // NOLINT
        -:   85:
        -:   86:// On z/OS we additionally need strings.h for strcasecmp.
        -:   87:#include <strings.h>   // NOLINT
        -:   88:
        -:   89:#elif defined(GTEST_OS_WINDOWS_MOBILE)  // We are on Windows CE.
        -:   90:
        -:   91:#include <windows.h>  // NOLINT
        -:   92:#undef min
        -:   93:
        -:   94:#elif defined(GTEST_OS_WINDOWS)  // We are on Windows proper.
        -:   95:
        -:   96:#include <windows.h>  // NOLINT
        -:   97:#undef min
        -:   98:
        -:   99:#ifdef _MSC_VER
        -:  100:#include <crtdbg.h>  // NOLINT
        -:  101:#endif
        -:  102:
        -:  103:#include <io.h>         // NOLINT
        -:  104:#include <sys/stat.h>   // NOLINT
        -:  105:#include <sys/timeb.h>  // NOLINT
        -:  106:#include <sys/types.h>  // NOLINT
        -:  107:
        -:  108:#ifdef GTEST_OS_WINDOWS_MINGW
        -:  109:#include <sys/time.h>  // NOLINT
        -:  110:#endif                 // GTEST_OS_WINDOWS_MINGW
        -:  111:
        -:  112:#else
        -:  113:
        -:  114:// cpplint thinks that the header is already included, so we want to
        -:  115:// silence it.
        -:  116:#include <sys/time.h>  // NOLINT
        -:  117:#include <unistd.h>    // NOLINT
        -:  118:
        -:  119:#endif  // GTEST_OS_LINUX
        -:  120:
        -:  121:#if GTEST_HAS_EXCEPTIONS
        -:  122:#include <stdexcept>
        -:  123:#endif
        -:  124:
        -:  125:#if GTEST_CAN_STREAM_RESULTS_
        -:  126:#include <arpa/inet.h>   // NOLINT
        -:  127:#include <netdb.h>       // NOLINT
        -:  128:#include <sys/socket.h>  // NOLINT
        -:  129:#include <sys/types.h>   // NOLINT
        -:  130:#endif
        -:  131:
        -:  132:#include "src/gtest-internal-inl.h"
        -:  133:
        -:  134:#ifdef GTEST_OS_WINDOWS
        -:  135:#define vsnprintf _vsnprintf
        -:  136:#endif  // GTEST_OS_WINDOWS
        -:  137:
        -:  138:#ifdef GTEST_OS_MAC
        -:  139:#ifndef GTEST_OS_IOS
        -:  140:#include <crt_externs.h>
        -:  141:#endif
        -:  142:#endif
        -:  143:
        -:  144:#ifdef GTEST_HAS_ABSL
        -:  145:#include "absl/container/flat_hash_set.h"
        -:  146:#include "absl/debugging/failure_signal_handler.h"
        -:  147:#include "absl/debugging/stacktrace.h"
        -:  148:#include "absl/debugging/symbolize.h"
        -:  149:#include "absl/flags/parse.h"
        -:  150:#include "absl/flags/usage.h"
        -:  151:#include "absl/strings/str_cat.h"
        -:  152:#include "absl/strings/str_replace.h"
        -:  153:#include "absl/strings/string_view.h"
        -:  154:#include "absl/strings/strip.h"
        -:  155:#endif  // GTEST_HAS_ABSL
        -:  156:
        -:  157:// Checks builtin compiler feature |x| while avoiding an extra layer of #ifdefs
        -:  158:// at the callsite.
        -:  159:#if defined(__has_builtin)
        -:  160:#define GTEST_HAS_BUILTIN(x) __has_builtin(x)
        -:  161:#else
        -:  162:#define GTEST_HAS_BUILTIN(x) 0
        -:  163:#endif  // defined(__has_builtin)
        -:  164:
        -:  165:#if defined(GTEST_HAS_ABSL) && !defined(GTEST_NO_ABSL_FLAGS)
        -:  166:#define GTEST_HAS_ABSL_FLAGS
        -:  167:#endif
        -:  168:
        -:  169:namespace testing {
        -:  170:
        -:  171:using internal::CountIf;
        -:  172:using internal::ForEach;
        -:  173:using internal::GetElementOr;
        -:  174:using internal::Shuffle;
        -:  175:
        -:  176:// Constants.
        -:  177:
        -:  178:// A test whose test suite name or test name matches this filter is
        -:  179:// disabled and not run.
        -:  180:static const char kDisableTestFilter[] = "DISABLED_*:*/DISABLED_*";
        -:  181:
        -:  182:// A test suite whose name matches this filter is considered a death
        -:  183:// test suite and will be run before test suites whose name doesn't
        -:  184:// match this filter.
        -:  185:static const char kDeathTestSuiteFilter[] = "*DeathTest:*DeathTest/*";
        -:  186:
        -:  187:// A test filter that matches everything.
        -:  188:static const char kUniversalFilter[] = "*";
        -:  189:
        -:  190:// The default output format.
        -:  191:static const char kDefaultOutputFormat[] = "xml";
        -:  192:// The default output file.
        -:  193:static const char kDefaultOutputFile[] = "test_detail";
        -:  194:
        -:  195:// These environment variables are set by Bazel.
        -:  196:// https://bazel.build/reference/test-encyclopedia#initial-conditions
        -:  197://
        -:  198:// The environment variable name for the test shard index.
        -:  199:static const char kTestShardIndex[] = "GTEST_SHARD_INDEX";
        -:  200:// The environment variable name for the total number of test shards.
        -:  201:static const char kTestTotalShards[] = "GTEST_TOTAL_SHARDS";
        -:  202:// The environment variable name for the test shard status file.
        -:  203:static const char kTestShardStatusFile[] = "GTEST_SHARD_STATUS_FILE";
        -:  204:// The environment variable name for the test output warnings file.
        -:  205:static const char kTestWarningsOutputFile[] = "TEST_WARNINGS_OUTPUT_FILE";
        -:  206:
        -:  207:namespace internal {
        -:  208:
        -:  209:// The text used in failure messages to indicate the start of the
        -:  210:// stack trace.
        -:  211:const char kStackTraceMarker[] = "\nStack trace:\n";
        -:  212:
        -:  213:// g_help_flag is true if and only if the --help flag or an equivalent form
        -:  214:// is specified on the command line.
        -:  215:bool g_help_flag = false;
        -:  216:
        -:  217:#if GTEST_HAS_FILE_SYSTEM
        -:  218:// Utility function to Open File for Writing
function _ZN7testing8internalL18OpenFileForWritingERKNSt7__cxx1112basic_stringIcSt11char_traitsIcESaIcEEE called 0 returned 0% blocks executed 0%
    #####:  219:static FILE* OpenFileForWriting(const std::string& output_file) {
    #####:  220:  FILE* fileout = nullptr;
    #####:  221:  FilePath output_file_path(output_file);
    %%%%%:  221-block  0
call    0 never executed
branch  1 never executed (fallthrough)
branch  2 never executed (throw)
    %%%%%:  221-block  1
call    3 never executed
branch  4 never executed (fallthrough)
branch  5 never executed (throw)
    %%%%%:  221-block  2
call    6 never executed
    $$$$$:  221-block  3
call    7 never executed
    $$$$$:  221-block  4
    #####:  222:  FilePath output_dir(output_file_path.RemoveFileName());
call    0 never executed
branch  1 never executed (fallthrough)
branch  2 never executed (throw)
        -:  223:
    #####:  224:  if (output_dir.CreateDirectoriesRecursively()) {
    %%%%%:  224-block  0
call    0 never executed
branch  1 never executed (fallthrough)
branch  2 never executed (throw)
    %%%%%:  224-block  1
branch  3 never executed (fallthrough)
branch  4 never executed
    #####:  225:    fileout = posix::FOpen(output_file.c_str(), "w");
    %%%%%:  225-block  0
call    0 never executed
call    1 never executed
branch  2 never executed (fallthrough)
branch  3 never executed (throw)
    %%%%%:  225-block  1
        -:  226:  }
    #####:  227:  if (fileout == nullptr) {
    %%%%%:  227-block  0
branch  0 never executed (fallthrough)
branch  1 never executed
    #####:  228:    GTEST_LOG_(FATAL) << "Unable to open file \"" << output_file << "\"";
    %%%%%:  228-block  0
call    0 never executed
branch  1 never executed (fallthrough)
branch  2 never executed (throw)
    %%%%%:  228-block  1
call    3 never executed
call    4 never executed
branch  5 never executed (fallthrough)
branch  6 never executed (throw)
    %%%%%:  228-block  2
call    7 never executed
branch  8 never executed (fallthrough)
branch  9 never executed (throw)
    %%%%%:  228-block  3
call   10 never executed
branch 11 never executed (fallthrough)
branch 12 never executed (throw)
    %%%%%:  228-block  4
call   13 never executed
    $$$$$:  228-block  5
call   14 never executed
    $$$$$:  228-block  6
        -:  229:  }
    #####:  230:  return fileout;
    %%%%%:  230-block  0
    #####:  231:}
    %%%%%:  231-block  0
call    0 never executed
call    1 never executed
    $$$$$:  231-block  1
call    2 never executed
    $$$$$:  231-block  2
call    3 never executed
        -:  232:#endif  // GTEST_HAS_FILE_SYSTEM
        -:  233:
        -:  234:}  // namespace internal
        -:  235:
        -:  236:// Bazel passes in the argument to '--test_filter' via the TESTBRIDGE_TEST_ONLY
        -:  237:// environment variable.
function _ZN7testingL16GetDefaultFilterEv called 1 returned 100% blocks executed 80%
        1:  238:static const char* GetDefaultFilter() {
        -:  239:  const char* const testbridge_test_only =
        1:  240:      internal::posix::GetEnv("TESTBRIDGE_TEST_ONLY");
        1:  240-block  0
call    0 returned 1
        1:  241:  if (testbridge_test_only != nullptr) {
branch  0 taken 0 (fallthrough)
branch  1 taken 1
    #####:  242:    return testbridge_test_only;
    %%%%%:  242-block  0
        -:  243:  }
        1:  244:  return kUniversalFilter;
        1:  244-block  0
        -:  245:}
        -:  246:
        -:  247:// Bazel passes in the argument to '--test_runner_fail_fast' via the
        -:  248:// TESTBRIDGE_TEST_RUNNER_FAIL_FAST environment variable.
function _ZN7testingL18GetDefaultFailFastEv called 1 returned 100% blocks executed 80%
        1:  249:static bool GetDefaultFailFast() {
        -:  250:  const char* const testbridge_test_runner_fail_fast =
        1:  251:      internal::posix::GetEnv("TESTBRIDGE_TEST_RUNNER_FAIL_FAST");
        1:  251-block  0
call    0 returned 1
        1:  252:  if (testbridge_test_runner_fail_fast != nullptr) {
branch  0 taken 0 (fallthrough)
branch  1 taken 1
    #####:  253:    return strcmp(testbridge_test_runner_fail_fast, "1") == 0;
    %%%%%:  253-block  0
        -:  254:  }
        1:  255:  return false;
        1:  255-block  0
        -:  256:}
        -:  257:
        -:  258:}  // namespace testing
        -:  259:
        -:  260:GTEST_DEFINE_bool_(
        -:  261:    fail_fast,
        -:  262:    testing::internal::BoolFromGTestEnv("fail_fast",
        -:  263:                                        testing::GetDefaultFailFast()),
        -:  264:    "True if and only if a test failure should stop further test execution.");
        -:  265:
        -:  266:GTEST_DEFINE_bool_(
        -:  267:    fail_if_no_test_linked,
        -:  268:    testing::internal::BoolFromGTestEnv("fail_if_no_test_linked", false),
        -:  269:    "True if and only if the test should fail if no test case (including "
        -:  270:    "disabled test cases) is linked.");
        -:  271:
        -:  272:GTEST_DEFINE_bool_(
        -:  273:    also_run_disabled_tests,
        -:  274:    testing::internal::BoolFromGTestEnv("also_run_disabled_tests", false),
        -:  275:    "Run disabled tests too, in addition to the tests normally being run.");
        -:  276:
        -:  277:GTEST_DEFINE_bool_(
        -:  278:    break_on_failure,
        -:  279:    testing::internal::BoolFromGTestEnv("break_on_failure", false),
        -:  280:    "True if and only if a failed assertion should be a debugger "
        -:  281:    "break-point.");
        -:  282:
        -:  283:GTEST_DEFINE_bool_(catch_exceptions,
        -:  284:                   testing::internal::BoolFromGTestEnv("catch_exceptions",
        -:  285:                                                       true),
        -:  286:                   "True if and only if " GTEST_NAME_
        -:  287:                   " should catch exceptions and treat them as test failures.");
        -:  288:
        -:  289:GTEST_DEFINE_string_(
        -:  290:    color, testing::internal::StringFromGTestEnv("color", "auto"),
        -:  291:    "Whether to use colors in the output.  Valid values: yes, no, "
        -:  292:    "and auto.  'auto' means to use colors if the output is "
        -:  293:    "being sent to a terminal and the TERM environment variable "
        -:  294:    "is set to a terminal type that supports colors.");
        -:  295:
        -:  296:GTEST_DEFINE_string_(
        -:  297:    filter,
        -:  298:    testing::internal::StringFromGTestEnv("filter",
        -:  299:                                          testing::GetDefaultFilter()),
        -:  300:    "A colon-separated list of glob (not regex) patterns "
        -:  301:    "for filtering the tests to run, optionally followed by a "
        -:  302:    "'-' and a : separated list of negative patterns (tests to "
        -:  303:    "exclude).  A test is run if it matches one of the positive "
        -:  304:    "patterns and does not match any of the negative patterns.");
        -:  305:
        -:  306:GTEST_DEFINE_bool_(
        -:  307:    install_failure_signal_handler,
        -:  308:    testing::internal::BoolFromGTestEnv("install_failure_signal_handler",
        -:  309:                                        false),
        -:  310:    "If true and supported on the current platform, " GTEST_NAME_
        -:  311:    " should "
        -:  312:    "install a signal handler that dumps debugging information when fatal "
        -:  313:    "signals are raised.");
        -:  314:
        -:  315:GTEST_DEFINE_bool_(list_tests, false, "List all tests without running them.");
        -:  316:
        -:  317:// The net priority order after flag processing is thus:
        -:  318://   --gtest_output command line flag
        -:  319://   GTEST_OUTPUT environment variable
        -:  320://   XML_OUTPUT_FILE environment variable
        -:  321://   ''
        -:  322:GTEST_DEFINE_string_(
        -:  323:    output,
        -:  324:    testing::internal::StringFromGTestEnv(
        -:  325:        "output", testing::internal::OutputFlagAlsoCheckEnvVar().c_str()),
        -:  326:    "A format (defaults to \"xml\" but can be specified to be \"json\"), "
        -:  327:    "optionally followed by a colon and an output file name or directory. "
        -:  328:    "A directory is indicated by a trailing pathname separator. "
        -:  329:    "Examples: \"xml:filename.xml\", \"xml::directoryname/\". "
        -:  330:    "If a directory is specified, output files will be created "
        -:  331:    "within that directory, with file-names based on the test "
        -:  332:    "executable's name and, if necessary, made unique by adding "
        -:  333:    "digits.");
        -:  334:
        -:  335:GTEST_DEFINE_bool_(
        -:  336:    brief, testing::internal::BoolFromGTestEnv("brief", false),
        -:  337:    "True if only test failures should be displayed in text output.");
        -:  338:
        -:  339:GTEST_DEFINE_bool_(print_time,
        -:  340:                   testing::internal::BoolFromGTestEnv("print_time", true),
        -:  341:                   "True if and only if " GTEST_NAME_
        -:  342:                   " should display elapsed time in text output.");
        -:  343:
        -:  344:GTEST_DEFINE_bool_(print_utf8,
        -:  345:                   testing::internal::BoolFromGTestEnv("print_utf8", true),
        -:  346:                   "True if and only if " GTEST_NAME_
        -:  347:                   " prints UTF8 characters as text.");
        -:  348:
        -:  349:GTEST_DEFINE_int32_(
        -:  350:    random_seed, testing::internal::Int32FromGTestEnv("random_seed", 0),
        -:  351:    "Random number seed to use when shuffling test orders.  Must be in range "
        -:  352:    "[1, 99999], or 0 to use a seed based on the current time.");
        -:  353:
        -:  354:GTEST_DEFINE_int32_(
        -:  355:    repeat, testing::internal::Int32FromGTestEnv("repeat", 1),
        -:  356:    "How many times to repeat each test.  Specify a negative number "
        -:  357:    "for repeating forever.  Useful for shaking out flaky tests.");
        -:  358:
        -:  359:GTEST_DEFINE_bool_(
        -:  360:    recreate_environments_when_repeating,
        -:  361:    testing::internal::BoolFromGTestEnv("recreate_environments_when_repeating",
        -:  362:                                        false),
        -:  363:    "Controls whether global test environments are recreated for each repeat "
        -:  364:    "of the tests. If set to false the global test environments are only set "
        -:  365:    "up once, for the first iteration, and only torn down once, for the last. "
        -:  366:    "Useful for shaking out flaky tests with stable, expensive test "
        -:  367:    "environments. If --gtest_repeat is set to a negative number, meaning "
        -:  368:    "there is no last run, the environments will always be recreated to avoid "
        -:  369:    "leaks.");
        -:  370:
        -:  371:GTEST_DEFINE_bool_(show_internal_stack_frames, false,
        -:  372:                   "True if and only if " GTEST_NAME_
        -:  373:                   " should include internal stack frames when "
        -:  374:                   "printing test failure stack traces.");
        -:  375:
        -:  376:GTEST_DEFINE_bool_(shuffle,
        -:  377:                   testing::internal::BoolFromGTestEnv("shuffle", false),
        -:  378:                   "True if and only if " GTEST_NAME_
        -:  379:                   " should randomize tests' order on every run.");
        -:  380:
        -:  381:GTEST_DEFINE_int32_(
        -:  382:    stack_trace_depth,
        -:  383:    testing::internal::Int32FromGTestEnv("stack_trace_depth",
        -:  384:                                         testing::kMaxStackTraceDepth),
        -:  385:    "The maximum number of stack frames to print when an "
        -:  386:    "assertion fails.  The valid range is 0 through 100, inclusive.");
        -:  387:
        -:  388:GTEST_DEFINE_string_(
        -:  389:    stream_result_to,
        -:  390:    testing::internal::StringFromGTestEnv("stream_result_to", ""),
        -:  391:    "This flag specifies the host name and the port number on which to stream "
        -:  392:    "test results. Example: \"localhost:555\". The flag is effective only on "
        -:  393:    "Linux and macOS.");
        -:  394:
        -:  395:GTEST_DEFINE_bool_(
        -:  396:    throw_on_failure,
        -:  397:    testing::internal::BoolFromGTestEnv("throw_on_failure", false),
        -:  398:    "When this flag is specified, a failed assertion will throw an exception "
        -:  399:    "if exceptions are enabled or exit the program with a non-zero code "
        -:  400:    "otherwise. For use with an external test framework.");
        -:  401:
        -:  402:#if GTEST_USE_OWN_FLAGFILE_FLAG_
        -:  403:GTEST_DEFINE_string_(
        -:  404:    flagfile, testing::internal::StringFromGTestEnv("flagfile", ""),
        -:  405:    "This flag specifies the flagfile to read command-line flags from.");
        -:  406:#endif  // GTEST_USE_OWN_FLAGFILE_FLAG_
        -:  407:
        -:  408:namespace testing {
        -:  409:namespace internal {
        -:  410:
        -:  411:const uint32_t Random::kMaxRange;
        -:  412:
        -:  413:// Generates a random number from [0, range), using a Linear
        -:  414:// Congruential Generator (LCG).  Crashes if 'range' is 0 or greater
        -:  415:// than kMaxRange.
function _ZN7testing8internal6Random8GenerateEj called 0 returned 0% blocks executed 0%
    #####:  416:uint32_t Random::Generate(uint32_t range) {
        -:  417:  // These constants are the same as are used in glibc's rand(3).
        -:  418:  // Use wider types than necessary to prevent unsigned overflow diagnostics.
    #####:  419:  state_ = static_cast<uint32_t>(1103515245ULL * state_ + 12345U) % kMaxRange;
        -:  420:
    #####:  421:  GTEST_CHECK_(range > 0) << "Cannot generate a number in the range [0, 0).";
    %%%%%:  421-block  0
call    0 never executed
branch  1 never executed (fallthrough)
branch  2 never executed
    %%%%%:  421-block  1
call    3 never executed
branch  4 never executed (fallthrough)
branch  5 never executed (throw)
    %%%%%:  421-block  2
call    6 never executed
call    7 never executed
branch  8 never executed (fallthrough)
branch  9 never executed (throw)
    %%%%%:  421-block  3
call   10 never executed
branch 11 never executed (fallthrough)
branch 12 never executed (throw)
    %%%%%:  421-block  4
call   13 never executed
    $$$$$:  421-block  5
call   14 never executed
    $$$$$:  421-block  6
call   15 never executed
    #####:  422:  GTEST_CHECK_(range <= kMaxRange)
    %%%%%:  422-block  0
call    0 never executed
branch  1 never executed (fallthrough)
branch  2 never executed
    %%%%%:  422-block  1
call    3 never executed
branch  4 never executed (fallthrough)
branch  5 never executed (throw)
    %%%%%:  422-block  2
call    6 never executed
    %%%%%:  422-block  3
call    7 never executed
    $$$$$:  422-block  4
call    8 never executed
    #####:  423:      << "Generation of a number in [0, " << range << ") was requested, "
call    0 never executed
branch  1 never executed (fallthrough)
branch  2 never executed (throw)
    %%%%%:  423-block  0
call    3 never executed
branch  4 never executed (fallthrough)
branch  5 never executed (throw)
    %%%%%:  423-block  1
call    6 never executed
branch  7 never executed (fallthrough)
branch  8 never executed (throw)
    #####:  424:      << "but this can only generate numbers in [0, " << kMaxRange << ").";
    %%%%%:  424-block  0
call    0 never executed
branch  1 never executed (fallthrough)
branch  2 never executed (throw)
    %%%%%:  424-block  1
call    3 never executed
branch  4 never executed (fallthrough)
branch  5 never executed (throw)
    %%%%%:  424-block  2
call    6 never executed
branch  7 never executed (fallthrough)
branch  8 never executed (throw)
    %%%%%:  424-block  3
call    9 never executed
branch 10 never executed (fallthrough)
branch 11 never executed (throw)
        -:  425:
        -:  426:  // Converting via modulus introduces a bit of downward bias, but
        -:  427:  // it's simple, and a linear congruential generator isn't too good
        -:  428:  // to begin with.
    #####:  429:  return state_ % range;
    %%%%%:  429-block  0
    %%%%%:  429-block  1
        -:  430:}
        -:  431:
        -:  432:// GTestIsInitialized() returns true if and only if the user has initialized
        -:  433:// Google Test.  Useful for catching the user mistake of not initializing
        -:  434:// Google Test before calling RUN_ALL_TESTS().
function _ZN7testing8internalL18GTestIsInitializedEv called 2 returned 100% blocks executed 100%
        2:  435:static bool GTestIsInitialized() { return !GetArgvs().empty(); }
        2:  435-block  0
call    0 returned 2
branch  1 taken 2 (fallthrough)
branch  2 taken 0 (throw)
        2:  435-block  1
call    3 returned 2
        2:  435-block  2
call    4 returned 2
        2:  435-block  3
        -:  436:
        -:  437:// Iterates over a vector of TestSuites, keeping a running sum of the
        -:  438:// results of calling a given int-returning method on each.
        -:  439:// Returns the sum.
function _ZN7testing8internalL20SumOverTestSuiteListERKSt6vectorIPNS_9TestSuiteESaIS3_EEMS2_KFivE called 7 returned 100% blocks executed 91%
        7:  440:static int SumOverTestSuiteList(const std::vector<TestSuite*>& case_list,
        -:  441:                                int (TestSuite::*method)() const) {
        7:  442:  int sum = 0;
       14:  443:  for (size_t i = 0; i < case_list.size(); i++) {
        7:  443-block  0
       14:  443-block  1
call    0 returned 14
branch  1 taken 7
branch  2 taken 7 (fallthrough)
       7*:  444:    sum += (case_list[i]->*method)();
        7:  444-block  0
call    0 returned 7
branch  1 taken 0 (fallthrough)
branch  2 taken 7
    %%%%%:  444-block  1
        7:  444-block  2
        7:  444-block  3
call    3 returned 7
        -:  445:  }
        7:  446:  return sum;
        7:  446-block  0
        -:  447:}
        -:  448:
        -:  449:// Returns true if and only if the test suite passed.
function _ZN7testing8internalL15TestSuitePassedEPKNS_9TestSuiteE called 0 returned 0% blocks executed 0%
    #####:  450:static bool TestSuitePassed(const TestSuite* test_suite) {
    #####:  451:  return test_suite->should_run() && test_suite->Passed();
    %%%%%:  451-block  0
call    0 never executed
branch  1 never executed (fallthrough)
branch  2 never executed
    %%%%%:  451-block  1
call    3 never executed
branch  4 never executed (fallthrough)
branch  5 never executed
    %%%%%:  451-block  2
    %%%%%:  451-block  3
    %%%%%:  451-block  4
        -:  452:}
        -:  453:
        -:  454:// Returns true if and only if the test suite failed.
function _ZN7testing8internalL15TestSuiteFailedEPKNS_9TestSuiteE called 2 returned 100% blocks executed 88%
        2:  455:static bool TestSuiteFailed(const TestSuite* test_suite) {
       2*:  456:  return test_suite->should_run() && test_suite->Failed();
        2:  456-block  0
call    0 returned 2
branch  1 taken 2 (fallthrough)
branch  2 taken 0
        2:  456-block  1
call    3 returned 2
branch  4 taken 0 (fallthrough)
branch  5 taken 2
    %%%%%:  456-block  2
        2:  456-block  3
        2:  456-block  4
        -:  457:}
        -:  458:
        -:  459:// Returns true if and only if test_suite contains at least one test that
        -:  460:// should run.
function _ZN7testing8internalL18ShouldRunTestSuiteEPKNS_9TestSuiteE called 2 returned 100% blocks executed 100%
        2:  461:static bool ShouldRunTestSuite(const TestSuite* test_suite) {
        2:  462:  return test_suite->should_run();
        2:  462-block  0
call    0 returned 2
        -:  463:}
        -:  464:
        -:  465:namespace {
        -:  466:
        -:  467:// Returns true if test part results of type `type` should include a stack
        -:  468:// trace.
function _ZN7testing8internal12_GLOBAL__N_133ShouldEmitStackTraceForResultTypeENS_14TestPartResult4TypeE called 0 returned 0% blocks executed 0%
    #####:  469:bool ShouldEmitStackTraceForResultType(TestPartResult::Type type) {
        -:  470:  // Suppress emission of the stack trace for SUCCEED() since it likely never
        -:  471:  // requires investigation, and GTEST_SKIP() since skipping is an intentional
        -:  472:  // act by the developer rather than a failure requiring investigation.
    #####:  473:  return type != TestPartResult::kSuccess && type != TestPartResult::kSkip;
    %%%%%:  473-block  0
branch  0 never executed (fallthrough)
branch  1 never executed
    %%%%%:  473-block  1
branch  2 never executed (fallthrough)
branch  3 never executed
    %%%%%:  473-block  2
    %%%%%:  473-block  3
    %%%%%:  473-block  4
        -:  474:}
        -:  475:
        -:  476:}  // namespace
        -:  477:
        -:  478:// AssertHelper constructor.
function _ZN7testing8internal12AssertHelperC2ENS_14TestPartResult4TypeEPKciS5_ called 0 returned 0% blocks executed 0%
    #####:  479:AssertHelper::AssertHelper(TestPartResult::Type type, const char* file,
    #####:  480:                           int line, const char* message)
    #####:  481:    : data_(new AssertHelperData(type, file, line, message)) {}
    %%%%%:  481-block  0
call    0 never executed
call    1 never executed
branch  2 never executed (fallthrough)
branch  3 never executed (throw)
    %%%%%:  481-block  1
    $$$$$:  481-block  2
branch  4 never executed (fallthrough)
branch  5 never executed
    $$$$$:  481-block  3
call    6 never executed
        -:  482:
function _ZN7testing8internal12AssertHelperD2Ev called 0 returned 0% blocks executed 0%
    #####:  483:AssertHelper::~AssertHelper() { delete data_; }
    %%%%%:  483-block  0
branch  0 never executed (fallthrough)
branch  1 never executed
    %%%%%:  483-block  1
call    2 never executed
call    3 never executed
        -:  484:
        -:  485:// Message assignment, for assertion streaming support.
function _ZNK7testing8internal12AssertHelperaSERKNS_7MessageE called 0 returned 0% blocks executed 0%
    #####:  486:void AssertHelper::operator=(const Message& message) const {
    #####:  487:  UnitTest::GetInstance()->AddTestPartResult(
    %%%%%:  487-block  0
call    0 never executed
    #####:  488:      data_->type, data_->file, data_->line,
    %%%%%:  488-block  0
call    0 never executed
branch  1 never executed (fallthrough)
branch  2 never executed (throw)
    #####:  489:      AppendUserMessage(data_->message, message),
    %%%%%:  489-block  0
call    0 never executed
branch  1 never executed (fallthrough)
branch  2 never executed (throw)
    %%%%%:  489-block  1
call    3 never executed
    $$$$$:  489-block  2
call    4 never executed
    $$$$$:  489-block  3
    #####:  490:      ShouldEmitStackTraceForResultType(data_->type)
call    0 never executed
    #####:  491:          ? UnitTest::GetInstance()->impl()->CurrentOsStackTraceExceptTop(1)
branch  0 never executed (fallthrough)
branch  1 never executed
    %%%%%:  491-block  0
call    2 never executed
branch  3 never executed (fallthrough)
branch  4 never executed (throw)
    %%%%%:  491-block  1
call    5 never executed
call    6 never executed
branch  7 never executed (fallthrough)
branch  8 never executed (throw)
    %%%%%:  491-block  2
call    9 never executed
branch 10 never executed (fallthrough)
branch 11 never executed (throw)
call   12 never executed
branch 13 never executed (fallthrough)
branch 14 never executed
    $$$$$:  491-block  3
call   15 never executed
    $$$$$:  491-block  4
branch 16 never executed (fallthrough)
branch 17 never executed
    $$$$$:  491-block  5
        -:  492:          : ""
        -:  493:      // Skips the stack frame for this function itself.
        -:  494:  );  // NOLINT
    #####:  495:}
    %%%%%:  495-block  0
        -:  496:
        -:  497:namespace {
        -:  498:
        -:  499:// When TEST_P is found without a matching INSTANTIATE_TEST_SUITE_P
        -:  500:// to creates test cases for it, a synthetic test case is
        -:  501:// inserted to report ether an error or a log message.
        -:  502://
        -:  503:// This configuration bit will likely be removed at some point.
        -:  504:constexpr bool kErrorOnUninstantiatedParameterizedTest = true;
        -:  505:constexpr bool kErrorOnUninstantiatedTypeParameterizedTest = true;
        -:  506:
        -:  507:// A test that fails at a given file/line location with a given message.
        -:  508:class FailureTest : public Test {
        -:  509: public:
function _ZN7testing8internal12_GLOBAL__N_111FailureTestC2ERKNS0_12CodeLocationENSt7__cxx1112basic_stringIcSt11char_traitsIcESaIcEEEb called 0 returned 0% blocks executed 0%
    #####:  510:  explicit FailureTest(const CodeLocation& loc, std::string error_message,
        -:  511:                       bool as_error)
    #####:  512:      : loc_(loc),
    #####:  513:        error_message_(std::move(error_message)),
    %%%%%:  513-block  0
call    0 never executed
call    1 never executed
    #####:  514:        as_error_(as_error) {}
    %%%%%:  514-block  0
call    0 never executed
call    1 never executed
branch  2 never executed (fallthrough)
branch  3 never executed (throw)
    $$$$$:  514-block  1
call    4 never executed
        -:  515:
function _ZN7testing8internal12_GLOBAL__N_111FailureTest8TestBodyEv called 0 returned 0% blocks executed 0%
    #####:  516:  void TestBody() override {
    #####:  517:    if (as_error_) {
    %%%%%:  517-block  0
branch  0 never executed (fallthrough)
branch  1 never executed
    #####:  518:      AssertHelper(TestPartResult::kNonFatalFailure, loc_.file.c_str(),
call    0 never executed
branch  1 never executed (fallthrough)
branch  2 never executed (throw)
    %%%%%:  518-block  0
call    3 never executed
    $$$$$:  518-block  1
call    4 never executed
    $$$$$:  518-block  2
    #####:  519:                   loc_.line, "") = Message() << error_message_;
    %%%%%:  519-block  0
call    0 never executed
branch  1 never executed (fallthrough)
branch  2 never executed (throw)
    %%%%%:  519-block  1
call    3 never executed
branch  4 never executed (fallthrough)
branch  5 never executed (throw)
    %%%%%:  519-block  2
call    6 never executed
    %%%%%:  519-block  3
call    7 never executed
branch  8 never executed (fallthrough)
branch  9 never executed (throw)
call   10 never executed
    $$$$$:  519-block  4
call   11 never executed
        -:  520:    } else {
    #####:  521:      std::cout << error_message_ << std::endl;
    %%%%%:  521-block  0
call    0 never executed
call    1 never executed
        -:  522:    }
    #####:  523:  }
    %%%%%:  523-block  0
        -:  524:
        -:  525: private:
        -:  526:  const CodeLocation loc_;
        -:  527:  const std::string error_message_;
        -:  528:  const bool as_error_;
        -:  529:};
        -:  530:
        -:  531:}  // namespace
        -:  532:
function _ZN7testing8internal33GetIgnoredParameterizedTestSuitesB5cxx11Ev called 1 returned 100% blocks executed 100%
        1:  533:std::set<std::string>* GetIgnoredParameterizedTestSuites() {
        1:  534:  return UnitTest::GetInstance()->impl()->ignored_parameterized_test_suites();
        1:  534-block  0
call    0 returned 1
call    1 returned 1
call    2 returned 1
        -:  535:}
        -:  536:
        -:  537:// Add a given test_suit to the list of them allow to go un-instantiated.
function _ZN7testing8internal13MarkAsIgnoredC2EPKc called 0 returned 0% blocks executed 0%
    #####:  538:MarkAsIgnored::MarkAsIgnored(const char* test_suite) {
    #####:  539:  GetIgnoredParameterizedTestSuites()->insert(test_suite);
    %%%%%:  539-block  0
call    0 never executed
    %%%%%:  539-block  1
call    1 never executed
branch  2 never executed (fallthrough)
branch  3 never executed (throw)
    %%%%%:  539-block  2
call    4 never executed
branch  5 never executed (fallthrough)
branch  6 never executed (throw)
    %%%%%:  539-block  3
call    7 never executed
    $$$$$:  539-block  4
call    8 never executed
    $$$$$:  539-block  5
    #####:  540:}
    %%%%%:  540-block  0
        -:  541:
        -:  542:// If this parameterized test suite has no instantiations (and that
        -:  543:// has not been marked as okay), emit a test case reporting that.
function _ZN7testing8internal23InsertSyntheticTestCaseERKNSt7__cxx1112basic_stringIcSt11char_traitsIcESaIcEEENS0_12CodeLocationEb called 0 returned 0% blocks executed 0%
    #####:  544:void InsertSyntheticTestCase(const std::string& name, CodeLocation location,
        -:  545:                             bool has_test_p) {
    #####:  546:  const auto& ignored = *GetIgnoredParameterizedTestSuites();
    %%%%%:  546-block  0
call    0 never executed
branch  1 never executed (fallthrough)
branch  2 never executed (throw)
    #####:  547:  if (ignored.find(name) != ignored.end()) return;
    %%%%%:  547-block  0
call    0 never executed
call    1 never executed
branch  2 never executed (fallthrough)
branch  3 never executed (throw)
    %%%%%:  547-block  1
call    4 never executed
branch  5 never executed (fallthrough)
branch  6 never executed
    %%%%%:  547-block  2
    %%%%%:  547-block  3
    $$$$$:  547-block  4
    $$$$$:  547-block  5
        -:  548:
    #####:  549:  const char kMissingInstantiation[] =  //
        -:  550:      " is defined via TEST_P, but never instantiated. None of the test "
        -:  551:      "cases "
        -:  552:      "will run. Either no INSTANTIATE_TEST_SUITE_P is provided or the only "
        -:  553:      "ones provided expand to nothing."
        -:  554:      "\n\n"
        -:  555:      "Ideally, TEST_P definitions should only ever be included as part of "
        -:  556:      "binaries that intend to use them. (As opposed to, for example, being "
        -:  557:      "placed in a library that may be linked in to get other utilities.)";
        -:  558:
    #####:  559:  const char kMissingTestCase[] =  //
        -:  560:      " is instantiated via INSTANTIATE_TEST_SUITE_P, but no tests are "
        -:  561:      "defined via TEST_P . No test cases will run."
        -:  562:      "\n\n"
        -:  563:      "Ideally, INSTANTIATE_TEST_SUITE_P should only ever be invoked from "
        -:  564:      "code that always depend on code that provides TEST_P. Failing to do "
        -:  565:      "so is often an indication of dead code, e.g. the last TEST_P was "
        -:  566:      "removed but the rest got left behind.";
        -:  567:
        -:  568:  std::string message =
    #####:  569:      "Parameterized test suite " + name +
    %%%%%:  569-block  0
branch  0 never executed (fallthrough)
branch  1 never executed
    %%%%%:  569-block  1
    %%%%%:  569-block  2
    %%%%%:  569-block  3
call    2 never executed
branch  3 never executed (fallthrough)
branch  4 never executed (throw)
    %%%%%:  569-block  4
call    5 never executed
branch  6 never executed (fallthrough)
branch  7 never executed (throw)
call    8 never executed
call    9 never executed
    $$$$$:  569-block  5
call   10 never executed
    $$$$$:  569-block  6
call   11 never executed
    $$$$$:  569-block  7
    $$$$$:  569-block  8
    #####:  570:      (has_test_p ? kMissingInstantiation : kMissingTestCase) +
    %%%%%:  570-block  0
call    0 never executed
branch  1 never executed (fallthrough)
branch  2 never executed (throw)
call    3 never executed
    $$$$$:  570-block  1
call    4 never executed
    $$$$$:  570-block  2
        -:  571:      "\n\n"
        -:  572:      "To suppress this error for this test suite, insert the following line "
        -:  573:      "(in a non-header) in the namespace it is defined in:"
        -:  574:      "\n\n"
    #####:  575:      "GTEST_ALLOW_UNINSTANTIATED_PARAMETERIZED_TEST(" +
    %%%%%:  575-block  0
call    0 never executed
branch  1 never executed (fallthrough)
branch  2 never executed (throw)
    %%%%%:  575-block  1
call    3 never executed
    $$$$$:  575-block  2
call    4 never executed
    $$$$$:  575-block  3
    #####:  576:      name + ");";
    %%%%%:  576-block  0
call    0 never executed
branch  1 never executed (fallthrough)
branch  2 never executed (throw)
        -:  577:
    #####:  578:  std::string full_name = "UninstantiatedParameterizedTestSuite<" + name + ">";
call    0 never executed
branch  1 never executed (fallthrough)
branch  2 never executed (throw)
    %%%%%:  578-block  0
call    3 never executed
branch  4 never executed (fallthrough)
branch  5 never executed (throw)
    %%%%%:  578-block  1
call    6 never executed
    $$$$$:  578-block  2
call    7 never executed
    $$$$$:  578-block  3
    #####:  579:  RegisterTest(  //
call    0 never executed
call    1 never executed
branch  2 never executed (fallthrough)
branch  3 never executed (throw)
        -:  580:      "GoogleTestVerification", full_name.c_str(),
        -:  581:      nullptr,  // No type parameter.
        -:  582:      nullptr,  // No value parameter.
function _ZZN7testing8internal23InsertSyntheticTestCaseERKNSt7__cxx1112basic_stringIcSt11char_traitsIcESaIcEEENS0_12CodeLocationEbENKUlvE_clEv called 0 returned 0% blocks executed 0%
    #####:  583:      location.file.c_str(), location.line, [message, location] {
call    0 never executed
branch  1 never executed (fallthrough)
branch  2 never executed (throw)
    %%%%%:  583-block  0
call    3 never executed
branch  4 never executed (fallthrough)
branch  5 never executed (throw)
    %%%%%:  583-block  1
call    6 never executed
    %%%%%:  583-block  2
call    7 never executed
    $$$$$:  583-block  3
call    8 never executed
    $$$$$:  583-block  4
branch  9 never executed (fallthrough)
branch 10 never executed
    $$$$$:  583-block  5
call   11 never executed
    $$$$$:  583-block  6
    #####:  584:        return new FailureTest(location, message,
    #####:  585:                               kErrorOnUninstantiatedParameterizedTest);
    %%%%%:  585-block  0
call    0 never executed
call    1 never executed
branch  2 never executed (fallthrough)
branch  3 never executed (throw)
    %%%%%:  585-block  1
call    4 never executed
branch  5 never executed (fallthrough)
branch  6 never executed (throw)
    %%%%%:  585-block  2
    %%%%%:  585-block  3
call    7 never executed
    %%%%%:  585-block  4
    $$$$$:  585-block  5
call    8 never executed
    $$$$$:  585-block  6
    $$$$$:  585-block  7
branch  9 never executed (fallthrough)
branch 10 never executed
    $$$$$:  585-block  8
call   11 never executed
        -:  586:      });
    #####:  587:}
call    0 never executed
call    1 never executed
    $$$$$:  587-block  0
call    2 never executed
    $$$$$:  587-block  1
call    3 never executed
        -:  588:
function _ZN7testing8internal34RegisterTypeParameterizedTestSuiteEPKcNS0_12CodeLocationE called 0 returned 0% blocks executed 0%
    #####:  589:void RegisterTypeParameterizedTestSuite(const char* test_suite_name,
        -:  590:                                        CodeLocation code_location) {
    #####:  591:  GetUnitTestImpl()->type_parameterized_test_registry().RegisterTestSuite(
    %%%%%:  591-block  0
call    0 never executed
call    1 never executed
call    2 never executed
call    3 never executed
branch  4 never executed (fallthrough)
branch  5 never executed (throw)
    %%%%%:  591-block  1
call    6 never executed
    $$$$$:  591-block  2
call    7 never executed
    #####:  592:      test_suite_name, std::move(code_location));
call    0 never executed
    #####:  593:}
        -:  594:
function _ZN7testing8internal47RegisterTypeParameterizedTestSuiteInstantiationEPKc called 0 returned 0% blocks executed 0%
    #####:  595:void RegisterTypeParameterizedTestSuiteInstantiation(const char* case_name) {
    #####:  596:  GetUnitTestImpl()->type_parameterized_test_registry().RegisterInstantiation(
    %%%%%:  596-block  0
call    0 never executed
call    1 never executed
call    2 never executed
        -:  597:      case_name);
    #####:  598:}
        -:  599:
function _ZN7testing8internal34TypeParameterizedTestSuiteRegistry17RegisterTestSuiteEPKcNS0_12CodeLocationE called 0 returned 0% blocks executed 0%
    #####:  600:void TypeParameterizedTestSuiteRegistry::RegisterTestSuite(
        -:  601:    const char* test_suite_name, CodeLocation code_location) {
    #####:  602:  suites_.emplace(std::string(test_suite_name),
    %%%%%:  602-block  0
call    0 never executed
branch  1 never executed (fallthrough)
branch  2 never executed (throw)
    %%%%%:  602-block  1
call    3 never executed
branch  4 never executed (fallthrough)
branch  5 never executed (throw)
    %%%%%:  602-block  2
call    6 never executed
    $$$$$:  602-block  3
call    7 never executed
    $$$$$:  602-block  4
    $$$$$:  602-block  5
    #####:  603:                  TypeParameterizedTestSuiteInfo(std::move(code_location)));
    %%%%%:  603-block  0
call    0 never executed
call    1 never executed
call    2 never executed
    %%%%%:  603-block  1
call    3 never executed
call    4 never executed
    $$$$$:  603-block  2
call    5 never executed
    $$$$$:  603-block  3
call    6 never executed
    $$$$$:  603-block  4
    #####:  604:}
        -:  605:
function _ZN7testing8internal34TypeParameterizedTestSuiteRegistry21RegisterInstantiationEPKc called 0 returned 0% blocks executed 0%
    #####:  606:void TypeParameterizedTestSuiteRegistry::RegisterInstantiation(
        -:  607:    const char* test_suite_name) {
    #####:  608:  auto it = suites_.find(std::string(test_suite_name));
    %%%%%:  608-block  0
    %%%%%:  608-block  1
call    0 never executed
branch  1 never executed (fallthrough)
branch  2 never executed (throw)
    %%%%%:  608-block  2
call    3 never executed
branch  4 never executed (fallthrough)
branch  5 never executed (throw)
    %%%%%:  608-block  3
call    6 never executed
    $$$$$:  608-block  4
call    7 never executed
    $$$$$:  608-block  5
    $$$$$:  608-block  6
    #####:  609:  if (it != suites_.end()) {
    %%%%%:  609-block  0
call    0 never executed
call    1 never executed
branch  2 never executed (fallthrough)
branch  3 never executed
    #####:  610:    it->second.instantiated = true;
    %%%%%:  610-block  0
call    0 never executed
        -:  611:  } else {
    #####:  612:    GTEST_LOG_(ERROR) << "Unknown type parameterized test suit '"
    %%%%%:  612-block  0
call    0 never executed
branch  1 never executed (fallthrough)
branch  2 never executed (throw)
    %%%%%:  612-block  1
call    3 never executed
    %%%%%:  612-block  2
call    4 never executed
    $$$$$:  612-block  3
call    5 never executed
    $$$$$:  612-block  4
    #####:  613:                      << test_suite_name << "'";
call    0 never executed
branch  1 never executed (fallthrough)
branch  2 never executed (throw)
    %%%%%:  613-block  0
call    3 never executed
branch  4 never executed (fallthrough)
branch  5 never executed (throw)
    %%%%%:  613-block  1
call    6 never executed
branch  7 never executed (fallthrough)
branch  8 never executed (throw)
        -:  614:  }
    #####:  615:}
    %%%%%:  615-block  0
        -:  616:
function _ZN7testing8internal34TypeParameterizedTestSuiteRegistry22CheckForInstantiationsEv called 1 returned 100% blocks executed 11%
        1:  617:void TypeParameterizedTestSuiteRegistry::CheckForInstantiations() {
        1:  618:  const auto& ignored = *GetIgnoredParameterizedTestSuites();
        1:  618-block  0
call    0 returned 1
       1*:  619:  for (const auto& testcase : suites_) {
call    0 returned 1
call    1 returned 1
    %%%%%:  619-block  0
call    2 never executed
    %%%%%:  619-block  1
call    3 never executed
        1:  619-block  2
call    4 returned 1
branch  5 taken 0
branch  6 taken 1 (fallthrough)
    #####:  620:    if (testcase.second.instantiated) continue;
branch  0 never executed (fallthrough)
branch  1 never executed
    %%%%%:  620-block  0
    %%%%%:  620-block  1
    #####:  621:    if (ignored.find(testcase.first) != ignored.end()) continue;
    %%%%%:  621-block  0
call    0 never executed
call    1 never executed
branch  2 never executed (fallthrough)
branch  3 never executed (throw)
    %%%%%:  621-block  1
call    4 never executed
branch  5 never executed (fallthrough)
branch  6 never executed
    %%%%%:  621-block  2
    $$$$$:  621-block  3
    $$$$$:  621-block  4
        -:  622:
        -:  623:    std::string message =
    #####:  624:        "Type parameterized test suite " + testcase.first +
    %%%%%:  624-block  0
call    0 never executed
branch  1 never executed (fallthrough)
branch  2 never executed (throw)
call    3 never executed
call    4 never executed
    $$$$$:  624-block  1
call    5 never executed
    $$$$$:  624-block  2
call    6 never executed
    $$$$$:  624-block  3
    $$$$$:  624-block  4
        -:  625:        " is defined via REGISTER_TYPED_TEST_SUITE_P, but never instantiated "
        -:  626:        "via INSTANTIATE_TYPED_TEST_SUITE_P. None of the test cases will run."
        -:  627:        "\n\n"
        -:  628:        "Ideally, TYPED_TEST_P definitions should only ever be included as "
        -:  629:        "part of binaries that intend to use them. (As opposed to, for "
        -:  630:        "example, being placed in a library that may be linked in to get "
        -:  631:        "other "
        -:  632:        "utilities.)"
        -:  633:        "\n\n"
        -:  634:        "To suppress this error for this test suite, insert the following "
        -:  635:        "line "
        -:  636:        "(in a non-header) in the namespace it is defined in:"
        -:  637:        "\n\n"
    #####:  638:        "GTEST_ALLOW_UNINSTANTIATED_PARAMETERIZED_TEST(" +
    %%%%%:  638-block  0
call    0 never executed
branch  1 never executed (fallthrough)
branch  2 never executed (throw)
    %%%%%:  638-block  1
call    3 never executed
    $$$$$:  638-block  2
call    4 never executed
    $$$$$:  638-block  3
    #####:  639:        testcase.first + ");";
    %%%%%:  639-block  0
call    0 never executed
branch  1 never executed (fallthrough)
branch  2 never executed (throw)
    %%%%%:  639-block  1
call    3 never executed
branch  4 never executed (fallthrough)
branch  5 never executed (throw)
        -:  640:
        -:  641:    std::string full_name =
    #####:  642:        "UninstantiatedTypeParameterizedTestSuite<" + testcase.first + ">";
call    0 never executed
branch  1 never executed (fallthrough)
branch  2 never executed (throw)
    %%%%%:  642-block  0
call    3 never executed
branch  4 never executed (fallthrough)
branch  5 never executed (throw)
    %%%%%:  642-block  1
call    6 never executed
    $$$$$:  642-block  2
call    7 never executed
    $$$$$:  642-block  3
    #####:  643:    RegisterTest(  //
call    0 never executed
call    1 never executed
branch  2 never executed (fallthrough)
branch  3 never executed (throw)
        -:  644:        "GoogleTestVerification", full_name.c_str(),
        -:  645:        nullptr,  // No type parameter.
        -:  646:        nullptr,  // No value parameter.
        -:  647:        testcase.second.code_location.file.c_str(),
function _ZZN7testing8internal34TypeParameterizedTestSuiteRegistry22CheckForInstantiationsEvENKUlvE_clEv called 0 returned 0% blocks executed 0%
    #####:  648:        testcase.second.code_location.line, [message, testcase] {
call    0 never executed
branch  1 never executed (fallthrough)
branch  2 never executed (throw)
    %%%%%:  648-block  0
call    3 never executed
branch  4 never executed (fallthrough)
branch  5 never executed (throw)
    %%%%%:  648-block  1
call    6 never executed
    %%%%%:  648-block  2
call    7 never executed
    $$$$$:  648-block  3
call    8 never executed
    $$$$$:  648-block  4
branch  9 never executed (fallthrough)
branch 10 never executed
    $$$$$:  648-block  5
call   11 never executed
    $$$$$:  648-block  6
    #####:  649:          return new FailureTest(testcase.second.code_location, message,
    #####:  650:                                 kErrorOnUninstantiatedTypeParameterizedTest);
    %%%%%:  650-block  0
call    0 never executed
call    1 never executed
branch  2 never executed (fallthrough)
branch  3 never executed (throw)
    %%%%%:  650-block  1
call    4 never executed
branch  5 never executed (fallthrough)
branch  6 never executed (throw)
    %%%%%:  650-block  2
    %%%%%:  650-block  3
call    7 never executed
    %%%%%:  650-block  4
    $$$$$:  650-block  5
call    8 never executed
    $$$$$:  650-block  6
    $$$$$:  650-block  7
branch  9 never executed (fallthrough)
branch 10 never executed
    $$$$$:  650-block  8
call   11 never executed
        -:  651:        });
    #####:  652:  }
call    0 never executed
call    1 never executed
    $$$$$:  652-block  0
call    2 never executed
    $$$$$:  652-block  1
call    3 never executed
        1:  653:}
        1:  653-block  0
        -:  654:
        -:  655:// A copy of all command line arguments.  Set by InitGoogleTest().
        -:  656:static ::std::vector<std::string> g_argvs;
        -:  657:
function _ZN7testing8internal8GetArgvsB5cxx11Ev called 2 returned 100% blocks executed 100%
        2:  658:::std::vector<std::string> GetArgvs() {
        -:  659:#if defined(GTEST_CUSTOM_GET_ARGVS_)
        -:  660:  // GTEST_CUSTOM_GET_ARGVS_() may return a container of std::string or
        -:  661:  // ::string. This code converts it to the appropriate type.
        -:  662:  const auto& custom = GTEST_CUSTOM_GET_ARGVS_();
        -:  663:  return ::std::vector<std::string>(custom.begin(), custom.end());
        -:  664:#else   // defined(GTEST_CUSTOM_GET_ARGVS_)
        2:  665:  return g_argvs;
        2:  665-block  0
call    0 returned 2
        -:  666:#endif  // defined(GTEST_CUSTOM_GET_ARGVS_)
        -:  667:}
        -:  668:
        -:  669:#if GTEST_HAS_FILE_SYSTEM
        -:  670:// Returns the current application's name, removing directory path if that
        -:  671:// is present.
function _ZN7testing8internal24GetCurrentExecutableNameEv called 0 returned 0% blocks executed 0%
    #####:  672:FilePath GetCurrentExecutableName() {
    #####:  673:  FilePath result;
    %%%%%:  673-block  0
call    0 never executed
branch  1 never executed (fallthrough)
branch  2 never executed (throw)
        -:  674:
    #####:  675:  auto args = GetArgvs();
    %%%%%:  675-block  0
call    0 never executed
branch  1 never executed (fallthrough)
branch  2 never executed (throw)
    #####:  676:  if (!args.empty()) {
    %%%%%:  676-block  0
call    0 never executed
branch  1 never executed (fallthrough)
branch  2 never executed
        -:  677:#if defined(GTEST_OS_WINDOWS) || defined(GTEST_OS_OS2)
        -:  678:    result.Set(FilePath(args[0]).RemoveExtension("exe"));
        -:  679:#else
    #####:  680:    result.Set(FilePath(args[0]));
    %%%%%:  680-block  0
call    0 never executed
call    1 never executed
branch  2 never executed (fallthrough)
branch  3 never executed (throw)
    %%%%%:  680-block  1
call    4 never executed
branch  5 never executed (fallthrough)
branch  6 never executed (throw)
    %%%%%:  680-block  2
call    7 never executed
branch  8 never executed (fallthrough)
branch  9 never executed (throw)
    %%%%%:  680-block  3
call   10 never executed
call   11 never executed
    $$$$$:  680-block  4
call   12 never executed
    $$$$$:  680-block  5
call   13 never executed
    $$$$$:  680-block  6
    $$$$$:  680-block  7
        -:  681:#endif  // GTEST_OS_WINDOWS
        -:  682:  }
        -:  683:
    #####:  684:  return result.RemoveDirectoryName();
    %%%%%:  684-block  0
call    0 never executed
branch  1 never executed (fallthrough)
branch  2 never executed (throw)
    %%%%%:  684-block  1
    #####:  685:}
    %%%%%:  685-block  0
call    0 never executed
call    1 never executed
    $$$$$:  685-block  1
call    2 never executed
    $$$$$:  685-block  2
call    3 never executed
        -:  686:#endif  // GTEST_HAS_FILE_SYSTEM
        -:  687:
        -:  688:// Functions for processing the gtest_output flag.
        -:  689:
        -:  690:// Returns the output format, or "" for normal printed output.
function _ZN7testing8internal15UnitTestOptions15GetOutputFormatB5cxx11Ev called 1 returned 100% blocks executed 45%
        1:  691:std::string UnitTestOptions::GetOutputFormat() {
        1:  692:  std::string s = GTEST_FLAG_GET(output);
        1:  692-block  0
call    0 returned 1
branch  1 taken 1 (fallthrough)
branch  2 taken 0 (throw)
        1:  693:  const char* const gtest_output_flag = s.c_str();
        1:  693-block  0
call    0 returned 1
        1:  694:  const char* const colon = strchr(gtest_output_flag, ':');
        -:  695:  return (colon == nullptr)
        1:  696:             ? std::string(gtest_output_flag)
        -:  697:             : std::string(gtest_output_flag,
       3*:  698:                           static_cast<size_t>(colon - gtest_output_flag));
branch  0 taken 1 (fallthrough)
branch  1 taken 0
        1:  698-block  0
call    2 returned 1
branch  3 taken 1 (fallthrough)
branch  4 taken 0 (throw)
    %%%%%:  698-block  1
call    5 never executed
branch  6 never executed (fallthrough)
branch  7 never executed (throw)
        1:  698-block  2
branch  8 taken 0 (fallthrough)
branch  9 taken 1
        1:  698-block  3
branch 10 taken 1 (fallthrough)
branch 11 taken 0
        1:  698-block  4
    $$$$$:  698-block  5
branch 12 never executed (fallthrough)
branch 13 never executed
    $$$$$:  698-block  6
    $$$$$:  698-block  7
branch 14 never executed (fallthrough)
branch 15 never executed
    $$$$$:  698-block  8
        1:  699:}
        1:  699-block  0
call    0 returned 1
    $$$$$:  699-block  1
call    1 never executed
        -:  700:
        -:  701:#if GTEST_HAS_FILE_SYSTEM
        -:  702:// Returns the name of the requested output file, or the default if none
        -:  703:// was explicitly specified.
function _ZN7testing8internal15UnitTestOptions27GetAbsolutePathToOutputFileB5cxx11Ev called 0 returned 0% blocks executed 0%
    #####:  704:std::string UnitTestOptions::GetAbsolutePathToOutputFile() {
    #####:  705:  std::string s = GTEST_FLAG_GET(output);
    %%%%%:  705-block  0
call    0 never executed
branch  1 never executed (fallthrough)
branch  2 never executed (throw)
    #####:  706:  const char* const gtest_output_flag = s.c_str();
    %%%%%:  706-block  0
call    0 never executed
        -:  707:
    #####:  708:  std::string format = GetOutputFormat();
call    0 never executed
branch  1 never executed (fallthrough)
branch  2 never executed (throw)
    #####:  709:  if (format.empty()) format = std::string(kDefaultOutputFormat);
    %%%%%:  709-block  0
call    0 never executed
branch  1 never executed (fallthrough)
branch  2 never executed
    %%%%%:  709-block  1
call    3 never executed
branch  4 never executed (fallthrough)
branch  5 never executed (throw)
    %%%%%:  709-block  2
call    6 never executed
call    7 never executed
    %%%%%:  709-block  3
    $$$$$:  709-block  4
    $$$$$:  709-block  5
        -:  710:
    #####:  711:  const char* const colon = strchr(gtest_output_flag, ':');
    #####:  712:  if (colon == nullptr)
    %%%%%:  712-block  0
branch  0 never executed (fallthrough)
branch  1 never executed
    #####:  713:    return internal::FilePath::MakeFileName(
    %%%%%:  713-block  0
call    0 never executed
    %%%%%:  713-block  1
call    1 never executed
branch  2 never executed (fallthrough)
branch  3 never executed (throw)
    %%%%%:  713-block  2
call    4 never executed
    $$$$$:  713-block  3
call    5 never executed
    $$$$$:  713-block  4
    #####:  714:               internal::FilePath(
    %%%%%:  714-block  0
call    0 never executed
branch  1 never executed (fallthrough)
branch  2 never executed (throw)
    %%%%%:  714-block  1
call    3 never executed
call    4 never executed
branch  5 never executed (fallthrough)
branch  6 never executed (throw)
    %%%%%:  714-block  2
call    7 never executed
branch  8 never executed (fallthrough)
branch  9 never executed (throw)
call   10 never executed
call   11 never executed
    $$$$$:  714-block  3
call   12 never executed
    $$$$$:  714-block  4
call   13 never executed
    $$$$$:  714-block  5
    $$$$$:  714-block  6
    $$$$$:  714-block  7
        -:  715:                   UnitTest::GetInstance()->original_working_dir()),
    #####:  716:               internal::FilePath(kDefaultOutputFile), 0, format.c_str())
    %%%%%:  716-block  0
call    0 never executed
branch  1 never executed (fallthrough)
branch  2 never executed (throw)
    %%%%%:  716-block  1
call    3 never executed
branch  4 never executed (fallthrough)
branch  5 never executed (throw)
    %%%%%:  716-block  2
call    6 never executed
call    7 never executed
    %%%%%:  716-block  3
    $$$$$:  716-block  4
call    8 never executed
    $$$$$:  716-block  5
call    9 never executed
    $$$$$:  716-block  6
    $$$$$:  716-block  7
    $$$$$:  716-block  8
    #####:  717:        .string();
    %%%%%:  717-block  0
call    0 never executed
call    1 never executed
branch  2 never executed (fallthrough)
branch  3 never executed (throw)
    %%%%%:  717-block  1
        -:  718:
    #####:  719:  internal::FilePath output_name(colon + 1);
    %%%%%:  719-block  0
call    0 never executed
branch  1 never executed (fallthrough)
branch  2 never executed (throw)
    %%%%%:  719-block  1
call    3 never executed
branch  4 never executed (fallthrough)
branch  5 never executed (throw)
    %%%%%:  719-block  2
call    6 never executed
    $$$$$:  719-block  3
call    7 never executed
    $$$$$:  719-block  4
    $$$$$:  719-block  5
    #####:  720:  if (!output_name.IsAbsolutePath())
    %%%%%:  720-block  0
call    0 never executed
branch  1 never executed (fallthrough)
branch  2 never executed
    #####:  721:    output_name = internal::FilePath::ConcatPaths(
    %%%%%:  721-block  0
call    0 never executed
branch  1 never executed (fallthrough)
branch  2 never executed (throw)
call    3 never executed
    $$$$$:  721-block  1
    #####:  722:        internal::FilePath(UnitTest::GetInstance()->original_working_dir()),
    %%%%%:  722-block  0
call    0 never executed
branch  1 never executed (fallthrough)
branch  2 never executed (throw)
    %%%%%:  722-block  1
call    3 never executed
call    4 never executed
branch  5 never executed (fallthrough)
branch  6 never executed (throw)
    %%%%%:  722-block  2
call    7 never executed
branch  8 never executed (fallthrough)
branch  9 never executed (throw)
call   10 never executed
call   11 never executed
    $$$$$:  722-block  3
call   12 never executed
    $$$$$:  722-block  4
call   13 never executed
    $$$$$:  722-block  5
    $$$$$:  722-block  6
    $$$$$:  722-block  7
    #####:  723:        internal::FilePath(colon + 1));
    %%%%%:  723-block  0
call    0 never executed
branch  1 never executed (fallthrough)
branch  2 never executed (throw)
    %%%%%:  723-block  1
call    3 never executed
branch  4 never executed (fallthrough)
branch  5 never executed (throw)
    %%%%%:  723-block  2
call    6 never executed
    %%%%%:  723-block  3
call    7 never executed
call    8 never executed
    %%%%%:  723-block  4
    $$$$$:  723-block  5
call    9 never executed
    $$$$$:  723-block  6
call   10 never executed
    $$$$$:  723-block  7
    $$$$$:  723-block  8
    $$$$$:  723-block  9
        -:  724:
    #####:  725:  if (!output_name.IsDirectory()) return output_name.string();
    %%%%%:  725-block  0
call    0 never executed
branch  1 never executed (fallthrough)
branch  2 never executed
    %%%%%:  725-block  1
call    3 never executed
call    4 never executed
branch  5 never executed (fallthrough)
branch  6 never executed (throw)
    %%%%%:  725-block  2
        -:  726:
        -:  727:  internal::FilePath result(internal::FilePath::GenerateUniqueFileName(
    #####:  728:      output_name, internal::GetCurrentExecutableName(),
call    0 never executed
branch  1 never executed (fallthrough)
branch  2 never executed (throw)
    %%%%%:  728-block  0
call    3 never executed
    $$$$$:  728-block  1
call    4 never executed
    $$$$$:  728-block  2
    #####:  729:      GetOutputFormat().c_str()));
    %%%%%:  729-block  0
call    0 never executed
branch  1 never executed (fallthrough)
branch  2 never executed (throw)
    %%%%%:  729-block  1
call    3 never executed
    %%%%%:  729-block  2
call    4 never executed
branch  5 never executed (fallthrough)
branch  6 never executed (throw)
call    7 never executed
    $$$$$:  729-block  3
call    8 never executed
    $$$$$:  729-block  4
    #####:  730:  return result.string();
call    0 never executed
call    1 never executed
branch  2 never executed (fallthrough)
branch  3 never executed (throw)
    %%%%%:  730-block  0
    #####:  731:}
    %%%%%:  731-block  0
call    0 never executed
    %%%%%:  731-block  1
call    1 never executed
    %%%%%:  731-block  2
call    2 never executed
call    3 never executed
    $$$$$:  731-block  3
call    4 never executed
    $$$$$:  731-block  4
call    5 never executed
    $$$$$:  731-block  5
call    6 never executed
    $$$$$:  731-block  6
call    7 never executed
        -:  732:#endif  // GTEST_HAS_FILE_SYSTEM
        -:  733:
        -:  734:// Returns true if and only if the wildcard pattern matches the string. Each
        -:  735:// pattern consists of regular characters, single-character wildcards (?), and
        -:  736:// multi-character wildcards (*).
        -:  737://
        -:  738:// This function implements a linear-time string globbing algorithm based on
        -:  739:// https://research.swtch.com/glob.
function _ZN7testing8internalL20PatternMatchesStringERKNSt7__cxx1112basic_stringIcSt11char_traitsIcESaIcEEEPKcSA_ called 53 returned 100% blocks executed 83%
       53:  740:static bool PatternMatchesString(const std::string& name_str,
        -:  741:                                 const char* pattern, const char* pattern_end) {
       53:  742:  const char* name = name_str.c_str();
       53:  742-block  0
call    0 returned 53
       53:  743:  const char* const name_begin = name;
       53:  744:  const char* const name_end = name + name_str.size();
call    0 returned 53
        -:  745:
       53:  746:  const char* pattern_next = pattern;
       53:  747:  const char* name_next = name;
        -:  748:
     1180:  749:  while (pattern < pattern_end || name < name_end) {
     1180:  749-block  0
branch  0 taken 885
branch  1 taken 295 (fallthrough)
      295:  749-block  1
branch  2 taken 284
branch  3 taken 11 (fallthrough)
     1169:  750:    if (pattern < pattern_end) {
     1169:  750-block  0
branch  0 taken 885 (fallthrough)
branch  1 taken 284
      885:  751:      switch (*pattern) {
      885:  751-block  0
branch  0 taken 305
branch  1 taken 0
branch  2 taken 580
      305:  752:        default:  // Match an ordinary character.
     305*:  753:          if (name < name_end && *name == *pattern) {
      305:  753-block  0
branch  0 taken 283 (fallthrough)
branch  1 taken 22
      283:  753-block  1
branch  2 taken 0 (fallthrough)
branch  3 taken 283
    #####:  754:            ++pattern;
    #####:  755:            ++name;
    #####:  756:            continue;
    %%%%%:  756-block  0
        -:  757:          }
      305:  758:          break;
      305:  758-block  0
    #####:  759:        case '?':  // Match any single character.
    #####:  760:          if (name < name_end) {
    %%%%%:  760-block  0
branch  0 never executed (fallthrough)
branch  1 never executed
    #####:  761:            ++pattern;
    #####:  762:            ++name;
    #####:  763:            continue;
    %%%%%:  763-block  0
        -:  764:          }
    #####:  765:          break;
    %%%%%:  765-block  0
      580:  766:        case '*':
        -:  767:          // Match zero or more characters. Start by skipping over the wildcard
        -:  768:          // and matching zero characters from name. If that fails, restart and
        -:  769:          // match one more character than the last attempt.
      580:  770:          pattern_next = pattern;
      580:  771:          name_next = name + 1;
      580:  772:          ++pattern;
      580:  773:          continue;
      580:  773-block  0
        -:  774:      }
        -:  775:    }
        -:  776:    // Failed to match a character. Restart if possible.
      589:  777:    if (name_begin < name_next && name_next <= name_end) {
      589:  777-block  0
branch  0 taken 569 (fallthrough)
branch  1 taken 20
      569:  777-block  1
branch  2 taken 547 (fallthrough)
branch  3 taken 22
      547:  778:      pattern = pattern_next;
      547:  779:      name = name_next;
      547:  780:      continue;
      547:  780-block  0
        -:  781:    }
       42:  782:    return false;
       42:  782-block  0
        -:  783:  }
       11:  784:  return true;
       11:  784-block  0
        -:  785:}
        -:  786:
        -:  787:namespace {
        -:  788:
function _ZN7testing8internal12_GLOBAL__N_113IsGlobPatternERKNSt7__cxx1112basic_stringIcSt11char_traitsIcESaIcEEE called 6 returned 100% blocks executed 100%
        6:  789:bool IsGlobPattern(const std::string& pattern) {
        6:  790:  return std::any_of(pattern.begin(), pattern.end(),
        6:  790-block  0
call    0 returned 6
call    1 returned 6
call    2 returned 6
function _ZZN7testing8internal12_GLOBAL__N_113IsGlobPatternERKNSt7__cxx1112basic_stringIcSt11char_traitsIcESaIcEEEENKUlcE_clEc called 15 returned 100% blocks executed 100%
       21:  791:                     [](const char c) { return c == '?' || c == '*'; });
       15:  791-block  0
branch  0 taken 15 (fallthrough)
branch  1 taken 0
       15:  791-block  1
branch  2 taken 6 (fallthrough)
branch  3 taken 9
        6:  791-block  2
        9:  791-block  3
       15:  791-block  4
        -:  792:}
        -:  793:
        -:  794:class UnitTestFilter {
        -:  795: public:
function _ZN7testing8internal12_GLOBAL__N_114UnitTestFilterC2Ev called 4 returned 100% blocks executed 100%
        4:  796:  UnitTestFilter() = default;
        4:  796-block  0
call    0 returned 4
call    1 returned 4
        -:  797:
        -:  798:  // Constructs a filter from a string of patterns separated by `:`.
function _ZN7testing8internal12_GLOBAL__N_114UnitTestFilterC2ERKNSt7__cxx1112basic_stringIcSt11char_traitsIcESaIcEEE called 4 returned 100% blocks executed 81%
        4:  799:  explicit UnitTestFilter(const std::string& filter) {
        4:  799-block  0
call    0 returned 4
call    1 returned 4
        -:  800:    // By design "" filter matches "" string.
        4:  801:    std::vector<std::string> all_patterns;
        4:  802:    SplitString(filter, ':', &all_patterns);
call    0 returned 4
branch  1 taken 4 (fallthrough)
branch  2 taken 0 (throw)
        4:  803:    const auto exact_match_patterns_begin = std::partition(
        4:  803-block  0
call    0 returned 4
call    1 returned 4
call    2 returned 4
branch  3 taken 4 (fallthrough)
branch  4 taken 0 (throw)
        -:  804:        all_patterns.begin(), all_patterns.end(), &IsGlobPattern);
        -:  805:
        8:  806:    glob_patterns_.reserve(static_cast<size_t>(
        8:  807:        std::distance(all_patterns.begin(), exact_match_patterns_begin)));
        4:  807-block  0
call    0 returned 4
        4:  807-block  1
call    1 returned 4
branch  2 taken 4 (fallthrough)
branch  3 taken 0 (throw)
        8:  808:    std::move(all_patterns.begin(), exact_match_patterns_begin,
        4:  808-block  0
call    0 returned 4
        4:  808-block  1
call    1 returned 4
call    2 returned 4
branch  3 taken 4 (fallthrough)
branch  4 taken 0 (throw)
        4:  809:              std::inserter(glob_patterns_, glob_patterns_.begin()));
call    0 returned 4
branch  1 taken 4 (fallthrough)
branch  2 taken 0 (throw)
        8:  810:    std::move(
        4:  810-block  0
call    0 returned 4
        4:  810-block  1
call    1 returned 4
call    2 returned 4
branch  3 taken 4 (fallthrough)
branch  4 taken 0 (throw)
        -:  811:        exact_match_patterns_begin, all_patterns.end(),
        4:  812:        std::inserter(exact_match_patterns_, exact_match_patterns_.begin()));
call    0 returned 4
branch  1 taken 4 (fallthrough)
branch  2 taken 0 (throw)
        4:  813:  }
        4:  813-block  0
call    0 returned 4
    $$$$$:  813-block  1
call    1 never executed
    $$$$$:  813-block  2
call    2 never executed
    $$$$$:  813-block  3
call    3 never executed
        -:  814:
        -:  815:  // Returns true if and only if name matches at least one of the patterns in
        -:  816:  // the filter.
function _ZNK7testing8internal12_GLOBAL__N_114UnitTestFilter11MatchesNameERKNSt7__cxx1112basic_stringIcSt11char_traitsIcESaIcEEE called 43 returned 100% blocks executed 93%
       43:  817:  bool MatchesName(const std::string& name) const {
       86:  818:    return exact_match_patterns_.find(name) != exact_match_patterns_.end() ||
       43:  818-block  0
call    0 returned 43
call    1 returned 43
branch  2 taken 43 (fallthrough)
branch  3 taken 0 (throw)
       43:  818-block  1
call    4 returned 43
branch  5 taken 43 (fallthrough)
branch  6 taken 0
       11:  818-block  2
       32:  818-block  3
    $$$$$:  818-block  4
       43:  819:           std::any_of(glob_patterns_.begin(), glob_patterns_.end(),
       43:  819-block  0
call    0 returned 43
call    1 returned 43
call    2 returned 43
branch  3 taken 43 (fallthrough)
branch  4 taken 0 (throw)
       43:  819-block  1
branch  5 taken 11 (fallthrough)
branch  6 taken 32
function _ZZNK7testing8internal12_GLOBAL__N_114UnitTestFilter11MatchesNameERKNSt7__cxx1112basic_stringIcSt11char_traitsIcESaIcEEEENKUlSA_E_clESA_ called 53 returned 100% blocks executed 100%
       53:  820:                       [&name](const std::string& pattern) {
       53:  821:                         return PatternMatchesString(
call    0 returned 53
call    1 returned 53
        -:  822:                             name, pattern.c_str(),
      106:  823:                             pattern.c_str() + pattern.size());
       53:  823-block  0
call    0 returned 53
call    1 returned 53
       43:  824:                       });
       43:  824-block  0
       43:  824-block  1
        -:  825:  }
        -:  826:
        -:  827: private:
        -:  828:  std::vector<std::string> glob_patterns_;
        -:  829:  std::unordered_set<std::string> exact_match_patterns_;
        -:  830:};
        -:  831:
        -:  832:class PositiveAndNegativeUnitTestFilter {
        -:  833: public:
        -:  834:  // Constructs a positive and a negative filter from a string. The string
        -:  835:  // contains a positive filter optionally followed by a '-' character and a
        -:  836:  // negative filter. In case only a negative filter is provided the positive
        -:  837:  // filter will be assumed "*".
        -:  838:  // A filter is a list of patterns separated by ':'.
function _ZN7testing8internal12_GLOBAL__N_133PositiveAndNegativeUnitTestFilterC2ERKNSt7__cxx1112basic_stringIcSt11char_traitsIcESaIcEEE called 2 returned 100% blocks executed 19%
        2:  839:  explicit PositiveAndNegativeUnitTestFilter(const std::string& filter) {
        2:  839-block  0
call    0 returned 2
call    1 returned 2
        2:  840:    std::vector<std::string> positive_and_negative_filters;
        -:  841:
        -:  842:    // NOTE: `SplitString` always returns a non-empty container.
        2:  843:    SplitString(filter, '-', &positive_and_negative_filters);
call    0 returned 2
branch  1 taken 2 (fallthrough)
branch  2 taken 0 (throw)
        2:  844:    const auto& positive_filter = positive_and_negative_filters.front();
        2:  844-block  0
call    0 returned 2
        -:  845:
        2:  846:    if (positive_and_negative_filters.size() > 1) {
call    0 returned 2
branch  1 taken 0 (fallthrough)
branch  2 taken 2
    #####:  847:      positive_filter_ = UnitTestFilter(
    %%%%%:  847-block  0
call    0 never executed
branch  1 never executed (fallthrough)
branch  2 never executed (throw)
call    3 never executed
    $$$$$:  847-block  1
    #####:  848:          positive_filter.empty() ? kUniversalFilter : positive_filter);
    %%%%%:  848-block  0
call    0 never executed
branch  1 never executed (fallthrough)
branch  2 never executed
    %%%%%:  848-block  1
call    3 never executed
branch  4 never executed (fallthrough)
branch  5 never executed (throw)
    %%%%%:  848-block  2
call    6 never executed
branch  7 never executed (fallthrough)
branch  8 never executed (throw)
    %%%%%:  848-block  3
call    9 never executed
call   10 never executed
branch 11 never executed (fallthrough)
branch 12 never executed
[...]
        -: 6866:  absl::ParseAbseilFlagsOnly(*argc, argv, positional_args, unrecognized_flags);
        -: 6867:  absl::flat_hash_set<absl::string_view> unrecognized;
        -: 6868:  for (const auto& flag : unrecognized_flags) {
        -: 6869:    unrecognized.insert(flag.flag_name);
        -: 6870:  }
        -: 6871:  absl::flat_hash_set<char*> positional;
        -: 6872:  for (const auto& arg : positional_args) {
        -: 6873:    positional.insert(arg);
        -: 6874:  }
        -: 6875:
        -: 6876:  int out_pos = 1;
        -: 6877:  int in_pos = 1;
        -: 6878:  for (; in_pos < *argc; ++in_pos) {
        -: 6879:    char* arg = argv[in_pos];
        -: 6880:    absl::string_view arg_str(arg);
        -: 6881:    if (absl::ConsumePrefix(&arg_str, "--")) {
        -: 6882:      // Flag-like argument. If the flag was unrecognized, keep it.
        -: 6883:      // If it was a GoogleTest flag, remove it.
        -: 6884:      if (unrecognized.contains(arg_str)) {
        -: 6885:        argv[out_pos++] = argv[in_pos];
        -: 6886:        continue;
        -: 6887:      }
        -: 6888:    }
        -: 6889:
        -: 6890:    if (arg_str.empty()) {
        -: 6891:      ++in_pos;
        -: 6892:      break;  // '--' indicates that the rest of the arguments are positional
        -: 6893:    }
        -: 6894:
        -: 6895:    // Probably a positional argument. If it is in fact positional, keep it.
        -: 6896:    // If it was a value for the flag argument, remove it.
        -: 6897:    if (positional.contains(arg)) {
        -: 6898:      argv[out_pos++] = arg;
        -: 6899:    }
        -: 6900:  }
        -: 6901:
        -: 6902:  // The rest are positional args for sure.
        -: 6903:  while (in_pos < *argc) {
        -: 6904:    argv[out_pos++] = argv[in_pos++];
        -: 6905:  }
        -: 6906:
        -: 6907:  *argc = out_pos;
        -: 6908:  argv[out_pos] = nullptr;
        -: 6909:#else
        1: 6910:  ParseGoogleTestFlagsOnlyImpl(argc, argv);
        1: 6910-block  0
call    0 returned 1
        -: 6911:#endif
        -: 6912:
        -: 6913:  // Fix the value of *_NSGetArgc() on macOS, but if and only if
        -: 6914:  // *_NSGetArgv() == argv
        -: 6915:  // Only applicable to char** version of argv
        -: 6916:#ifdef GTEST_OS_MAC
        -: 6917:#ifndef GTEST_OS_IOS
        -: 6918:  if (*_NSGetArgv() == argv) {
        -: 6919:    *_NSGetArgc() = *argc;
        -: 6920:  }
        -: 6921:#endif
        -: 6922:#endif
        1: 6923:}
function _ZN7testing8internal24ParseGoogleTestFlagsOnlyEPiPPw called 0 returned 0% blocks executed 0%
    #####: 6924:void ParseGoogleTestFlagsOnly(int* argc, wchar_t** argv) {
    #####: 6925:  ParseGoogleTestFlagsOnlyImpl(argc, argv);
    %%%%%: 6925-block  0
call    0 never executed
    #####: 6926:}
        -: 6927:
        -: 6928:// The internal implementation of InitGoogleTest().
        -: 6929://
        -: 6930:// The type parameter CharType can be instantiated to either char or
        -: 6931:// wchar_t.
        -: 6932:template <typename CharType>
       1*: 6933:void InitGoogleTestImpl(int* argc, CharType** argv) {
        -: 6934:  // We don't want to run the initialization code twice.
       1*: 6935:  if (GTestIsInitialized()) return;
        -: 6936:
       1*: 6937:  if (*argc <= 0) return;
        -: 6938:
       1*: 6939:  g_argvs.clear();
       3*: 6940:  for (int i = 0; i != *argc; i++) {
       2*: 6941:    g_argvs.push_back(StreamableToString(argv[i]));
        -: 6942:  }
        -: 6943:
        -: 6944:#ifdef GTEST_HAS_ABSL
        -: 6945:  absl::InitializeSymbolizer(g_argvs[0].c_str());
        -: 6946:
        -: 6947:#ifdef GTEST_HAS_ABSL_FLAGS
        -: 6948:  // When using the Abseil Flags library, set the program usage message to the
        -: 6949:  // help message, but remove the color-encoding from the message first.
        -: 6950:  absl::SetProgramUsageMessage(absl::StrReplaceAll(
        -: 6951:      kColorEncodedHelpMessage,
        -: 6952:      {{"@D", ""}, {"@R", ""}, {"@G", ""}, {"@Y", ""}, {"@@", "@"}}));
        -: 6953:#endif  // GTEST_HAS_ABSL_FLAGS
        -: 6954:#endif  // GTEST_HAS_ABSL
        -: 6955:
       1*: 6956:  ParseGoogleTestFlagsOnly(argc, argv);
       1*: 6957:  GetUnitTestImpl()->PostFlagParsingInit();
        -: 6958:}
------------------
_ZN7testing8internal18InitGoogleTestImplIwEEvPiPPT_:
function _ZN7testing8internal18InitGoogleTestImplIwEEvPiPPT_ called 0 returned 0% blocks executed 0%
    #####: 6933:void InitGoogleTestImpl(int* argc, CharType** argv) {
        -: 6934:  // We don't want to run the initialization code twice.
    #####: 6935:  if (GTestIsInitialized()) return;
    %%%%%: 6935-block  0
call    0 never executed
branch  1 never executed (fallthrough)
branch  2 never executed
    %%%%%: 6935-block  1
        -: 6936:
    #####: 6937:  if (*argc <= 0) return;
    %%%%%: 6937-block  0
branch  0 never executed (fallthrough)
branch  1 never executed
    %%%%%: 6937-block  1
        -: 6938:
    #####: 6939:  g_argvs.clear();
    %%%%%: 6939-block  0
call    0 never executed
    #####: 6940:  for (int i = 0; i != *argc; i++) {
    %%%%%: 6940-block  0
branch  0 never executed
branch  1 never executed (fallthrough)
    #####: 6941:    g_argvs.push_back(StreamableToString(argv[i]));
    %%%%%: 6941-block  0
call    0 never executed
branch  1 never executed (fallthrough)
branch  2 never executed (throw)
    %%%%%: 6941-block  1
call    3 never executed
branch  4 never executed (fallthrough)
branch  5 never executed (throw)
    %%%%%: 6941-block  2
call    6 never executed
    $$$$$: 6941-block  3
call    7 never executed
        -: 6942:  }
        -: 6943:
        -: 6944:#ifdef GTEST_HAS_ABSL
        -: 6945:  absl::InitializeSymbolizer(g_argvs[0].c_str());
        -: 6946:
        -: 6947:#ifdef GTEST_HAS_ABSL_FLAGS
        -: 6948:  // When using the Abseil Flags library, set the program usage message to the
        -: 6949:  // help message, but remove the color-encoding from the message first.
        -: 6950:  absl::SetProgramUsageMessage(absl::StrReplaceAll(
        -: 6951:      kColorEncodedHelpMessage,
        -: 6952:      {{"@D", ""}, {"@R", ""}, {"@G", ""}, {"@Y", ""}, {"@@", "@"}}));
        -: 6953:#endif  // GTEST_HAS_ABSL_FLAGS
        -: 6954:#endif  // GTEST_HAS_ABSL
        -: 6955:
    #####: 6956:  ParseGoogleTestFlagsOnly(argc, argv);
    %%%%%: 6956-block  0
call    0 never executed
    #####: 6957:  GetUnitTestImpl()->PostFlagParsingInit();
call    0 never executed
call    1 never executed
        -: 6958:}
------------------
_ZN7testing8internal18InitGoogleTestImplIcEEvPiPPT_:
function _ZN7testing8internal18InitGoogleTestImplIcEEvPiPPT_ called 1 returned 100% blocks executed 79%
        1: 6933:void InitGoogleTestImpl(int* argc, CharType** argv) {
        -: 6934:  // We don't want to run the initialization code twice.
       1*: 6935:  if (GTestIsInitialized()) return;
        1: 6935-block  0
call    0 returned 1
branch  1 taken 0 (fallthrough)
branch  2 taken 1
    %%%%%: 6935-block  1
        -: 6936:
       1*: 6937:  if (*argc <= 0) return;
        1: 6937-block  0
branch  0 taken 0 (fallthrough)
branch  1 taken 1
    %%%%%: 6937-block  1
        -: 6938:
        1: 6939:  g_argvs.clear();
        1: 6939-block  0
call    0 returned 1
        3: 6940:  for (int i = 0; i != *argc; i++) {
        3: 6940-block  0
branch  0 taken 2
branch  1 taken 1 (fallthrough)
        2: 6941:    g_argvs.push_back(StreamableToString(argv[i]));
        2: 6941-block  0
call    0 returned 2
branch  1 taken 2 (fallthrough)
branch  2 taken 0 (throw)
        2: 6941-block  1
call    3 returned 2
branch  4 taken 2 (fallthrough)
branch  5 taken 0 (throw)
        2: 6941-block  2
call    6 returned 2
    $$$$$: 6941-block  3
call    7 never executed
        -: 6942:  }
        -: 6943:
        -: 6944:#ifdef GTEST_HAS_ABSL
        -: 6945:  absl::InitializeSymbolizer(g_argvs[0].c_str());
        -: 6946:
        -: 6947:#ifdef GTEST_HAS_ABSL_FLAGS
        -: 6948:  // When using the Abseil Flags library, set the program usage message to the
        -: 6949:  // help message, but remove the color-encoding from the message first.
        -: 6950:  absl::SetProgramUsageMessage(absl::StrReplaceAll(
        -: 6951:      kColorEncodedHelpMessage,
        -: 6952:      {{"@D", ""}, {"@R", ""}, {"@G", ""}, {"@Y", ""}, {"@@", "@"}}));
        -: 6953:#endif  // GTEST_HAS_ABSL_FLAGS
        -: 6954:#endif  // GTEST_HAS_ABSL
        -: 6955:
        1: 6956:  ParseGoogleTestFlagsOnly(argc, argv);
        1: 6956-block  0
call    0 returned 1
        1: 6957:  GetUnitTestImpl()->PostFlagParsingInit();
call    0 returned 1
call    1 returned 1
        -: 6958:}
------------------
        -: 6959:
        -: 6960:}  // namespace internal
        -: 6961:
        -: 6962:// Initializes Google Test.  This must be called before calling
        -: 6963:// RUN_ALL_TESTS().  In particular, it parses a command line for the
        -: 6964:// flags that Google Test recognizes.  Whenever a Google Test flag is
        -: 6965:// seen, it is removed from argv, and *argc is decremented.
        -: 6966://
        -: 6967:// No value is returned.  Instead, the Google Test flag variables are
        -: 6968:// updated.
        -: 6969://
        -: 6970:// Calling the function for the second time has no user-visible effect.
function _ZN7testing14InitGoogleTestEPiPPc called 1 returned 100% blocks executed 100%
        1: 6971:void InitGoogleTest(int* argc, char** argv) {
        -: 6972:#if defined(GTEST_CUSTOM_INIT_GOOGLE_TEST_FUNCTION_)
        -: 6973:  GTEST_CUSTOM_INIT_GOOGLE_TEST_FUNCTION_(argc, argv);
        -: 6974:#else   // defined(GTEST_CUSTOM_INIT_GOOGLE_TEST_FUNCTION_)
        1: 6975:  internal::InitGoogleTestImpl(argc, argv);
        1: 6975-block  0
call    0 returned 1
        -: 6976:#endif  // defined(GTEST_CUSTOM_INIT_GOOGLE_TEST_FUNCTION_)
        1: 6977:}
        -: 6978:
        -: 6979:// This overloaded version can be used in Windows programs compiled in
        -: 6980:// UNICODE mode.
function _ZN7testing14InitGoogleTestEPiPPw called 0 returned 0% blocks executed 0%
    #####: 6981:void InitGoogleTest(int* argc, wchar_t** argv) {
        -: 6982:#if defined(GTEST_CUSTOM_INIT_GOOGLE_TEST_FUNCTION_)
        -: 6983:  GTEST_CUSTOM_INIT_GOOGLE_TEST_FUNCTION_(argc, argv);
        -: 6984:#else   // defined(GTEST_CUSTOM_INIT_GOOGLE_TEST_FUNCTION_)
    #####: 6985:  internal::InitGoogleTestImpl(argc, argv);
    %%%%%: 6985-block  0
call    0 never executed
        -: 6986:#endif  // defined(GTEST_CUSTOM_INIT_GOOGLE_TEST_FUNCTION_)
    #####: 6987:}
        -: 6988:
        -: 6989:// This overloaded version can be used on Arduino/embedded platforms where
        -: 6990:// there is no argc/argv.
function _ZN7testing14InitGoogleTestEv called 0 returned 0% blocks executed 0%
    #####: 6991:void InitGoogleTest() {
        -: 6992:  // Since Arduino doesn't have a command line, fake out the argc/argv arguments
    #####: 6993:  int argc = 1;
    #####: 6994:  const auto arg0 = "dummy";
    #####: 6995:  char* argv0 = const_cast<char*>(arg0);
    #####: 6996:  char** argv = &argv0;
        -: 6997:
        -: 6998:#if defined(GTEST_CUSTOM_INIT_GOOGLE_TEST_FUNCTION_)
        -: 6999:  GTEST_CUSTOM_INIT_GOOGLE_TEST_FUNCTION_(&argc, argv);
        -: 7000:#else   // defined(GTEST_CUSTOM_INIT_GOOGLE_TEST_FUNCTION_)
    #####: 7001:  internal::InitGoogleTestImpl(&argc, argv);
    %%%%%: 7001-block  0
call    0 never executed
branch  1 never executed (fallthrough)
branch  2 never executed (throw)
        -: 7002:#endif  // defined(GTEST_CUSTOM_INIT_GOOGLE_TEST_FUNCTION_)
    #####: 7003:}
    %%%%%: 7003-block  0
        -: 7004:
        -: 7005:#if !defined(GTEST_CUSTOM_TEMPDIR_FUNCTION_) || \
        -: 7006:    !defined(GTEST_CUSTOM_SRCDIR_FUNCTION_)
        -: 7007:// Returns the value of the first environment variable that is set and contains
        -: 7008:// a non-empty string. If there are none, returns the "fallback" string. Adds
        -: 7009:// the director-separator character as a suffix if not provided in the
        -: 7010:// environment variable value.
function _ZN7testingL13GetDirFromEnvESt16initializer_listIPKcES2_c called 0 returned 0% blocks executed 0%
    #####: 7011:static std::string GetDirFromEnv(
        -: 7012:    std::initializer_list<const char*> environment_variables,
        -: 7013:    const char* fallback, char separator) {
    #####: 7014:  for (const char* variable_name : environment_variables) {
    %%%%%: 7014-block  0
call    0 never executed
call    1 never executed
    %%%%%: 7014-block  1
    %%%%%: 7014-block  2
branch  2 never executed
branch  3 never executed (fallthrough)
    #####: 7015:    const char* value = internal::posix::GetEnv(variable_name);
    %%%%%: 7015-block  0
call    0 never executed
    #####: 7016:    if (value != nullptr && value[0] != '\0') {
branch  0 never executed (fallthrough)
branch  1 never executed
    %%%%%: 7016-block  0
branch  2 never executed (fallthrough)
branch  3 never executed
    #####: 7017:      if (value[strlen(value) - 1] != separator) {
    %%%%%: 7017-block  0
branch  0 never executed (fallthrough)
branch  1 never executed
    #####: 7018:        return std::string(value).append(1, separator);
    %%%%%: 7018-block  0
call    0 never executed
branch  1 never executed (fallthrough)
branch  2 never executed (throw)
    %%%%%: 7018-block  1
call    3 never executed
branch  4 never executed (fallthrough)
branch  5 never executed (throw)
    %%%%%: 7018-block  2
call    6 never executed
branch  7 never executed (fallthrough)
branch  8 never executed (throw)
    %%%%%: 7018-block  3
    %%%%%: 7018-block  4
call    9 never executed
    %%%%%: 7018-block  5
    $$$$$: 7018-block  6
call   10 never executed
    $$$$$: 7018-block  7
    $$$$$: 7018-block  8
        -: 7019:      }
    #####: 7020:      return value;
    %%%%%: 7020-block  0
call    0 never executed
branch  1 never executed (fallthrough)
branch  2 never executed (throw)
    %%%%%: 7020-block  1
    $$$$$: 7020-block  2
        -: 7021:    }
        -: 7022:  }
    #####: 7023:  return fallback;
    %%%%%: 7023-block  0
call    0 never executed
branch  1 never executed (fallthrough)
branch  2 never executed (throw)
    %%%%%: 7023-block  1
        -: 7024:}
        -: 7025:#endif
        -: 7026:
function _ZN7testing7TempDirB5cxx11Ev called 0 returned 0% blocks executed 0%
    #####: 7027:std::string TempDir() {
        -: 7028:#if defined(GTEST_CUSTOM_TEMPDIR_FUNCTION_)
        -: 7029:  return GTEST_CUSTOM_TEMPDIR_FUNCTION_();
        -: 7030:#elif defined(GTEST_OS_WINDOWS) || defined(GTEST_OS_WINDOWS_MOBILE)
        -: 7031:  return GetDirFromEnv({"TEST_TMPDIR", "TEMP"}, "\\temp\\", '\\');
        -: 7032:#elif defined(GTEST_OS_LINUX_ANDROID)
        -: 7033:  return GetDirFromEnv({"TEST_TMPDIR", "TMPDIR"}, "/data/local/tmp/", '/');
        -: 7034:#else
    #####: 7035:  return GetDirFromEnv({"TEST_TMPDIR", "TMPDIR"}, "/tmp/", '/');
    %%%%%: 7035-block  0
call    0 never executed
branch  1 never executed (fallthrough)
branch  2 never executed (throw)
    %%%%%: 7035-block  1
    %%%%%: 7035-block  2
        -: 7036:#endif
        -: 7037:}
        -: 7038:
        -: 7039:#if GTEST_HAS_FILE_SYSTEM && !defined(GTEST_CUSTOM_SRCDIR_FUNCTION_)
        -: 7040:// Returns the directory path (including terminating separator) of the current
        -: 7041:// executable as derived from argv[0].
function _ZN7testingL29GetCurrentExecutableDirectoryEv called 0 returned 0% blocks executed 0%
    #####: 7042:static std::string GetCurrentExecutableDirectory() {
    #####: 7043:  internal::FilePath argv_0(internal::GetArgvs()[0]);
    %%%%%: 7043-block  0
call    0 never executed
branch  1 never executed (fallthrough)
branch  2 never executed (throw)
    %%%%%: 7043-block  1
call    3 never executed
call    4 never executed
branch  5 never executed (fallthrough)
branch  6 never executed (throw)
    %%%%%: 7043-block  2
call    7 never executed
branch  8 never executed (fallthrough)
branch  9 never executed (throw)
    %%%%%: 7043-block  3
call   10 never executed
call   11 never executed
    $$$$$: 7043-block  4
call   12 never executed
    $$$$$: 7043-block  5
call   13 never executed
    $$$$$: 7043-block  6
    $$$$$: 7043-block  7
    #####: 7044:  return argv_0.RemoveFileName().string();
call    0 never executed
branch  1 never executed (fallthrough)
branch  2 never executed (throw)
    %%%%%: 7044-block  0
call    3 never executed
call    4 never executed
branch  5 never executed (fallthrough)
branch  6 never executed (throw)
    %%%%%: 7044-block  1
    %%%%%: 7044-block  2
call    7 never executed
    %%%%%: 7044-block  3
    $$$$$: 7044-block  4
call    8 never executed
    $$$$$: 7044-block  5
    #####: 7045:}
call    0 never executed
    $$$$$: 7045-block  0
call    1 never executed
        -: 7046:#endif
        -: 7047:
        -: 7048:#if GTEST_HAS_FILE_SYSTEM
function _ZN7testing6SrcDirB5cxx11Ev called 0 returned 0% blocks executed 0%
    #####: 7049:std::string SrcDir() {
        -: 7050:#if defined(GTEST_CUSTOM_SRCDIR_FUNCTION_)
        -: 7051:  return GTEST_CUSTOM_SRCDIR_FUNCTION_();
        -: 7052:#elif defined(GTEST_OS_WINDOWS) || defined(GTEST_OS_WINDOWS_MOBILE)
        -: 7053:  return GetDirFromEnv({"TEST_SRCDIR"}, GetCurrentExecutableDirectory().c_str(),
        -: 7054:                       '\\');
        -: 7055:#elif defined(GTEST_OS_LINUX_ANDROID)
        -: 7056:  return GetDirFromEnv({"TEST_SRCDIR"}, GetCurrentExecutableDirectory().c_str(),
        -: 7057:                       '/');
        -: 7058:#else
    #####: 7059:  return GetDirFromEnv({"TEST_SRCDIR"}, GetCurrentExecutableDirectory().c_str(),
    %%%%%: 7059-block  0
call    0 never executed
branch  1 never executed (fallthrough)
branch  2 never executed (throw)
    $$$$$: 7059-block  1
call    3 never executed
    #####: 7060:                       '/');
    %%%%%: 7060-block  0
call    0 never executed
call    1 never executed
branch  2 never executed (fallthrough)
branch  3 never executed (throw)
    %%%%%: 7060-block  1
call    4 never executed
    %%%%%: 7060-block  2
    $$$$$: 7060-block  3
        -: 7061:#endif
        -: 7062:}
        -: 7063:#endif
        -: 7064:
        -: 7065:// Class ScopedTrace
        -: 7066:
        -: 7067:// Pushes the given source file location and message onto a per-thread
        -: 7068:// trace stack maintained by Google Test.
function _ZN7testing11ScopedTrace9PushTraceEPKciNSt7__cxx1112basic_stringIcSt11char_traitsIcESaIcEEE called 0 returned 0% blocks executed 0%
    #####: 7069:void ScopedTrace::PushTrace(const char* file, int line, std::string message) {
    #####: 7070:  internal::TraceInfo trace;
    %%%%%: 7070-block  0
call    0 never executed
    #####: 7071:  trace.file = file;
    #####: 7072:  trace.line = line;
    #####: 7073:  trace.message.swap(message);
call    0 never executed
        -: 7074:
    #####: 7075:  UnitTest::GetInstance()->PushGTestTrace(trace);
call    0 never executed
branch  1 never executed (fallthrough)
branch  2 never executed (throw)
    %%%%%: 7075-block  0
call    3 never executed
branch  4 never executed (fallthrough)
branch  5 never executed (throw)
    #####: 7076:}
    %%%%%: 7076-block  0
call    0 never executed
    $$$$$: 7076-block  1
call    1 never executed
        -: 7077:
        -: 7078:// Pops the info pushed by the c'tor.
function _ZN7testing11ScopedTraceD2Ev called 0 returned 0% blocks executed 0%
    #####: 7079:ScopedTrace::~ScopedTrace() GTEST_LOCK_EXCLUDED_(&UnitTest::mutex_) {
    #####: 7080:  UnitTest::GetInstance()->PopGTestTrace();
    %%%%%: 7080-block  0
call    0 never executed
call    1 never executed
    #####: 7081:}
        -: 7082:
        -: 7083:}  // namespace testing
